{"C:\\CODE\\RawCut\\app\\_layout.tsx": {"path":"C:\\CODE\\RawCut\\app\\_layout.tsx","statementMap":{"0":{"start":{"line":32,"column":0},"end":{"line":32,"column":36}},"1":{"start":{"line":34,"column":32},"end":{"line":34,"column":37}},"2":{"start":{"line":36,"column":29},"end":{"line":39,"column":2}},"3":{"start":{"line":41,"column":31},"end":{"line":45,"column":10}},"4":{"start":{"line":48,"column":4},"end":{"line":48,"column":77}},"5":{"start":{"line":48,"column":48},"end":{"line":48,"column":75}},"6":{"start":{"line":51,"column":25},"end":{"line":57,"column":1}},"7":{"start":{"line":66,"column":20},"end":{"line":68,"column":6}},"8":{"start":{"line":67,"column":8},"end":{"line":67,"column":69}},"9":{"start":{"line":67,"column":37},"end":{"line":67,"column":63}},"10":{"start":{"line":70,"column":4},"end":{"line":72,"column":6}},"11":{"start":{"line":71,"column":8},"end":{"line":71,"column":31}},"12":{"start":{"line":76,"column":4},"end":{"line":76,"column":69}},"13":{"start":{"line":80,"column":4},"end":{"line":80,"column":46}},"14":{"start":{"line":80,"column":33},"end":{"line":80,"column":46}},"15":{"start":{"line":81,"column":16},"end":{"line":81,"column":41}},"16":{"start":{"line":82,"column":4},"end":{"line":89,"column":6}},"17":{"start":{"line":93,"column":4},"end":{"line":103,"column":5}},"18":{"start":{"line":94,"column":8},"end":{"line":98,"column":10}},"19":{"start":{"line":99,"column":8},"end":{"line":99,"column":21}},"20":{"start":{"line":101,"column":8},"end":{"line":101,"column":76}},"21":{"start":{"line":102,"column":8},"end":{"line":102,"column":58}},"22":{"start":{"line":107,"column":21},"end":{"line":107,"column":34}},"23":{"start":{"line":108,"column":19},"end":{"line":108,"column":30}},"24":{"start":{"line":112,"column":34},"end":{"line":112,"column":49}},"25":{"start":{"line":113,"column":38},"end":{"line":113,"column":67}},"26":{"start":{"line":114,"column":38},"end":{"line":114,"column":53}},"27":{"start":{"line":119,"column":23},"end":{"line":119,"column":35}},"28":{"start":{"line":123,"column":17},"end":{"line":123,"column":44}},"29":{"start":{"line":123,"column":37},"end":{"line":123,"column":43}},"30":{"start":{"line":125,"column":37},"end":{"line":131,"column":6}},"31":{"start":{"line":136,"column":4},"end":{"line":284,"column":11}},"32":{"start":{"line":137,"column":8},"end":{"line":137,"column":34}},"33":{"start":{"line":138,"column":8},"end":{"line":138,"column":63}},"34":{"start":{"line":144,"column":12},"end":{"line":166,"column":9}},"35":{"start":{"line":146,"column":16},"end":{"line":146,"column":48}},"36":{"start":{"line":146,"column":41},"end":{"line":146,"column":48}},"37":{"start":{"line":148,"column":16},"end":{"line":151,"column":19}},"38":{"start":{"line":153,"column":16},"end":{"line":153,"column":60}},"39":{"start":{"line":155,"column":16},"end":{"line":164,"column":17}},"40":{"start":{"line":156,"column":20},"end":{"line":163,"column":21}},"41":{"start":{"line":157,"column":24},"end":{"line":157,"column":69}},"42":{"start":{"line":159,"column":24},"end":{"line":162,"column":26}},"43":{"start":{"line":171,"column":35},"end":{"line":186,"column":9}},"44":{"start":{"line":174,"column":12},"end":{"line":185,"column":13}},"45":{"start":{"line":178,"column":16},"end":{"line":180,"column":18}},"46":{"start":{"line":181,"column":16},"end":{"line":181,"column":57}},"47":{"start":{"line":183,"column":16},"end":{"line":183,"column":68}},"48":{"start":{"line":184,"column":16},"end":{"line":184,"column":78}},"49":{"start":{"line":188,"column":28},"end":{"line":243,"column":9}},"50":{"start":{"line":189,"column":12},"end":{"line":189,"column":62}},"51":{"start":{"line":191,"column":12},"end":{"line":242,"column":13}},"52":{"start":{"line":195,"column":20},"end":{"line":199,"column":17}},"53":{"start":{"line":201,"column":16},"end":{"line":201,"column":48}},"54":{"start":{"line":201,"column":41},"end":{"line":201,"column":48}},"55":{"start":{"line":203,"column":16},"end":{"line":206,"column":17}},"56":{"start":{"line":204,"column":20},"end":{"line":204,"column":46}},"57":{"start":{"line":205,"column":20},"end":{"line":205,"column":27}},"58":{"start":{"line":208,"column":16},"end":{"line":210,"column":19}},"59":{"start":{"line":211,"column":16},"end":{"line":211,"column":60}},"60":{"start":{"line":213,"column":16},"end":{"line":218,"column":17}},"61":{"start":{"line":214,"column":42},"end":{"line":214,"column":68}},"62":{"start":{"line":215,"column":20},"end":{"line":217,"column":21}},"63":{"start":{"line":216,"column":24},"end":{"line":216,"column":43}},"64":{"start":{"line":220,"column":16},"end":{"line":220,"column":48}},"65":{"start":{"line":220,"column":41},"end":{"line":220,"column":48}},"66":{"start":{"line":222,"column":16},"end":{"line":234,"column":17}},"67":{"start":{"line":225,"column":20},"end":{"line":227,"column":22}},"68":{"start":{"line":228,"column":20},"end":{"line":228,"column":39}},"69":{"start":{"line":230,"column":20},"end":{"line":230,"column":74}},"70":{"start":{"line":231,"column":20},"end":{"line":233,"column":22}},"71":{"start":{"line":236,"column":16},"end":{"line":241,"column":17}},"72":{"start":{"line":237,"column":20},"end":{"line":239,"column":22}},"73":{"start":{"line":240,"column":20},"end":{"line":240,"column":37}},"74":{"start":{"line":245,"column":8},"end":{"line":245,"column":22}},"75":{"start":{"line":248,"column":31},"end":{"line":267,"column":9}},"76":{"start":{"line":249,"column":12},"end":{"line":249,"column":29}},"77":{"start":{"line":249,"column":22},"end":{"line":249,"column":29}},"78":{"start":{"line":250,"column":12},"end":{"line":250,"column":65}},"79":{"start":{"line":252,"column":36},"end":{"line":252,"column":54}},"80":{"start":{"line":254,"column":12},"end":{"line":266,"column":13}},"81":{"start":{"line":255,"column":40},"end":{"line":258,"column":18}},"82":{"start":{"line":260,"column":16},"end":{"line":262,"column":17}},"83":{"start":{"line":261,"column":20},"end":{"line":261,"column":66}},"84":{"start":{"line":263,"column":16},"end":{"line":265,"column":17}},"85":{"start":{"line":264,"column":20},"end":{"line":264,"column":69}},"86":{"start":{"line":269,"column":28},"end":{"line":271,"column":10}},"87":{"start":{"line":270,"column":12},"end":{"line":270,"column":38}},"88":{"start":{"line":273,"column":8},"end":{"line":277,"column":15}},"89":{"start":{"line":276,"column":16},"end":{"line":276,"column":72}},"90":{"start":{"line":279,"column":8},"end":{"line":283,"column":10}},"91":{"start":{"line":280,"column":12},"end":{"line":280,"column":39}},"92":{"start":{"line":281,"column":12},"end":{"line":281,"column":39}},"93":{"start":{"line":282,"column":12},"end":{"line":282,"column":33}},"94":{"start":{"line":290,"column":4},"end":{"line":295,"column":33}},"95":{"start":{"line":291,"column":8},"end":{"line":294,"column":9}},"96":{"start":{"line":292,"column":12},"end":{"line":292,"column":75}},"97":{"start":{"line":293,"column":12},"end":{"line":293,"column":37}},"98":{"start":{"line":303,"column":4},"end":{"line":325,"column":34}},"99":{"start":{"line":304,"column":8},"end":{"line":306,"column":9}},"100":{"start":{"line":305,"column":12},"end":{"line":305,"column":19}},"101":{"start":{"line":308,"column":8},"end":{"line":311,"column":11}},"102":{"start":{"line":313,"column":28},"end":{"line":313,"column":39}},"103":{"start":{"line":314,"column":28},"end":{"line":314,"column":52}},"104":{"start":{"line":316,"column":12},"end":{"line":316,"column":65}},"105":{"start":{"line":318,"column":8},"end":{"line":324,"column":9}},"106":{"start":{"line":319,"column":12},"end":{"line":319,"column":65}},"107":{"start":{"line":320,"column":12},"end":{"line":320,"column":37}},"108":{"start":{"line":321,"column":15},"end":{"line":324,"column":9}},"109":{"start":{"line":322,"column":12},"end":{"line":322,"column":64}},"110":{"start":{"line":323,"column":12},"end":{"line":323,"column":38}},"111":{"start":{"line":329,"column":28},"end":{"line":361,"column":10}},"112":{"start":{"line":330,"column":8},"end":{"line":330,"column":27}},"113":{"start":{"line":331,"column":8},"end":{"line":331,"column":28}},"114":{"start":{"line":332,"column":8},"end":{"line":332,"column":26}},"115":{"start":{"line":334,"column":8},"end":{"line":360,"column":15}},"116":{"start":{"line":340,"column":16},"end":{"line":340,"column":48}},"117":{"start":{"line":340,"column":41},"end":{"line":340,"column":48}},"118":{"start":{"line":342,"column":16},"end":{"line":346,"column":17}},"119":{"start":{"line":343,"column":20},"end":{"line":343,"column":48}},"120":{"start":{"line":345,"column":20},"end":{"line":345,"column":64}},"121":{"start":{"line":347,"column":16},"end":{"line":347,"column":33}},"122":{"start":{"line":350,"column":16},"end":{"line":350,"column":48}},"123":{"start":{"line":350,"column":41},"end":{"line":350,"column":48}},"124":{"start":{"line":351,"column":16},"end":{"line":358,"column":17}},"125":{"start":{"line":352,"column":20},"end":{"line":352,"column":105}},"126":{"start":{"line":353,"column":20},"end":{"line":353,"column":39}},"127":{"start":{"line":355,"column":20},"end":{"line":357,"column":22}},"128":{"start":{"line":359,"column":16},"end":{"line":359,"column":33}},"129":{"start":{"line":366,"column":4},"end":{"line":368,"column":5}},"130":{"start":{"line":367,"column":8},"end":{"line":367,"column":20}},"131":{"start":{"line":383,"column":21},"end":{"line":383,"column":42}},"132":{"start":{"line":384,"column":30},"end":{"line":384,"column":39}},"133":{"start":{"line":386,"column":4},"end":{"line":476,"column":6}},"134":{"start":{"line":479,"column":15},"end":{"line":557,"column":2}}},"fnMap":{"0":{"name":"isInvalidTokenError","decl":{"start":{"line":47,"column":9},"end":{"line":47,"column":28}},"loc":{"start":{"line":47,"column":66},"end":{"line":49,"column":1}},"line":47},"1":{"name":"(anonymous_1)","decl":{"start":{"line":48,"column":39},"end":{"line":48,"column":40}},"loc":{"start":{"line":48,"column":48},"end":{"line":48,"column":75}},"line":48},"2":{"name":"withTimeout","decl":{"start":{"line":59,"column":9},"end":{"line":59,"column":20}},"loc":{"start":{"line":63,"column":14},"end":{"line":73,"column":1}},"line":63},"3":{"name":"(anonymous_3)","decl":{"start":{"line":66,"column":39},"end":{"line":66,"column":40}},"loc":{"start":{"line":66,"column":61},"end":{"line":68,"column":5}},"line":66},"4":{"name":"(anonymous_4)","decl":{"start":{"line":67,"column":31},"end":{"line":67,"column":32}},"loc":{"start":{"line":67,"column":37},"end":{"line":67,"column":63}},"line":67},"5":{"name":"(anonymous_5)","decl":{"start":{"line":70,"column":52},"end":{"line":70,"column":53}},"loc":{"start":{"line":71,"column":8},"end":{"line":71,"column":31}},"line":71},"6":{"name":"isTimeoutError","decl":{"start":{"line":75,"column":9},"end":{"line":75,"column":23}},"loc":{"start":{"line":75,"column":47},"end":{"line":77,"column":1}},"line":75},"7":{"name":"isNetworkError","decl":{"start":{"line":79,"column":9},"end":{"line":79,"column":23}},"loc":{"start":{"line":79,"column":47},"end":{"line":90,"column":1}},"line":79},"8":{"name":"fetchProfileSafely","decl":{"start":{"line":92,"column":15},"end":{"line":92,"column":33}},"loc":{"start":{"line":92,"column":54},"end":{"line":104,"column":1}},"line":92},"9":{"name":"RootLayout","decl":{"start":{"line":106,"column":24},"end":{"line":106,"column":34}},"loc":{"start":{"line":106,"column":37},"end":{"line":477,"column":1}},"line":106},"10":{"name":"(anonymous_10)","decl":{"start":{"line":123,"column":30},"end":{"line":123,"column":31}},"loc":{"start":{"line":123,"column":37},"end":{"line":123,"column":43}},"line":123},"11":{"name":"(anonymous_11)","decl":{"start":{"line":136,"column":14},"end":{"line":136,"column":15}},"loc":{"start":{"line":136,"column":20},"end":{"line":284,"column":5}},"line":136},"12":{"name":"(anonymous_12)","decl":{"start":{"line":145,"column":12},"end":{"line":145,"column":13}},"loc":{"start":{"line":145,"column":71},"end":{"line":165,"column":13}},"line":145},"13":{"name":"(anonymous_13)","decl":{"start":{"line":171,"column":35},"end":{"line":171,"column":36}},"loc":{"start":{"line":173,"column":19},"end":{"line":186,"column":9}},"line":173},"14":{"name":"(anonymous_14)","decl":{"start":{"line":188,"column":28},"end":{"line":188,"column":29}},"loc":{"start":{"line":188,"column":55},"end":{"line":243,"column":9}},"line":188},"15":{"name":"(anonymous_15)","decl":{"start":{"line":248,"column":31},"end":{"line":248,"column":32}},"loc":{"start":{"line":248,"column":76},"end":{"line":267,"column":9}},"line":248},"16":{"name":"(anonymous_16)","decl":{"start":{"line":269,"column":60},"end":{"line":269,"column":61}},"loc":{"start":{"line":269,"column":71},"end":{"line":271,"column":9}},"line":269},"17":{"name":"(anonymous_17)","decl":{"start":{"line":275,"column":19},"end":{"line":275,"column":20}},"loc":{"start":{"line":275,"column":28},"end":{"line":277,"column":13}},"line":275},"18":{"name":"(anonymous_18)","decl":{"start":{"line":279,"column":15},"end":{"line":279,"column":16}},"loc":{"start":{"line":279,"column":21},"end":{"line":283,"column":9}},"line":279},"19":{"name":"(anonymous_19)","decl":{"start":{"line":290,"column":14},"end":{"line":290,"column":15}},"loc":{"start":{"line":290,"column":20},"end":{"line":295,"column":5}},"line":290},"20":{"name":"(anonymous_20)","decl":{"start":{"line":303,"column":14},"end":{"line":303,"column":15}},"loc":{"start":{"line":303,"column":20},"end":{"line":325,"column":5}},"line":303},"21":{"name":"(anonymous_21)","decl":{"start":{"line":329,"column":40},"end":{"line":329,"column":41}},"loc":{"start":{"line":329,"column":46},"end":{"line":361,"column":5}},"line":329},"22":{"name":"(anonymous_22)","decl":{"start":{"line":339,"column":18},"end":{"line":339,"column":19}},"loc":{"start":{"line":339,"column":52},"end":{"line":348,"column":13}},"line":339},"23":{"name":"(anonymous_23)","decl":{"start":{"line":349,"column":19},"end":{"line":349,"column":20}},"loc":{"start":{"line":349,"column":28},"end":{"line":360,"column":13}},"line":349}},"branchMap":{"0":{"loc":{"start":{"line":76,"column":11},"end":{"line":76,"column":68}},"type":"binary-expr","locations":[{"start":{"line":76,"column":11},"end":{"line":76,"column":31}},{"start":{"line":76,"column":35},"end":{"line":76,"column":68}}],"line":76},"1":{"loc":{"start":{"line":80,"column":4},"end":{"line":80,"column":46}},"type":"if","locations":[{"start":{"line":80,"column":4},"end":{"line":80,"column":46}},{"start":{},"end":{}}],"line":80},"2":{"loc":{"start":{"line":83,"column":8},"end":{"line":88,"column":36}},"type":"binary-expr","locations":[{"start":{"line":83,"column":8},"end":{"line":83,"column":46}},{"start":{"line":84,"column":8},"end":{"line":84,"column":37}},{"start":{"line":85,"column":8},"end":{"line":85,"column":39}},{"start":{"line":86,"column":8},"end":{"line":86,"column":41}},{"start":{"line":87,"column":8},"end":{"line":87,"column":33}},{"start":{"line":88,"column":8},"end":{"line":88,"column":36}}],"line":83},"3":{"loc":{"start":{"line":102,"column":15},"end":{"line":102,"column":57}},"type":"binary-expr","locations":[{"start":{"line":102,"column":15},"end":{"line":102,"column":34}},{"start":{"line":102,"column":38},"end":{"line":102,"column":57}}],"line":102},"4":{"loc":{"start":{"line":146,"column":16},"end":{"line":146,"column":48}},"type":"if","locations":[{"start":{"line":146,"column":16},"end":{"line":146,"column":48}},{"start":{},"end":{}}],"line":146},"5":{"loc":{"start":{"line":155,"column":16},"end":{"line":164,"column":17}},"type":"if","locations":[{"start":{"line":155,"column":16},"end":{"line":164,"column":17}},{"start":{},"end":{}}],"line":155},"6":{"loc":{"start":{"line":155,"column":20},"end":{"line":155,"column":68}},"type":"binary-expr","locations":[{"start":{"line":155,"column":20},"end":{"line":155,"column":51}},{"start":{"line":155,"column":55},"end":{"line":155,"column":68}}],"line":155},"7":{"loc":{"start":{"line":174,"column":12},"end":{"line":185,"column":13}},"type":"if","locations":[{"start":{"line":174,"column":12},"end":{"line":185,"column":13}},{"start":{"line":182,"column":19},"end":{"line":185,"column":13}}],"line":174},"8":{"loc":{"start":{"line":184,"column":29},"end":{"line":184,"column":76}},"type":"binary-expr","locations":[{"start":{"line":184,"column":29},"end":{"line":184,"column":42}},{"start":{"line":184,"column":46},"end":{"line":184,"column":76}}],"line":184},"9":{"loc":{"start":{"line":201,"column":16},"end":{"line":201,"column":48}},"type":"if","locations":[{"start":{"line":201,"column":16},"end":{"line":201,"column":48}},{"start":{},"end":{}}],"line":201},"10":{"loc":{"start":{"line":203,"column":16},"end":{"line":206,"column":17}},"type":"if","locations":[{"start":{"line":203,"column":16},"end":{"line":206,"column":17}},{"start":{},"end":{}}],"line":203},"11":{"loc":{"start":{"line":213,"column":16},"end":{"line":218,"column":17}},"type":"if","locations":[{"start":{"line":213,"column":16},"end":{"line":218,"column":17}},{"start":{},"end":{}}],"line":213},"12":{"loc":{"start":{"line":215,"column":20},"end":{"line":217,"column":21}},"type":"if","locations":[{"start":{"line":215,"column":20},"end":{"line":217,"column":21}},{"start":{},"end":{}}],"line":215},"13":{"loc":{"start":{"line":215,"column":24},"end":{"line":215,"column":59}},"type":"binary-expr","locations":[{"start":{"line":215,"column":24},"end":{"line":215,"column":37}},{"start":{"line":215,"column":41},"end":{"line":215,"column":59}}],"line":215},"14":{"loc":{"start":{"line":220,"column":16},"end":{"line":220,"column":48}},"type":"if","locations":[{"start":{"line":220,"column":16},"end":{"line":220,"column":48}},{"start":{},"end":{}}],"line":220},"15":{"loc":{"start":{"line":222,"column":16},"end":{"line":234,"column":17}},"type":"if","locations":[{"start":{"line":222,"column":16},"end":{"line":234,"column":17}},{"start":{"line":229,"column":23},"end":{"line":234,"column":17}}],"line":222},"16":{"loc":{"start":{"line":222,"column":20},"end":{"line":222,"column":62}},"type":"binary-expr","locations":[{"start":{"line":222,"column":20},"end":{"line":222,"column":39}},{"start":{"line":222,"column":43},"end":{"line":222,"column":62}}],"line":222},"17":{"loc":{"start":{"line":232,"column":24},"end":{"line":232,"column":76}},"type":"cond-expr","locations":[{"start":{"line":232,"column":47},"end":{"line":232,"column":58}},{"start":{"line":232,"column":61},"end":{"line":232,"column":76}}],"line":232},"18":{"loc":{"start":{"line":236,"column":16},"end":{"line":241,"column":17}},"type":"if","locations":[{"start":{"line":236,"column":16},"end":{"line":241,"column":17}},{"start":{},"end":{}}],"line":236},"19":{"loc":{"start":{"line":249,"column":12},"end":{"line":249,"column":29}},"type":"if","locations":[{"start":{"line":249,"column":12},"end":{"line":249,"column":29}},{"start":{},"end":{}}],"line":249},"20":{"loc":{"start":{"line":254,"column":12},"end":{"line":266,"column":13}},"type":"if","locations":[{"start":{"line":254,"column":12},"end":{"line":266,"column":13}},{"start":{},"end":{}}],"line":254},"21":{"loc":{"start":{"line":254,"column":16},"end":{"line":254,"column":71}},"type":"binary-expr","locations":[{"start":{"line":254,"column":16},"end":{"line":254,"column":41}},{"start":{"line":254,"column":45},"end":{"line":254,"column":71}}],"line":254},"22":{"loc":{"start":{"line":260,"column":16},"end":{"line":262,"column":17}},"type":"if","locations":[{"start":{"line":260,"column":16},"end":{"line":262,"column":17}},{"start":{},"end":{}}],"line":260},"23":{"loc":{"start":{"line":263,"column":16},"end":{"line":265,"column":17}},"type":"if","locations":[{"start":{"line":263,"column":16},"end":{"line":265,"column":17}},{"start":{},"end":{}}],"line":263},"24":{"loc":{"start":{"line":263,"column":20},"end":{"line":263,"column":54}},"type":"binary-expr","locations":[{"start":{"line":263,"column":20},"end":{"line":263,"column":32}},{"start":{"line":263,"column":36},"end":{"line":263,"column":54}}],"line":263},"25":{"loc":{"start":{"line":291,"column":8},"end":{"line":294,"column":9}},"type":"if","locations":[{"start":{"line":291,"column":8},"end":{"line":294,"column":9}},{"start":{},"end":{}}],"line":291},"26":{"loc":{"start":{"line":291,"column":12},"end":{"line":291,"column":36}},"type":"binary-expr","locations":[{"start":{"line":291,"column":12},"end":{"line":291,"column":23}},{"start":{"line":291,"column":27},"end":{"line":291,"column":36}}],"line":291},"27":{"loc":{"start":{"line":304,"column":8},"end":{"line":306,"column":9}},"type":"if","locations":[{"start":{"line":304,"column":8},"end":{"line":306,"column":9}},{"start":{},"end":{}}],"line":304},"28":{"loc":{"start":{"line":316,"column":12},"end":{"line":316,"column":65}},"type":"binary-expr","locations":[{"start":{"line":316,"column":12},"end":{"line":316,"column":35}},{"start":{"line":316,"column":39},"end":{"line":316,"column":65}}],"line":316},"29":{"loc":{"start":{"line":318,"column":8},"end":{"line":324,"column":9}},"type":"if","locations":[{"start":{"line":318,"column":8},"end":{"line":324,"column":9}},{"start":{"line":321,"column":15},"end":{"line":324,"column":9}}],"line":318},"30":{"loc":{"start":{"line":318,"column":12},"end":{"line":318,"column":32}},"type":"binary-expr","locations":[{"start":{"line":318,"column":12},"end":{"line":318,"column":17}},{"start":{"line":318,"column":21},"end":{"line":318,"column":32}}],"line":318},"31":{"loc":{"start":{"line":321,"column":15},"end":{"line":324,"column":9}},"type":"if","locations":[{"start":{"line":321,"column":15},"end":{"line":324,"column":9}},{"start":{},"end":{}}],"line":321},"32":{"loc":{"start":{"line":321,"column":19},"end":{"line":321,"column":71}},"type":"binary-expr","locations":[{"start":{"line":321,"column":19},"end":{"line":321,"column":23}},{"start":{"line":321,"column":28},"end":{"line":321,"column":41}},{"start":{"line":321,"column":45},"end":{"line":321,"column":70}}],"line":321},"33":{"loc":{"start":{"line":340,"column":16},"end":{"line":340,"column":48}},"type":"if","locations":[{"start":{"line":340,"column":16},"end":{"line":340,"column":48}},{"start":{},"end":{}}],"line":340},"34":{"loc":{"start":{"line":342,"column":16},"end":{"line":346,"column":17}},"type":"if","locations":[{"start":{"line":342,"column":16},"end":{"line":346,"column":17}},{"start":{"line":344,"column":23},"end":{"line":346,"column":17}}],"line":342},"35":{"loc":{"start":{"line":350,"column":16},"end":{"line":350,"column":48}},"type":"if","locations":[{"start":{"line":350,"column":16},"end":{"line":350,"column":48}},{"start":{},"end":{}}],"line":350},"36":{"loc":{"start":{"line":351,"column":16},"end":{"line":358,"column":17}},"type":"if","locations":[{"start":{"line":351,"column":16},"end":{"line":358,"column":17}},{"start":{"line":354,"column":23},"end":{"line":358,"column":17}}],"line":351},"37":{"loc":{"start":{"line":351,"column":20},"end":{"line":351,"column":62}},"type":"binary-expr","locations":[{"start":{"line":351,"column":20},"end":{"line":351,"column":39}},{"start":{"line":351,"column":43},"end":{"line":351,"column":62}}],"line":351},"38":{"loc":{"start":{"line":356,"column":24},"end":{"line":356,"column":75}},"type":"cond-expr","locations":[{"start":{"line":356,"column":47},"end":{"line":356,"column":58}},{"start":{"line":356,"column":61},"end":{"line":356,"column":75}}],"line":356},"39":{"loc":{"start":{"line":366,"column":4},"end":{"line":368,"column":5}},"type":"if","locations":[{"start":{"line":366,"column":4},"end":{"line":368,"column":5}},{"start":{},"end":{}}],"line":366},"40":{"loc":{"start":{"line":366,"column":8},"end":{"line":366,"column":34}},"type":"binary-expr","locations":[{"start":{"line":366,"column":8},"end":{"line":366,"column":20}},{"start":{"line":366,"column":24},"end":{"line":366,"column":34}}],"line":366},"41":{"loc":{"start":{"line":383,"column":21},"end":{"line":383,"column":42}},"type":"binary-expr","locations":[{"start":{"line":383,"column":21},"end":{"line":383,"column":28}},{"start":{"line":383,"column":32},"end":{"line":383,"column":42}}],"line":383},"42":{"loc":{"start":{"line":391,"column":25},"end":{"line":391,"column":56}},"type":"binary-expr","locations":[{"start":{"line":391,"column":25},"end":{"line":391,"column":33}},{"start":{"line":391,"column":37},"end":{"line":391,"column":56}}],"line":391},"43":{"loc":{"start":{"line":414,"column":25},"end":{"line":420,"column":25}},"type":"binary-expr","locations":[{"start":{"line":414,"column":25},"end":{"line":414,"column":42}},{"start":{"line":415,"column":28},"end":{"line":419,"column":35}}],"line":414},"44":{"loc":{"start":{"line":423,"column":25},"end":{"line":439,"column":25}},"type":"binary-expr","locations":[{"start":{"line":423,"column":25},"end":{"line":423,"column":33}},{"start":{"line":424,"column":28},"end":{"line":438,"column":35}}],"line":423},"45":{"loc":{"start":{"line":442,"column":25},"end":{"line":470,"column":25}},"type":"binary-expr","locations":[{"start":{"line":442,"column":25},"end":{"line":442,"column":34}},{"start":{"line":443,"column":28},"end":{"line":469,"column":35}}],"line":442}},"s":{"0":0,"1":0,"2":0,"3":0,"4":0,"5":0,"6":0,"7":0,"8":0,"9":0,"10":0,"11":0,"12":0,"13":0,"14":0,"15":0,"16":0,"17":0,"18":0,"19":0,"20":0,"21":0,"22":0,"23":0,"24":0,"25":0,"26":0,"27":0,"28":0,"29":0,"30":0,"31":0,"32":0,"33":0,"34":0,"35":0,"36":0,"37":0,"38":0,"39":0,"40":0,"41":0,"42":0,"43":0,"44":0,"45":0,"46":0,"47":0,"48":0,"49":0,"50":0,"51":0,"52":0,"53":0,"54":0,"55":0,"56":0,"57":0,"58":0,"59":0,"60":0,"61":0,"62":0,"63":0,"64":0,"65":0,"66":0,"67":0,"68":0,"69":0,"70":0,"71":0,"72":0,"73":0,"74":0,"75":0,"76":0,"77":0,"78":0,"79":0,"80":0,"81":0,"82":0,"83":0,"84":0,"85":0,"86":0,"87":0,"88":0,"89":0,"90":0,"91":0,"92":0,"93":0,"94":0,"95":0,"96":0,"97":0,"98":0,"99":0,"100":0,"101":0,"102":0,"103":0,"104":0,"105":0,"106":0,"107":0,"108":0,"109":0,"110":0,"111":0,"112":0,"113":0,"114":0,"115":0,"116":0,"117":0,"118":0,"119":0,"120":0,"121":0,"122":0,"123":0,"124":0,"125":0,"126":0,"127":0,"128":0,"129":0,"130":0,"131":0,"132":0,"133":0,"134":0},"f":{"0":0,"1":0,"2":0,"3":0,"4":0,"5":0,"6":0,"7":0,"8":0,"9":0,"10":0,"11":0,"12":0,"13":0,"14":0,"15":0,"16":0,"17":0,"18":0,"19":0,"20":0,"21":0,"22":0,"23":0},"b":{"0":[0,0],"1":[0,0],"2":[0,0,0,0,0,0],"3":[0,0],"4":[0,0],"5":[0,0],"6":[0,0],"7":[0,0],"8":[0,0],"9":[0,0],"10":[0,0],"11":[0,0],"12":[0,0],"13":[0,0],"14":[0,0],"15":[0,0],"16":[0,0],"17":[0,0],"18":[0,0],"19":[0,0],"20":[0,0],"21":[0,0],"22":[0,0],"23":[0,0],"24":[0,0],"25":[0,0],"26":[0,0],"27":[0,0],"28":[0,0],"29":[0,0],"30":[0,0],"31":[0,0],"32":[0,0,0],"33":[0,0],"34":[0,0],"35":[0,0],"36":[0,0],"37":[0,0],"38":[0,0],"39":[0,0],"40":[0,0],"41":[0,0],"42":[0,0],"43":[0,0],"44":[0,0],"45":[0,0]}}
,"C:\\CODE\\RawCut\\app\\help.tsx": {"path":"C:\\CODE\\RawCut\\app\\help.tsx","statementMap":{"0":{"start":{"line":22,"column":0},"end":{"line":26,"column":1}},"1":{"start":{"line":23,"column":4},"end":{"line":25,"column":5}},"2":{"start":{"line":24,"column":8},"end":{"line":24,"column":62}},"3":{"start":{"line":34,"column":16},"end":{"line":70,"column":1}},"4":{"start":{"line":34,"column":39},"end":{"line":70,"column":1}},"5":{"start":{"line":73,"column":18},"end":{"line":73,"column":34}},"6":{"start":{"line":74,"column":19},"end":{"line":74,"column":30}},"7":{"start":{"line":75,"column":42},"end":{"line":75,"column":54}},"8":{"start":{"line":76,"column":40},"end":{"line":76,"column":69}},"9":{"start":{"line":78,"column":17},"end":{"line":78,"column":47}},"10":{"start":{"line":78,"column":31},"end":{"line":78,"column":41}},"11":{"start":{"line":80,"column":25},"end":{"line":88,"column":27}},"12":{"start":{"line":81,"column":8},"end":{"line":81,"column":45}},"13":{"start":{"line":81,"column":33},"end":{"line":81,"column":45}},"14":{"start":{"line":82,"column":27},"end":{"line":82,"column":52}},"15":{"start":{"line":83,"column":8},"end":{"line":87,"column":10}},"16":{"start":{"line":85,"column":16},"end":{"line":86,"column":61}},"17":{"start":{"line":90,"column":31},"end":{"line":106,"column":5}},"18":{"start":{"line":91,"column":8},"end":{"line":104,"column":11}},"19":{"start":{"line":105,"column":8},"end":{"line":105,"column":59}},"20":{"start":{"line":105,"column":33},"end":{"line":105,"column":56}},"21":{"start":{"line":108,"column":33},"end":{"line":121,"column":5}},"22":{"start":{"line":109,"column":29},"end":{"line":109,"column":57}},"23":{"start":{"line":110,"column":24},"end":{"line":110,"column":49}},"24":{"start":{"line":111,"column":21},"end":{"line":111,"column":43}},"25":{"start":{"line":112,"column":26},"end":{"line":112,"column":122}},"26":{"start":{"line":114,"column":8},"end":{"line":120,"column":11}},"27":{"start":{"line":115,"column":12},"end":{"line":119,"column":13}},"28":{"start":{"line":116,"column":16},"end":{"line":116,"column":43}},"29":{"start":{"line":118,"column":16},"end":{"line":118,"column":67}},"30":{"start":{"line":123,"column":4},"end":{"line":200,"column":6}},"31":{"start":{"line":126,"column":49},"end":{"line":126,"column":62}},"32":{"start":{"line":161,"column":47},"end":{"line":161,"column":68}},"33":{"start":{"line":162,"column":28},"end":{"line":185,"column":30}},"34":{"start":{"line":166,"column":55},"end":{"line":166,"column":81}},"35":{"start":{"line":203,"column":15},"end":{"line":337,"column":2}}},"fnMap":{"0":{"name":"(anonymous_0)","decl":{"start":{"line":34,"column":16},"end":{"line":34,"column":17}},"loc":{"start":{"line":34,"column":39},"end":{"line":70,"column":1}},"line":34},"1":{"name":"HelpCenterScreen","decl":{"start":{"line":72,"column":24},"end":{"line":72,"column":40}},"loc":{"start":{"line":72,"column":62},"end":{"line":201,"column":1}},"line":72},"2":{"name":"(anonymous_2)","decl":{"start":{"line":78,"column":25},"end":{"line":78,"column":26}},"loc":{"start":{"line":78,"column":31},"end":{"line":78,"column":41}},"line":78},"3":{"name":"(anonymous_3)","decl":{"start":{"line":80,"column":33},"end":{"line":80,"column":34}},"loc":{"start":{"line":80,"column":39},"end":{"line":88,"column":5}},"line":80},"4":{"name":"(anonymous_4)","decl":{"start":{"line":84,"column":12},"end":{"line":84,"column":13}},"loc":{"start":{"line":85,"column":16},"end":{"line":86,"column":61}},"line":85},"5":{"name":"(anonymous_5)","decl":{"start":{"line":90,"column":31},"end":{"line":90,"column":32}},"loc":{"start":{"line":90,"column":47},"end":{"line":106,"column":5}},"line":90},"6":{"name":"(anonymous_6)","decl":{"start":{"line":105,"column":22},"end":{"line":105,"column":23}},"loc":{"start":{"line":105,"column":33},"end":{"line":105,"column":56}},"line":105},"7":{"name":"(anonymous_7)","decl":{"start":{"line":108,"column":33},"end":{"line":108,"column":34}},"loc":{"start":{"line":108,"column":39},"end":{"line":121,"column":5}},"line":108},"8":{"name":"(anonymous_8)","decl":{"start":{"line":114,"column":43},"end":{"line":114,"column":44}},"loc":{"start":{"line":114,"column":58},"end":{"line":120,"column":9}},"line":114},"9":{"name":"(anonymous_9)","decl":{"start":{"line":126,"column":43},"end":{"line":126,"column":44}},"loc":{"start":{"line":126,"column":49},"end":{"line":126,"column":62}},"line":126},"10":{"name":"(anonymous_10)","decl":{"start":{"line":160,"column":42},"end":{"line":160,"column":43}},"loc":{"start":{"line":160,"column":51},"end":{"line":186,"column":25}},"line":160},"11":{"name":"(anonymous_11)","decl":{"start":{"line":166,"column":49},"end":{"line":166,"column":50}},"loc":{"start":{"line":166,"column":55},"end":{"line":166,"column":81}},"line":166}},"branchMap":{"0":{"loc":{"start":{"line":22,"column":0},"end":{"line":26,"column":1}},"type":"if","locations":[{"start":{"line":22,"column":0},"end":{"line":26,"column":1}},{"start":{},"end":{}}],"line":22},"1":{"loc":{"start":{"line":23,"column":4},"end":{"line":25,"column":5}},"type":"if","locations":[{"start":{"line":23,"column":4},"end":{"line":25,"column":5}},{"start":{},"end":{}}],"line":23},"2":{"loc":{"start":{"line":81,"column":8},"end":{"line":81,"column":45}},"type":"if","locations":[{"start":{"line":81,"column":8},"end":{"line":81,"column":45}},{"start":{},"end":{}}],"line":81},"3":{"loc":{"start":{"line":85,"column":16},"end":{"line":86,"column":61}},"type":"binary-expr","locations":[{"start":{"line":85,"column":16},"end":{"line":85,"column":63}},{"start":{"line":86,"column":16},"end":{"line":86,"column":61}}],"line":85},"4":{"loc":{"start":{"line":105,"column":33},"end":{"line":105,"column":56}},"type":"cond-expr","locations":[{"start":{"line":105,"column":47},"end":{"line":105,"column":51}},{"start":{"line":105,"column":54},"end":{"line":105,"column":56}}],"line":105},"5":{"loc":{"start":{"line":115,"column":12},"end":{"line":119,"column":13}},"type":"if","locations":[{"start":{"line":115,"column":12},"end":{"line":119,"column":13}},{"start":{"line":117,"column":19},"end":{"line":119,"column":13}}],"line":115},"6":{"loc":{"start":{"line":153,"column":17},"end":{"line":188,"column":17}},"type":"cond-expr","locations":[{"start":{"line":154,"column":20},"end":{"line":157,"column":27}},{"start":{"line":159,"column":20},"end":{"line":187,"column":27}}],"line":153},"7":{"loc":{"start":{"line":169,"column":74},"end":{"line":169,"column":114}},"type":"binary-expr","locations":[{"start":{"line":169,"column":74},"end":{"line":169,"column":84}},{"start":{"line":169,"column":88},"end":{"line":169,"column":114}}],"line":169},"8":{"loc":{"start":{"line":173,"column":50},"end":{"line":173,"column":92}},"type":"cond-expr","locations":[{"start":{"line":173,"column":63},"end":{"line":173,"column":75}},{"start":{"line":173,"column":78},"end":{"line":173,"column":92}}],"line":173},"9":{"loc":{"start":{"line":175,"column":51},"end":{"line":175,"column":100}},"type":"cond-expr","locations":[{"start":{"line":175,"column":64},"end":{"line":175,"column":79}},{"start":{"line":175,"column":82},"end":{"line":175,"column":100}}],"line":175},"10":{"loc":{"start":{"line":179,"column":37},"end":{"line":183,"column":37}},"type":"binary-expr","locations":[{"start":{"line":179,"column":37},"end":{"line":179,"column":47}},{"start":{"line":180,"column":40},"end":{"line":182,"column":47}}],"line":179},"11":{"loc":{"start":{"line":252,"column":23},"end":{"line":252,"column":54}},"type":"cond-expr","locations":[{"start":{"line":252,"column":47},"end":{"line":252,"column":49}},{"start":{"line":252,"column":52},"end":{"line":252,"column":54}}],"line":252}},"s":{"0":0,"1":0,"2":0,"3":0,"4":0,"5":0,"6":0,"7":0,"8":0,"9":0,"10":0,"11":0,"12":0,"13":0,"14":0,"15":0,"16":0,"17":0,"18":0,"19":0,"20":0,"21":0,"22":0,"23":0,"24":0,"25":0,"26":0,"27":0,"28":0,"29":0,"30":0,"31":0,"32":0,"33":0,"34":0,"35":0},"f":{"0":0,"1":0,"2":0,"3":0,"4":0,"5":0,"6":0,"7":0,"8":0,"9":0,"10":0,"11":0},"b":{"0":[0,0],"1":[0,0],"2":[0,0],"3":[0,0],"4":[0,0],"5":[0,0],"6":[0,0],"7":[0,0],"8":[0,0],"9":[0,0],"10":[0,0],"11":[0,0]}}
,"C:\\CODE\\RawCut\\app\\login.tsx": {"path":"C:\\CODE\\RawCut\\app\\login.tsx","statementMap":{"0":{"start":{"line":14,"column":18},"end":{"line":14,"column":34}},"1":{"start":{"line":15,"column":53},"end":{"line":15,"column":67}},"2":{"start":{"line":21,"column":8},"end":{"line":27,"column":6}},"3":{"start":{"line":29,"column":21},"end":{"line":47,"column":5}},"4":{"start":{"line":31,"column":12},"end":{"line":31,"column":31}},"5":{"start":{"line":32,"column":12},"end":{"line":32,"column":25}},"6":{"start":{"line":34,"column":12},"end":{"line":44,"column":13}},"7":{"start":{"line":35,"column":16},"end":{"line":35,"column":61}},"8":{"start":{"line":43,"column":16},"end":{"line":43,"column":68}},"9":{"start":{"line":49,"column":4},"end":{"line":80,"column":6}}},"fnMap":{"0":{"name":"LoginScreen","decl":{"start":{"line":13,"column":24},"end":{"line":13,"column":35}},"loc":{"start":{"line":13,"column":38},"end":{"line":81,"column":1}},"line":13},"1":{"name":"(anonymous_1)","decl":{"start":{"line":30,"column":8},"end":{"line":30,"column":9}},"loc":{"start":{"line":30,"column":51},"end":{"line":45,"column":9}},"line":30}},"branchMap":{},"s":{"0":9,"1":9,"2":9,"3":9,"4":2,"5":2,"6":2,"7":2,"8":0,"9":9},"f":{"0":9,"1":2},"b":{},"_coverageSchema":"1a1c01bbd47fc00a2c39e90264f33305004495a9","hash":"3ada93ca7b08777358d2e6bdb67a75da5f4d7e2b"}
,"C:\\CODE\\RawCut\\app\\privacy.tsx": {"path":"C:\\CODE\\RawCut\\app\\privacy.tsx","statementMap":{"0":{"start":{"line":10,"column":18},"end":{"line":10,"column":34}},"1":{"start":{"line":11,"column":19},"end":{"line":11,"column":30}},"2":{"start":{"line":13,"column":4},"end":{"line":61,"column":6}},"3":{"start":{"line":16,"column":49},"end":{"line":16,"column":62}},"4":{"start":{"line":64,"column":15},"end":{"line":115,"column":2}}},"fnMap":{"0":{"name":"PrivacyPolicyScreen","decl":{"start":{"line":9,"column":24},"end":{"line":9,"column":43}},"loc":{"start":{"line":9,"column":65},"end":{"line":62,"column":1}},"line":9},"1":{"name":"(anonymous_1)","decl":{"start":{"line":16,"column":43},"end":{"line":16,"column":44}},"loc":{"start":{"line":16,"column":49},"end":{"line":16,"column":62}},"line":16}},"branchMap":{"0":{"loc":{"start":{"line":94,"column":23},"end":{"line":94,"column":54}},"type":"cond-expr","locations":[{"start":{"line":94,"column":47},"end":{"line":94,"column":49}},{"start":{"line":94,"column":52},"end":{"line":94,"column":54}}],"line":94}},"s":{"0":0,"1":0,"2":0,"3":0,"4":0},"f":{"0":0,"1":0},"b":{"0":[0,0]}}
,"C:\\CODE\\RawCut\\app\\register.tsx": {"path":"C:\\CODE\\RawCut\\app\\register.tsx","statementMap":{"0":{"start":{"line":13,"column":18},"end":{"line":13,"column":34}},"1":{"start":{"line":14,"column":53},"end":{"line":14,"column":67}},"2":{"start":{"line":20,"column":8},"end":{"line":28,"column":6}},"3":{"start":{"line":30,"column":21},"end":{"line":45,"column":5}},"4":{"start":{"line":32,"column":12},"end":{"line":32,"column":31}},"5":{"start":{"line":33,"column":12},"end":{"line":33,"column":25}},"6":{"start":{"line":35,"column":12},"end":{"line":42,"column":13}},"7":{"start":{"line":36,"column":16},"end":{"line":36,"column":71}},"8":{"start":{"line":41,"column":16},"end":{"line":41,"column":71}},"9":{"start":{"line":47,"column":4},"end":{"line":96,"column":6}}},"fnMap":{"0":{"name":"RegisterScreen","decl":{"start":{"line":12,"column":24},"end":{"line":12,"column":38}},"loc":{"start":{"line":12,"column":41},"end":{"line":97,"column":1}},"line":12},"1":{"name":"(anonymous_1)","decl":{"start":{"line":31,"column":8},"end":{"line":31,"column":9}},"loc":{"start":{"line":31,"column":54},"end":{"line":43,"column":9}},"line":31}},"branchMap":{},"s":{"0":0,"1":0,"2":0,"3":0,"4":0,"5":0,"6":0,"7":0,"8":0,"9":0},"f":{"0":0,"1":0},"b":{}}
,"C:\\CODE\\RawCut\\app\\terms.tsx": {"path":"C:\\CODE\\RawCut\\app\\terms.tsx","statementMap":{"0":{"start":{"line":10,"column":18},"end":{"line":10,"column":34}},"1":{"start":{"line":11,"column":19},"end":{"line":11,"column":30}},"2":{"start":{"line":13,"column":4},"end":{"line":57,"column":6}},"3":{"start":{"line":16,"column":49},"end":{"line":16,"column":62}},"4":{"start":{"line":60,"column":15},"end":{"line":111,"column":2}}},"fnMap":{"0":{"name":"TermsOfServiceScreen","decl":{"start":{"line":9,"column":24},"end":{"line":9,"column":44}},"loc":{"start":{"line":9,"column":66},"end":{"line":58,"column":1}},"line":9},"1":{"name":"(anonymous_1)","decl":{"start":{"line":16,"column":43},"end":{"line":16,"column":44}},"loc":{"start":{"line":16,"column":49},"end":{"line":16,"column":62}},"line":16}},"branchMap":{"0":{"loc":{"start":{"line":90,"column":23},"end":{"line":90,"column":54}},"type":"cond-expr","locations":[{"start":{"line":90,"column":47},"end":{"line":90,"column":49}},{"start":{"line":90,"column":52},"end":{"line":90,"column":54}}],"line":90}},"s":{"0":0,"1":0,"2":0,"3":0,"4":0},"f":{"0":0,"1":0},"b":{"0":[0,0]}}
,"C:\\CODE\\RawCut\\app\\(tabs)\\_layout.tsx": {"path":"C:\\CODE\\RawCut\\app\\(tabs)\\_layout.tsx","statementMap":{"0":{"start":{"line":23,"column":21},"end":{"line":25,"column":1}},"1":{"start":{"line":24,"column":4},"end":{"line":24,"column":33}},"2":{"start":{"line":26,"column":26},"end":{"line":26,"column":47}},"3":{"start":{"line":26,"column":32},"end":{"line":26,"column":47}},"4":{"start":{"line":28,"column":27},"end":{"line":32,"column":1}},"5":{"start":{"line":35,"column":18},"end":{"line":35,"column":34}},"6":{"start":{"line":36,"column":17},"end":{"line":36,"column":44}},"7":{"start":{"line":36,"column":37},"end":{"line":36,"column":43}},"8":{"start":{"line":37,"column":24},"end":{"line":37,"column":68}},"9":{"start":{"line":37,"column":54},"end":{"line":37,"column":67}},"10":{"start":{"line":38,"column":48},"end":{"line":38,"column":63}},"11":{"start":{"line":40,"column":27},"end":{"line":40,"column":73}},"12":{"start":{"line":40,"column":45},"end":{"line":40,"column":68}},"13":{"start":{"line":41,"column":28},"end":{"line":41,"column":75}},"14":{"start":{"line":41,"column":46},"end":{"line":41,"column":70}},"15":{"start":{"line":42,"column":29},"end":{"line":45,"column":5}},"16":{"start":{"line":43,"column":14},"end":{"line":43,"column":53}},"17":{"start":{"line":47,"column":4},"end":{"line":64,"column":15}},"18":{"start":{"line":48,"column":8},"end":{"line":48,"column":26}},"19":{"start":{"line":48,"column":19},"end":{"line":48,"column":26}},"20":{"start":{"line":51,"column":12},"end":{"line":51,"column":45}},"21":{"start":{"line":53,"column":12},"end":{"line":53,"column":38}},"22":{"start":{"line":55,"column":8},"end":{"line":55,"column":31}},"23":{"start":{"line":56,"column":8},"end":{"line":56,"column":27}},"24":{"start":{"line":57,"column":8},"end":{"line":57,"column":26}},"25":{"start":{"line":59,"column":28},"end":{"line":59,"column":49}},"26":{"start":{"line":61,"column":8},"end":{"line":63,"column":10}},"27":{"start":{"line":62,"column":12},"end":{"line":62,"column":26}},"28":{"start":{"line":66,"column":4},"end":{"line":165,"column":6}}},"fnMap":{"0":{"name":"(anonymous_0)","decl":{"start":{"line":23,"column":21},"end":{"line":23,"column":22}},"loc":{"start":{"line":24,"column":4},"end":{"line":24,"column":33}},"line":24},"1":{"name":"(anonymous_1)","decl":{"start":{"line":26,"column":26},"end":{"line":26,"column":27}},"loc":{"start":{"line":26,"column":32},"end":{"line":26,"column":47}},"line":26},"2":{"name":"TabLayout","decl":{"start":{"line":34,"column":24},"end":{"line":34,"column":33}},"loc":{"start":{"line":34,"column":36},"end":{"line":166,"column":1}},"line":34},"3":{"name":"(anonymous_3)","decl":{"start":{"line":36,"column":30},"end":{"line":36,"column":31}},"loc":{"start":{"line":36,"column":37},"end":{"line":36,"column":43}},"line":36},"4":{"name":"(anonymous_4)","decl":{"start":{"line":37,"column":47},"end":{"line":37,"column":48}},"loc":{"start":{"line":37,"column":54},"end":{"line":37,"column":67}},"line":37},"5":{"name":"(anonymous_5)","decl":{"start":{"line":40,"column":39},"end":{"line":40,"column":40}},"loc":{"start":{"line":40,"column":45},"end":{"line":40,"column":68}},"line":40},"6":{"name":"(anonymous_6)","decl":{"start":{"line":41,"column":40},"end":{"line":41,"column":41}},"loc":{"start":{"line":41,"column":46},"end":{"line":41,"column":70}},"line":41},"7":{"name":"(anonymous_7)","decl":{"start":{"line":43,"column":8},"end":{"line":43,"column":9}},"loc":{"start":{"line":43,"column":14},"end":{"line":43,"column":53}},"line":43},"8":{"name":"(anonymous_8)","decl":{"start":{"line":47,"column":14},"end":{"line":47,"column":15}},"loc":{"start":{"line":47,"column":20},"end":{"line":64,"column":5}},"line":47},"9":{"name":"(anonymous_9)","decl":{"start":{"line":61,"column":15},"end":{"line":61,"column":16}},"loc":{"start":{"line":61,"column":21},"end":{"line":63,"column":9}},"line":61}},"branchMap":{"0":{"loc":{"start":{"line":31,"column":15},"end":{"line":31,"column":44}},"type":"cond-expr","locations":[{"start":{"line":31,"column":39},"end":{"line":31,"column":40}},{"start":{"line":31,"column":43},"end":{"line":31,"column":44}}],"line":31},"1":{"loc":{"start":{"line":48,"column":8},"end":{"line":48,"column":26}},"type":"if","locations":[{"start":{"line":48,"column":8},"end":{"line":48,"column":26}},{"start":{},"end":{}}],"line":48},"2":{"loc":{"start":{"line":115,"column":37},"end":{"line":115,"column":78}},"type":"cond-expr","locations":[{"start":{"line":115,"column":55},"end":{"line":115,"column":66}},{"start":{"line":115,"column":69},"end":{"line":115,"column":78}}],"line":115}},"s":{"0":0,"1":0,"2":0,"3":0,"4":0,"5":0,"6":0,"7":0,"8":0,"9":0,"10":0,"11":0,"12":0,"13":0,"14":0,"15":0,"16":0,"17":0,"18":0,"19":0,"20":0,"21":0,"22":0,"23":0,"24":0,"25":0,"26":0,"27":0,"28":0},"f":{"0":0,"1":0,"2":0,"3":0,"4":0,"5":0,"6":0,"7":0,"8":0,"9":0},"b":{"0":[0,0],"1":[0,0],"2":[0,0]}}
,"C:\\CODE\\RawCut\\app\\(tabs)\\favorites.tsx": {"path":"C:\\CODE\\RawCut\\app\\(tabs)\\favorites.tsx","statementMap":{"0":{"start":{"line":12,"column":18},"end":{"line":12,"column":34}},"1":{"start":{"line":13,"column":17},"end":{"line":13,"column":44}},"2":{"start":{"line":13,"column":37},"end":{"line":13,"column":43}},"3":{"start":{"line":14,"column":22},"end":{"line":14,"column":57}},"4":{"start":{"line":14,"column":45},"end":{"line":14,"column":56}},"5":{"start":{"line":15,"column":23},"end":{"line":15,"column":59}},"6":{"start":{"line":15,"column":46},"end":{"line":15,"column":58}},"7":{"start":{"line":16,"column":26},"end":{"line":16,"column":65}},"8":{"start":{"line":16,"column":49},"end":{"line":16,"column":64}},"9":{"start":{"line":17,"column":22},"end":{"line":17,"column":57}},"10":{"start":{"line":17,"column":45},"end":{"line":17,"column":56}},"11":{"start":{"line":19,"column":41},"end":{"line":19,"column":70}},"12":{"start":{"line":21,"column":4},"end":{"line":26,"column":6}},"13":{"start":{"line":23,"column":12},"end":{"line":23,"column":30}},"14":{"start":{"line":23,"column":23},"end":{"line":23,"column":30}},"15":{"start":{"line":24,"column":12},"end":{"line":24,"column":58}},"16":{"start":{"line":28,"column":33},"end":{"line":42,"column":5}},"17":{"start":{"line":30,"column":12},"end":{"line":39,"column":13}},"18":{"start":{"line":31,"column":30},"end":{"line":31,"column":56}},"19":{"start":{"line":32,"column":16},"end":{"line":36,"column":17}},"20":{"start":{"line":33,"column":20},"end":{"line":33,"column":71}},"21":{"start":{"line":35,"column":20},"end":{"line":35,"column":66}},"22":{"start":{"line":38,"column":16},"end":{"line":38,"column":80}},"23":{"start":{"line":44,"column":34},"end":{"line":58,"column":5}},"24":{"start":{"line":46,"column":12},"end":{"line":55,"column":13}},"25":{"start":{"line":47,"column":30},"end":{"line":47,"column":56}},"26":{"start":{"line":48,"column":16},"end":{"line":52,"column":17}},"27":{"start":{"line":49,"column":20},"end":{"line":49,"column":71}},"28":{"start":{"line":51,"column":20},"end":{"line":51,"column":66}},"29":{"start":{"line":54,"column":16},"end":{"line":54,"column":81}},"30":{"start":{"line":60,"column":32},"end":{"line":69,"column":5}},"31":{"start":{"line":62,"column":12},"end":{"line":66,"column":13}},"32":{"start":{"line":63,"column":16},"end":{"line":63,"column":82}},"33":{"start":{"line":65,"column":16},"end":{"line":65,"column":79}},"34":{"start":{"line":71,"column":4},"end":{"line":89,"column":6}},"35":{"start":{"line":92,"column":15},"end":{"line":98,"column":2}}},"fnMap":{"0":{"name":"FavoritesScreen","decl":{"start":{"line":11,"column":24},"end":{"line":11,"column":39}},"loc":{"start":{"line":11,"column":42},"end":{"line":90,"column":1}},"line":11},"1":{"name":"(anonymous_1)","decl":{"start":{"line":13,"column":30},"end":{"line":13,"column":31}},"loc":{"start":{"line":13,"column":37},"end":{"line":13,"column":43}},"line":13},"2":{"name":"(anonymous_2)","decl":{"start":{"line":14,"column":38},"end":{"line":14,"column":39}},"loc":{"start":{"line":14,"column":45},"end":{"line":14,"column":56}},"line":14},"3":{"name":"(anonymous_3)","decl":{"start":{"line":15,"column":39},"end":{"line":15,"column":40}},"loc":{"start":{"line":15,"column":46},"end":{"line":15,"column":58}},"line":15},"4":{"name":"(anonymous_4)","decl":{"start":{"line":16,"column":42},"end":{"line":16,"column":43}},"loc":{"start":{"line":16,"column":49},"end":{"line":16,"column":64}},"line":16},"5":{"name":"(anonymous_5)","decl":{"start":{"line":17,"column":38},"end":{"line":17,"column":39}},"loc":{"start":{"line":17,"column":45},"end":{"line":17,"column":56}},"line":17},"6":{"name":"(anonymous_6)","decl":{"start":{"line":22,"column":20},"end":{"line":22,"column":21}},"loc":{"start":{"line":22,"column":26},"end":{"line":25,"column":9}},"line":22},"7":{"name":"(anonymous_7)","decl":{"start":{"line":29,"column":8},"end":{"line":29,"column":9}},"loc":{"start":{"line":29,"column":71},"end":{"line":40,"column":9}},"line":29},"8":{"name":"(anonymous_8)","decl":{"start":{"line":45,"column":8},"end":{"line":45,"column":9}},"loc":{"start":{"line":45,"column":71},"end":{"line":56,"column":9}},"line":45},"9":{"name":"(anonymous_9)","decl":{"start":{"line":61,"column":8},"end":{"line":61,"column":9}},"loc":{"start":{"line":61,"column":71},"end":{"line":67,"column":9}},"line":61}},"branchMap":{"0":{"loc":{"start":{"line":23,"column":12},"end":{"line":23,"column":30}},"type":"if","locations":[{"start":{"line":23,"column":12},"end":{"line":23,"column":30}},{"start":{},"end":{}}],"line":23},"1":{"loc":{"start":{"line":32,"column":16},"end":{"line":36,"column":17}},"type":"if","locations":[{"start":{"line":32,"column":16},"end":{"line":36,"column":17}},{"start":{"line":34,"column":23},"end":{"line":36,"column":17}}],"line":32},"2":{"loc":{"start":{"line":48,"column":16},"end":{"line":52,"column":17}},"type":"if","locations":[{"start":{"line":48,"column":16},"end":{"line":52,"column":17}},{"start":{"line":50,"column":23},"end":{"line":52,"column":17}}],"line":48}},"s":{"0":0,"1":0,"2":0,"3":0,"4":0,"5":0,"6":0,"7":0,"8":0,"9":0,"10":0,"11":0,"12":0,"13":0,"14":0,"15":0,"16":0,"17":0,"18":0,"19":0,"20":0,"21":0,"22":0,"23":0,"24":0,"25":0,"26":0,"27":0,"28":0,"29":0,"30":0,"31":0,"32":0,"33":0,"34":0,"35":0},"f":{"0":0,"1":0,"2":0,"3":0,"4":0,"5":0,"6":0,"7":0,"8":0,"9":0},"b":{"0":[0,0],"1":[0,0],"2":[0,0]}}
,"C:\\CODE\\RawCut\\app\\(tabs)\\index.tsx": {"path":"C:\\CODE\\RawCut\\app\\(tabs)\\index.tsx","statementMap":{"0":{"start":{"line":78,"column":36},"end":{"line":78,"column":38}},"1":{"start":{"line":79,"column":19},"end":{"line":79,"column":43}},"2":{"start":{"line":105,"column":26},"end":{"line":197,"column":1}},"3":{"start":{"line":108,"column":32},"end":{"line":108,"column":53}},"4":{"start":{"line":109,"column":34},"end":{"line":109,"column":56}},"5":{"start":{"line":111,"column":44},"end":{"line":111,"column":58}},"6":{"start":{"line":115,"column":20},"end":{"line":115,"column":29}},"7":{"start":{"line":116,"column":23},"end":{"line":116,"column":35}},"8":{"start":{"line":117,"column":23},"end":{"line":117,"column":36}},"9":{"start":{"line":126,"column":8},"end":{"line":126,"column":14}},"10":{"start":{"line":128,"column":28},"end":{"line":131,"column":10}},"11":{"start":{"line":129,"column":8},"end":{"line":129,"column":28}},"12":{"start":{"line":130,"column":8},"end":{"line":130,"column":34}},"13":{"start":{"line":133,"column":24},"end":{"line":185,"column":5}},"14":{"start":{"line":135,"column":32},"end":{"line":135,"column":59}},"15":{"start":{"line":137,"column":36},"end":{"line":137,"column":63}},"16":{"start":{"line":138,"column":35},"end":{"line":140,"column":31}},"17":{"start":{"line":141,"column":34},"end":{"line":141,"column":73}},"18":{"start":{"line":142,"column":33},"end":{"line":142,"column":66}},"19":{"start":{"line":144,"column":43},"end":{"line":144,"column":75}},"20":{"start":{"line":145,"column":41},"end":{"line":145,"column":79}},"21":{"start":{"line":147,"column":12},"end":{"line":149,"column":13}},"22":{"start":{"line":148,"column":16},"end":{"line":148,"column":23}},"23":{"start":{"line":151,"column":12},"end":{"line":151,"column":38}},"24":{"start":{"line":152,"column":12},"end":{"line":152,"column":34}},"25":{"start":{"line":154,"column":12},"end":{"line":182,"column":13}},"26":{"start":{"line":155,"column":39},"end":{"line":161,"column":18}},"27":{"start":{"line":163,"column":33},"end":{"line":163,"column":58}},"28":{"start":{"line":164,"column":48},"end":{"line":166,"column":93}},"29":{"start":{"line":168,"column":16},"end":{"line":172,"column":17}},"30":{"start":{"line":169,"column":20},"end":{"line":169,"column":103}},"31":{"start":{"line":169,"column":49},"end":{"line":169,"column":101}},"32":{"start":{"line":171,"column":20},"end":{"line":171,"column":106}},"33":{"start":{"line":171,"column":51},"end":{"line":171,"column":104}},"34":{"start":{"line":174,"column":35},"end":{"line":174,"column":91}},"35":{"start":{"line":175,"column":16},"end":{"line":175,"column":56}},"36":{"start":{"line":176,"column":16},"end":{"line":176,"column":54}},"37":{"start":{"line":178,"column":16},"end":{"line":178,"column":81}},"38":{"start":{"line":180,"column":16},"end":{"line":180,"column":43}},"39":{"start":{"line":181,"column":16},"end":{"line":181,"column":39}},"40":{"start":{"line":187,"column":4},"end":{"line":196,"column":6}},"41":{"start":{"line":209,"column":22},"end":{"line":243,"column":2}},"42":{"start":{"line":220,"column":23},"end":{"line":220,"column":77}},"43":{"start":{"line":220,"column":44},"end":{"line":220,"column":76}},"44":{"start":{"line":221,"column":24},"end":{"line":221,"column":81}},"45":{"start":{"line":221,"column":45},"end":{"line":221,"column":80}},"46":{"start":{"line":222,"column":22},"end":{"line":222,"column":75}},"47":{"start":{"line":222,"column":43},"end":{"line":222,"column":74}},"48":{"start":{"line":224,"column":28},"end":{"line":224,"column":91}},"49":{"start":{"line":224,"column":46},"end":{"line":224,"column":90}},"50":{"start":{"line":225,"column":21},"end":{"line":225,"column":73}},"51":{"start":{"line":225,"column":39},"end":{"line":225,"column":72}},"52":{"start":{"line":227,"column":4},"end":{"line":242,"column":6}},"53":{"start":{"line":236,"column":36},"end":{"line":236,"column":76}},"54":{"start":{"line":237,"column":37},"end":{"line":237,"column":78}},"55":{"start":{"line":238,"column":35},"end":{"line":238,"column":74}},"56":{"start":{"line":239,"column":30},"end":{"line":239,"column":66}},"57":{"start":{"line":246,"column":18},"end":{"line":246,"column":34}},"58":{"start":{"line":247,"column":38},"end":{"line":247,"column":68}},"59":{"start":{"line":250,"column":42},"end":{"line":250,"column":54}},"60":{"start":{"line":251,"column":42},"end":{"line":251,"column":57}},"61":{"start":{"line":254,"column":40},"end":{"line":254,"column":55}},"62":{"start":{"line":255,"column":54},"end":{"line":255,"column":69}},"63":{"start":{"line":256,"column":58},"end":{"line":256,"column":72}},"64":{"start":{"line":259,"column":50},"end":{"line":259,"column":65}},"65":{"start":{"line":260,"column":32},"end":{"line":260,"column":53}},"66":{"start":{"line":261,"column":46},"end":{"line":261,"column":75}},"67":{"start":{"line":262,"column":44},"end":{"line":262,"column":56}},"68":{"start":{"line":263,"column":32},"end":{"line":263,"column":68}},"69":{"start":{"line":264,"column":46},"end":{"line":264,"column":61}},"70":{"start":{"line":267,"column":52},"end":{"line":267,"column":88}},"71":{"start":{"line":268,"column":50},"end":{"line":268,"column":65}},"72":{"start":{"line":275,"column":8},"end":{"line":275,"column":35}},"73":{"start":{"line":286,"column":8},"end":{"line":293,"column":6}},"74":{"start":{"line":296,"column":23},"end":{"line":296,"column":40}},"75":{"start":{"line":298,"column":31},"end":{"line":300,"column":7}},"76":{"start":{"line":298,"column":55},"end":{"line":300,"column":5}},"77":{"start":{"line":302,"column":23},"end":{"line":316,"column":10}},"78":{"start":{"line":304,"column":12},"end":{"line":306,"column":13}},"79":{"start":{"line":305,"column":16},"end":{"line":305,"column":50}},"80":{"start":{"line":309,"column":12},"end":{"line":315,"column":13}},"81":{"start":{"line":310,"column":16},"end":{"line":312,"column":19}},"82":{"start":{"line":311,"column":20},"end":{"line":311,"column":50}},"83":{"start":{"line":314,"column":16},"end":{"line":314,"column":49}},"84":{"start":{"line":318,"column":4},"end":{"line":324,"column":26}},"85":{"start":{"line":319,"column":8},"end":{"line":323,"column":9}},"86":{"start":{"line":320,"column":12},"end":{"line":320,"column":45}},"87":{"start":{"line":322,"column":12},"end":{"line":322,"column":33}},"88":{"start":{"line":327,"column":17},"end":{"line":327,"column":44}},"89":{"start":{"line":327,"column":37},"end":{"line":327,"column":43}},"90":{"start":{"line":328,"column":23},"end":{"line":328,"column":59}},"91":{"start":{"line":328,"column":46},"end":{"line":328,"column":58}},"92":{"start":{"line":329,"column":34},"end":{"line":329,"column":81}},"93":{"start":{"line":329,"column":57},"end":{"line":329,"column":80}},"94":{"start":{"line":332,"column":17},"end":{"line":332,"column":58}},"95":{"start":{"line":333,"column":33},"end":{"line":333,"column":72}},"96":{"start":{"line":340,"column":4},"end":{"line":343,"column":11}},"97":{"start":{"line":341,"column":8},"end":{"line":341,"column":22}},"98":{"start":{"line":342,"column":8},"end":{"line":342,"column":30}},"99":{"start":{"line":346,"column":4},"end":{"line":350,"column":26}},"100":{"start":{"line":347,"column":8},"end":{"line":347,"column":38}},"101":{"start":{"line":347,"column":31},"end":{"line":347,"column":38}},"102":{"start":{"line":348,"column":20},"end":{"line":348,"column":47}},"103":{"start":{"line":348,"column":39},"end":{"line":348,"column":46}},"104":{"start":{"line":349,"column":8},"end":{"line":349,"column":59}},"105":{"start":{"line":353,"column":4},"end":{"line":365,"column":6}},"106":{"start":{"line":355,"column":12},"end":{"line":355,"column":30}},"107":{"start":{"line":355,"column":23},"end":{"line":355,"column":30}},"108":{"start":{"line":357,"column":58},"end":{"line":357,"column":84}},"109":{"start":{"line":358,"column":12},"end":{"line":358,"column":31}},"110":{"start":{"line":359,"column":12},"end":{"line":359,"column":30}},"111":{"start":{"line":361,"column":32},"end":{"line":361,"column":55}},"112":{"start":{"line":362,"column":39},"end":{"line":362,"column":86}},"113":{"start":{"line":363,"column":12},"end":{"line":363,"column":53}},"114":{"start":{"line":368,"column":4},"end":{"line":374,"column":45}},"115":{"start":{"line":369,"column":8},"end":{"line":373,"column":9}},"116":{"start":{"line":370,"column":12},"end":{"line":370,"column":35}},"117":{"start":{"line":372,"column":12},"end":{"line":372,"column":36}},"118":{"start":{"line":377,"column":4},"end":{"line":383,"column":20}},"119":{"start":{"line":378,"column":8},"end":{"line":378,"column":26}},"120":{"start":{"line":379,"column":8},"end":{"line":379,"column":27}},"121":{"start":{"line":380,"column":8},"end":{"line":380,"column":28}},"122":{"start":{"line":381,"column":8},"end":{"line":381,"column":26}},"123":{"start":{"line":382,"column":8},"end":{"line":382,"column":30}},"124":{"start":{"line":389,"column":23},"end":{"line":406,"column":10}},"125":{"start":{"line":390,"column":8},"end":{"line":405,"column":9}},"126":{"start":{"line":391,"column":30},"end":{"line":393,"column":37}},"127":{"start":{"line":395,"column":36},"end":{"line":400,"column":13}},"128":{"start":{"line":396,"column":49},"end":{"line":399,"column":17}},"129":{"start":{"line":402,"column":12},"end":{"line":402,"column":39}},"130":{"start":{"line":404,"column":12},"end":{"line":404,"column":69}},"131":{"start":{"line":408,"column":33},"end":{"line":440,"column":10}},"132":{"start":{"line":409,"column":8},"end":{"line":409,"column":33}},"133":{"start":{"line":411,"column":8},"end":{"line":439,"column":9}},"134":{"start":{"line":412,"column":38},"end":{"line":412,"column":75}},"135":{"start":{"line":413,"column":37},"end":{"line":413,"column":73}},"136":{"start":{"line":415,"column":35},"end":{"line":415,"column":81}},"137":{"start":{"line":416,"column":28},"end":{"line":416,"column":64}},"138":{"start":{"line":418,"column":12},"end":{"line":421,"column":13}},"139":{"start":{"line":419,"column":16},"end":{"line":419,"column":40}},"140":{"start":{"line":420,"column":16},"end":{"line":420,"column":23}},"141":{"start":{"line":423,"column":33},"end":{"line":431,"column":17}},"142":{"start":{"line":426,"column":20},"end":{"line":430,"column":21}},"143":{"start":{"line":433,"column":28},"end":{"line":433,"column":59}},"144":{"start":{"line":434,"column":12},"end":{"line":434,"column":59}},"145":{"start":{"line":436,"column":12},"end":{"line":436,"column":80}},"146":{"start":{"line":438,"column":12},"end":{"line":438,"column":38}},"147":{"start":{"line":442,"column":25},"end":{"line":451,"column":21}},"148":{"start":{"line":443,"column":8},"end":{"line":443,"column":31}},"149":{"start":{"line":444,"column":8},"end":{"line":444,"column":28}},"150":{"start":{"line":445,"column":8},"end":{"line":445,"column":38}},"151":{"start":{"line":446,"column":8},"end":{"line":446,"column":32}},"152":{"start":{"line":448,"column":8},"end":{"line":450,"column":9}},"153":{"start":{"line":449,"column":12},"end":{"line":449,"column":30}},"154":{"start":{"line":453,"column":25},"end":{"line":471,"column":86}},"155":{"start":{"line":454,"column":35},"end":{"line":459,"column":9}},"156":{"start":{"line":461,"column":8},"end":{"line":461,"column":45}},"157":{"start":{"line":462,"column":8},"end":{"line":462,"column":34}},"158":{"start":{"line":463,"column":8},"end":{"line":463,"column":26}},"159":{"start":{"line":465,"column":8},"end":{"line":470,"column":11}},"160":{"start":{"line":473,"column":25},"end":{"line":497,"column":97}},"161":{"start":{"line":474,"column":8},"end":{"line":477,"column":9}},"162":{"start":{"line":475,"column":12},"end":{"line":475,"column":30}},"163":{"start":{"line":476,"column":12},"end":{"line":476,"column":19}},"164":{"start":{"line":479,"column":8},"end":{"line":479,"column":29}},"165":{"start":{"line":480,"column":8},"end":{"line":480,"column":25}},"166":{"start":{"line":482,"column":8},"end":{"line":496,"column":9}},"167":{"start":{"line":483,"column":12},"end":{"line":489,"column":13}},"168":{"start":{"line":484,"column":33},"end":{"line":484,"column":64}},"169":{"start":{"line":485,"column":16},"end":{"line":485,"column":44}},"170":{"start":{"line":487,"column":33},"end":{"line":487,"column":65}},"171":{"start":{"line":488,"column":16},"end":{"line":488,"column":45}},"172":{"start":{"line":490,"column":12},"end":{"line":490,"column":30}},"173":{"start":{"line":492,"column":12},"end":{"line":492,"column":64}},"174":{"start":{"line":494,"column":12},"end":{"line":494,"column":30}},"175":{"start":{"line":495,"column":12},"end":{"line":495,"column":34}},"176":{"start":{"line":499,"column":26},"end":{"line":505,"column":38}},"177":{"start":{"line":500,"column":8},"end":{"line":500,"column":28}},"178":{"start":{"line":501,"column":8},"end":{"line":501,"column":26}},"179":{"start":{"line":502,"column":8},"end":{"line":502,"column":27}},"180":{"start":{"line":503,"column":8},"end":{"line":503,"column":32}},"181":{"start":{"line":504,"column":8},"end":{"line":504,"column":29}},"182":{"start":{"line":507,"column":30},"end":{"line":510,"column":21}},"183":{"start":{"line":508,"column":8},"end":{"line":508,"column":27}},"184":{"start":{"line":509,"column":8},"end":{"line":509,"column":26}},"185":{"start":{"line":512,"column":33},"end":{"line":528,"column":5}},"186":{"start":{"line":514,"column":12},"end":{"line":514,"column":54}},"187":{"start":{"line":514,"column":47},"end":{"line":514,"column":54}},"188":{"start":{"line":516,"column":12},"end":{"line":525,"column":13}},"189":{"start":{"line":517,"column":30},"end":{"line":517,"column":56}},"190":{"start":{"line":518,"column":16},"end":{"line":522,"column":17}},"191":{"start":{"line":519,"column":20},"end":{"line":519,"column":66}},"192":{"start":{"line":521,"column":20},"end":{"line":521,"column":61}},"193":{"start":{"line":524,"column":16},"end":{"line":524,"column":75}},"194":{"start":{"line":530,"column":34},"end":{"line":546,"column":5}},"195":{"start":{"line":532,"column":12},"end":{"line":532,"column":54}},"196":{"start":{"line":532,"column":47},"end":{"line":532,"column":54}},"197":{"start":{"line":534,"column":12},"end":{"line":543,"column":13}},"198":{"start":{"line":535,"column":30},"end":{"line":535,"column":56}},"199":{"start":{"line":536,"column":16},"end":{"line":540,"column":17}},"200":{"start":{"line":537,"column":20},"end":{"line":537,"column":66}},"201":{"start":{"line":539,"column":20},"end":{"line":539,"column":61}},"202":{"start":{"line":542,"column":16},"end":{"line":542,"column":76}},"203":{"start":{"line":548,"column":32},"end":{"line":557,"column":5}},"204":{"start":{"line":550,"column":12},"end":{"line":554,"column":13}},"205":{"start":{"line":551,"column":16},"end":{"line":551,"column":77}},"206":{"start":{"line":553,"column":16},"end":{"line":553,"column":74}},"207":{"start":{"line":559,"column":23},"end":{"line":568,"column":5}},"208":{"start":{"line":561,"column":12},"end":{"line":565,"column":13}},"209":{"start":{"line":562,"column":16},"end":{"line":562,"column":77}},"210":{"start":{"line":564,"column":16},"end":{"line":564,"column":64}},"211":{"start":{"line":574,"column":23},"end":{"line":586,"column":5}},"212":{"start":{"line":576,"column":12},"end":{"line":583,"column":14}},"213":{"start":{"line":588,"column":25},"end":{"line":596,"column":30}},"214":{"start":{"line":589,"column":8},"end":{"line":589,"column":55}},"215":{"start":{"line":589,"column":43},"end":{"line":589,"column":55}},"216":{"start":{"line":591,"column":8},"end":{"line":595,"column":10}},"217":{"start":{"line":598,"column":39},"end":{"line":614,"column":5}},"218":{"start":{"line":600,"column":32},"end":{"line":603,"column":13}},"219":{"start":{"line":605,"column":12},"end":{"line":611,"column":14}},"220":{"start":{"line":608,"column":49},"end":{"line":608,"column":77}},"221":{"start":{"line":616,"column":29},"end":{"line":620,"column":34}},"222":{"start":{"line":617,"column":8},"end":{"line":619,"column":9}},"223":{"start":{"line":618,"column":12},"end":{"line":618,"column":26}},"224":{"start":{"line":622,"column":32},"end":{"line":624,"column":10}},"225":{"start":{"line":623,"column":8},"end":{"line":623,"column":36}},"226":{"start":{"line":626,"column":34},"end":{"line":628,"column":10}},"227":{"start":{"line":627,"column":8},"end":{"line":627,"column":38}},"228":{"start":{"line":630,"column":30},"end":{"line":632,"column":10}},"229":{"start":{"line":631,"column":8},"end":{"line":631,"column":33}},"230":{"start":{"line":634,"column":31},"end":{"line":636,"column":10}},"231":{"start":{"line":635,"column":8},"end":{"line":635,"column":34}},"232":{"start":{"line":642,"column":35},"end":{"line":672,"column":5}},"233":{"start":{"line":643,"column":8},"end":{"line":643,"column":46}},"234":{"start":{"line":643,"column":34},"end":{"line":643,"column":46}},"235":{"start":{"line":645,"column":8},"end":{"line":651,"column":9}},"236":{"start":{"line":646,"column":12},"end":{"line":650,"column":14}},"237":{"start":{"line":653,"column":8},"end":{"line":653,"column":55}},"238":{"start":{"line":653,"column":43},"end":{"line":653,"column":55}},"239":{"start":{"line":655,"column":8},"end":{"line":671,"column":10}},"240":{"start":{"line":665,"column":24},"end":{"line":667,"column":41}},"241":{"start":{"line":674,"column":29},"end":{"line":684,"column":5}},"242":{"start":{"line":675,"column":8},"end":{"line":683,"column":27}},"243":{"start":{"line":678,"column":27},"end":{"line":678,"column":50}},"244":{"start":{"line":686,"column":28},"end":{"line":696,"column":5}},"245":{"start":{"line":687,"column":8},"end":{"line":695,"column":27}},"246":{"start":{"line":690,"column":27},"end":{"line":690,"column":89}},"247":{"start":{"line":698,"column":32},"end":{"line":740,"column":5}},"248":{"start":{"line":699,"column":8},"end":{"line":699,"column":48}},"249":{"start":{"line":699,"column":36},"end":{"line":699,"column":48}},"250":{"start":{"line":701,"column":8},"end":{"line":708,"column":9}},"251":{"start":{"line":702,"column":12},"end":{"line":707,"column":14}},"252":{"start":{"line":710,"column":8},"end":{"line":739,"column":10}},"253":{"start":{"line":717,"column":20},"end":{"line":736,"column":27}},"254":{"start":{"line":723,"column":32},"end":{"line":733,"column":39}},"255":{"start":{"line":742,"column":30},"end":{"line":788,"column":5}},"256":{"start":{"line":743,"column":8},"end":{"line":750,"column":9}},"257":{"start":{"line":744,"column":12},"end":{"line":749,"column":14}},"258":{"start":{"line":752,"column":8},"end":{"line":759,"column":9}},"259":{"start":{"line":753,"column":12},"end":{"line":758,"column":14}},"260":{"start":{"line":761,"column":8},"end":{"line":787,"column":10}},"261":{"start":{"line":765,"column":40},"end":{"line":765,"column":55}},"262":{"start":{"line":795,"column":31},"end":{"line":795,"column":57}},"263":{"start":{"line":796,"column":25},"end":{"line":808,"column":10}},"264":{"start":{"line":801,"column":48},"end":{"line":801,"column":49}},"265":{"start":{"line":802,"column":33},"end":{"line":802,"column":56}},"266":{"start":{"line":803,"column":12},"end":{"line":807,"column":13}},"267":{"start":{"line":804,"column":16},"end":{"line":804,"column":89}},"268":{"start":{"line":804,"column":52},"end":{"line":804,"column":89}},"269":{"start":{"line":805,"column":19},"end":{"line":807,"column":13}},"270":{"start":{"line":806,"column":16},"end":{"line":806,"column":75}},"271":{"start":{"line":806,"column":38},"end":{"line":806,"column":75}},"272":{"start":{"line":810,"column":4},"end":{"line":1023,"column":6}},"273":{"start":{"line":818,"column":43},"end":{"line":818,"column":65}},"274":{"start":{"line":839,"column":43},"end":{"line":839,"column":65}},"275":{"start":{"line":860,"column":43},"end":{"line":860,"column":61}},"276":{"start":{"line":885,"column":39},"end":{"line":885,"column":99}},"277":{"start":{"line":899,"column":36},"end":{"line":899,"column":56}},"278":{"start":{"line":900,"column":36},"end":{"line":900,"column":58}},"279":{"start":{"line":946,"column":98},"end":{"line":946,"column":116}},"280":{"start":{"line":972,"column":65},"end":{"line":972,"column":69}},"281":{"start":{"line":1026,"column":15},"end":{"line":1377,"column":2}}},"fnMap":{"0":{"name":"(anonymous_0)","decl":{"start":{"line":105,"column":26},"end":{"line":105,"column":27}},"loc":{"start":{"line":107,"column":30},"end":{"line":197,"column":1}},"line":107},"1":{"name":"(anonymous_1)","decl":{"start":{"line":128,"column":40},"end":{"line":128,"column":41}},"loc":{"start":{"line":128,"column":52},"end":{"line":131,"column":5}},"line":128},"2":{"name":"(anonymous_2)","decl":{"start":{"line":134,"column":8},"end":{"line":134,"column":9}},"loc":{"start":{"line":134,"column":91},"end":{"line":183,"column":9}},"line":134},"3":{"name":"(anonymous_3)","decl":{"start":{"line":169,"column":30},"end":{"line":169,"column":31}},"loc":{"start":{"line":169,"column":49},"end":{"line":169,"column":101}},"line":169},"4":{"name":"(anonymous_4)","decl":{"start":{"line":171,"column":31},"end":{"line":171,"column":32}},"loc":{"start":{"line":171,"column":51},"end":{"line":171,"column":104}},"line":171},"5":{"name":"(anonymous_5)","decl":{"start":{"line":209,"column":27},"end":{"line":209,"column":28}},"loc":{"start":{"line":217,"column":26},"end":{"line":243,"column":1}},"line":217},"6":{"name":"(anonymous_6)","decl":{"start":{"line":220,"column":39},"end":{"line":220,"column":40}},"loc":{"start":{"line":220,"column":44},"end":{"line":220,"column":76}},"line":220},"7":{"name":"(anonymous_7)","decl":{"start":{"line":221,"column":40},"end":{"line":221,"column":41}},"loc":{"start":{"line":221,"column":45},"end":{"line":221,"column":80}},"line":221},"8":{"name":"(anonymous_8)","decl":{"start":{"line":222,"column":38},"end":{"line":222,"column":39}},"loc":{"start":{"line":222,"column":43},"end":{"line":222,"column":74}},"line":222},"9":{"name":"(anonymous_9)","decl":{"start":{"line":224,"column":41},"end":{"line":224,"column":42}},"loc":{"start":{"line":224,"column":46},"end":{"line":224,"column":90}},"line":224},"10":{"name":"(anonymous_10)","decl":{"start":{"line":225,"column":34},"end":{"line":225,"column":35}},"loc":{"start":{"line":225,"column":39},"end":{"line":225,"column":72}},"line":225},"11":{"name":"(anonymous_11)","decl":{"start":{"line":236,"column":30},"end":{"line":236,"column":31}},"loc":{"start":{"line":236,"column":36},"end":{"line":236,"column":76}},"line":236},"12":{"name":"(anonymous_12)","decl":{"start":{"line":237,"column":31},"end":{"line":237,"column":32}},"loc":{"start":{"line":237,"column":37},"end":{"line":237,"column":78}},"line":237},"13":{"name":"(anonymous_13)","decl":{"start":{"line":238,"column":29},"end":{"line":238,"column":30}},"loc":{"start":{"line":238,"column":35},"end":{"line":238,"column":74}},"line":238},"14":{"name":"(anonymous_14)","decl":{"start":{"line":239,"column":20},"end":{"line":239,"column":21}},"loc":{"start":{"line":239,"column":30},"end":{"line":239,"column":66}},"line":239},"15":{"name":"HomeScreen","decl":{"start":{"line":245,"column":24},"end":{"line":245,"column":34}},"loc":{"start":{"line":245,"column":50},"end":{"line":1024,"column":1}},"line":245},"16":{"name":"(anonymous_16)","decl":{"start":{"line":298,"column":48},"end":{"line":298,"column":49}},"loc":{"start":{"line":298,"column":55},"end":{"line":300,"column":5}},"line":298},"17":{"name":"(anonymous_17)","decl":{"start":{"line":303,"column":18},"end":{"line":303,"column":19}},"loc":{"start":{"line":303,"column":25},"end":{"line":307,"column":9}},"line":303},"18":{"name":"(anonymous_18)","decl":{"start":{"line":308,"column":15},"end":{"line":308,"column":16}},"loc":{"start":{"line":308,"column":22},"end":{"line":316,"column":9}},"line":308},"19":{"name":"(anonymous_19)","decl":{"start":{"line":310,"column":56},"end":{"line":310,"column":57}},"loc":{"start":{"line":310,"column":62},"end":{"line":312,"column":17}},"line":310},"20":{"name":"(anonymous_20)","decl":{"start":{"line":318,"column":14},"end":{"line":318,"column":15}},"loc":{"start":{"line":318,"column":20},"end":{"line":324,"column":5}},"line":318},"21":{"name":"(anonymous_21)","decl":{"start":{"line":327,"column":30},"end":{"line":327,"column":31}},"loc":{"start":{"line":327,"column":37},"end":{"line":327,"column":43}},"line":327},"22":{"name":"(anonymous_22)","decl":{"start":{"line":328,"column":39},"end":{"line":328,"column":40}},"loc":{"start":{"line":328,"column":46},"end":{"line":328,"column":58}},"line":328},"23":{"name":"(anonymous_23)","decl":{"start":{"line":329,"column":50},"end":{"line":329,"column":51}},"loc":{"start":{"line":329,"column":57},"end":{"line":329,"column":80}},"line":329},"24":{"name":"(anonymous_24)","decl":{"start":{"line":340,"column":14},"end":{"line":340,"column":15}},"loc":{"start":{"line":340,"column":20},"end":{"line":343,"column":5}},"line":340},"25":{"name":"(anonymous_25)","decl":{"start":{"line":346,"column":14},"end":{"line":346,"column":15}},"loc":{"start":{"line":346,"column":20},"end":{"line":350,"column":5}},"line":346},"26":{"name":"(anonymous_26)","decl":{"start":{"line":348,"column":29},"end":{"line":348,"column":30}},"loc":{"start":{"line":348,"column":39},"end":{"line":348,"column":46}},"line":348},"27":{"name":"(anonymous_27)","decl":{"start":{"line":354,"column":20},"end":{"line":354,"column":21}},"loc":{"start":{"line":354,"column":26},"end":{"line":364,"column":9}},"line":354},"28":{"name":"(anonymous_28)","decl":{"start":{"line":368,"column":14},"end":{"line":368,"column":15}},"loc":{"start":{"line":368,"column":20},"end":{"line":374,"column":5}},"line":368},"29":{"name":"(anonymous_29)","decl":{"start":{"line":377,"column":14},"end":{"line":377,"column":15}},"loc":{"start":{"line":377,"column":20},"end":{"line":383,"column":5}},"line":377},"30":{"name":"(anonymous_30)","decl":{"start":{"line":389,"column":35},"end":{"line":389,"column":36}},"loc":{"start":{"line":389,"column":77},"end":{"line":406,"column":5}},"line":389},"31":{"name":"(anonymous_31)","decl":{"start":{"line":396,"column":37},"end":{"line":396,"column":38}},"loc":{"start":{"line":396,"column":49},"end":{"line":399,"column":17}},"line":396},"32":{"name":"(anonymous_32)","decl":{"start":{"line":408,"column":45},"end":{"line":408,"column":46}},"loc":{"start":{"line":408,"column":72},"end":{"line":440,"column":5}},"line":408},"33":{"name":"(anonymous_33)","decl":{"start":{"line":425,"column":21},"end":{"line":425,"column":22}},"loc":{"start":{"line":426,"column":20},"end":{"line":430,"column":21}},"line":426},"34":{"name":"(anonymous_34)","decl":{"start":{"line":442,"column":37},"end":{"line":442,"column":38}},"loc":{"start":{"line":442,"column":71},"end":{"line":451,"column":5}},"line":442},"35":{"name":"(anonymous_35)","decl":{"start":{"line":453,"column":37},"end":{"line":453,"column":38}},"loc":{"start":{"line":453,"column":49},"end":{"line":471,"column":5}},"line":453},"36":{"name":"(anonymous_36)","decl":{"start":{"line":473,"column":37},"end":{"line":473,"column":38}},"loc":{"start":{"line":473,"column":64},"end":{"line":497,"column":5}},"line":473},"37":{"name":"(anonymous_37)","decl":{"start":{"line":499,"column":38},"end":{"line":499,"column":39}},"loc":{"start":{"line":499,"column":65},"end":{"line":505,"column":5}},"line":499},"38":{"name":"(anonymous_38)","decl":{"start":{"line":507,"column":42},"end":{"line":507,"column":43}},"loc":{"start":{"line":507,"column":54},"end":{"line":510,"column":5}},"line":507},"39":{"name":"(anonymous_39)","decl":{"start":{"line":513,"column":8},"end":{"line":513,"column":9}},"loc":{"start":{"line":513,"column":66},"end":{"line":526,"column":9}},"line":513},"40":{"name":"(anonymous_40)","decl":{"start":{"line":531,"column":8},"end":{"line":531,"column":9}},"loc":{"start":{"line":531,"column":66},"end":{"line":544,"column":9}},"line":531},"41":{"name":"(anonymous_41)","decl":{"start":{"line":549,"column":8},"end":{"line":549,"column":9}},"loc":{"start":{"line":549,"column":66},"end":{"line":555,"column":9}},"line":549},"42":{"name":"(anonymous_42)","decl":{"start":{"line":560,"column":8},"end":{"line":560,"column":9}},"loc":{"start":{"line":560,"column":80},"end":{"line":566,"column":9}},"line":560},"43":{"name":"(anonymous_43)","decl":{"start":{"line":575,"column":8},"end":{"line":575,"column":9}},"loc":{"start":{"line":576,"column":12},"end":{"line":583,"column":14}},"line":576},"44":{"name":"(anonymous_44)","decl":{"start":{"line":588,"column":37},"end":{"line":588,"column":38}},"loc":{"start":{"line":588,"column":63},"end":{"line":596,"column":5}},"line":588},"45":{"name":"(anonymous_45)","decl":{"start":{"line":599,"column":8},"end":{"line":599,"column":9}},"loc":{"start":{"line":599,"column":67},"end":{"line":612,"column":9}},"line":599},"46":{"name":"(anonymous_46)","decl":{"start":{"line":608,"column":29},"end":{"line":608,"column":30}},"loc":{"start":{"line":608,"column":49},"end":{"line":608,"column":77}},"line":608},"47":{"name":"(anonymous_47)","decl":{"start":{"line":616,"column":41},"end":{"line":616,"column":42}},"loc":{"start":{"line":616,"column":53},"end":{"line":620,"column":5}},"line":616},"48":{"name":"(anonymous_48)","decl":{"start":{"line":622,"column":44},"end":{"line":622,"column":45}},"loc":{"start":{"line":622,"column":56},"end":{"line":624,"column":5}},"line":622},"49":{"name":"(anonymous_49)","decl":{"start":{"line":626,"column":46},"end":{"line":626,"column":47}},"loc":{"start":{"line":626,"column":58},"end":{"line":628,"column":5}},"line":626},"50":{"name":"(anonymous_50)","decl":{"start":{"line":630,"column":42},"end":{"line":630,"column":43}},"loc":{"start":{"line":630,"column":54},"end":{"line":632,"column":5}},"line":630},"51":{"name":"(anonymous_51)","decl":{"start":{"line":634,"column":43},"end":{"line":634,"column":44}},"loc":{"start":{"line":634,"column":55},"end":{"line":636,"column":5}},"line":634},"52":{"name":"(anonymous_
[...]
d":{"line":68,"column":5}},"line":65},"3":{"name":"(anonymous_3)","decl":{"start":{"line":79,"column":28},"end":{"line":79,"column":29}},"loc":{"start":{"line":79,"column":70},"end":{"line":81,"column":1}},"line":79},"4":{"name":"(anonymous_4)","decl":{"start":{"line":83,"column":32},"end":{"line":83,"column":33}},"loc":{"start":{"line":83,"column":66},"end":{"line":85,"column":1}},"line":83},"5":{"name":"(anonymous_5)","decl":{"start":{"line":87,"column":37},"end":{"line":87,"column":38}},"loc":{"start":{"line":89,"column":44},"end":{"line":91,"column":1}},"line":89},"6":{"name":"(anonymous_6)","decl":{"start":{"line":93,"column":35},"end":{"line":93,"column":36}},"loc":{"start":{"line":95,"column":46},"end":{"line":97,"column":1}},"line":95},"7":{"name":"(anonymous_7)","decl":{"start":{"line":99,"column":41},"end":{"line":99,"column":42}},"loc":{"start":{"line":101,"column":13},"end":{"line":105,"column":1}},"line":101},"8":{"name":"(anonymous_8)","decl":{"start":{"line":107,"column":37},"end":{"line":107,"column":38}},"loc":{"start":{"line":109,"column":13},"end":{"line":113,"column":1}},"line":109},"9":{"name":"(anonymous_9)","decl":{"start":{"line":115,"column":40},"end":{"line":115,"column":41}},"loc":{"start":{"line":118,"column":14},"end":{"line":130,"column":1}},"line":118},"10":{"name":"(anonymous_10)","decl":{"start":{"line":126,"column":8},"end":{"line":126,"column":9}},"loc":{"start":{"line":126,"column":21},"end":{"line":126,"column":74}},"line":126},"11":{"name":"(anonymous_11)","decl":{"start":{"line":132,"column":36},"end":{"line":132,"column":37}},"loc":{"start":{"line":135,"column":14},"end":{"line":142,"column":1}},"line":135},"12":{"name":"(anonymous_12)","decl":{"start":{"line":138,"column":8},"end":{"line":138,"column":9}},"loc":{"start":{"line":138,"column":21},"end":{"line":138,"column":74}},"line":138},"13":{"name":"(anonymous_13)","decl":{"start":{"line":144,"column":39},"end":{"line":144,"column":40}},"loc":{"start":{"line":148,"column":13},"end":{"line":153,"column":1}},"line":148},"14":{"name":"(anonymous_14)","decl":{"start":{"line":155,"column":32},"end":{"line":155,"column":33}},"loc":{"start":{"line":158,"column":13},"end":{"line":160,"column":1}},"line":158},"15":{"name":"(anonymous_15)","decl":{"start":{"line":162,"column":30},"end":{"line":162,"column":31}},"loc":{"start":{"line":165,"column":14},"end":{"line":167,"column":1}},"line":165},"16":{"name":"(anonymous_16)","decl":{"start":{"line":169,"column":45},"end":{"line":169,"column":46}},"loc":{"start":{"line":171,"column":14},"end":{"line":173,"column":1}},"line":171},"17":{"name":"(anonymous_17)","decl":{"start":{"line":175,"column":41},"end":{"line":175,"column":42}},"loc":{"start":{"line":175,"column":56},"end":{"line":177,"column":1}},"line":175},"18":{"name":"(anonymous_18)","decl":{"start":{"line":179,"column":28},"end":{"line":179,"column":29}},"loc":{"start":{"line":179,"column":76},"end":{"line":181,"column":1}},"line":179}},"branchMap":{"0":{"loc":{"start":{"line":22,"column":8},"end":{"line":29,"column":9}},"type":"if","locations":[{"start":{"line":22,"column":8},"end":{"line":29,"column":9}},{"start":{},"end":{}}],"line":22},"1":{"loc":{"start":{"line":24,"column":12},"end":{"line":24,"column":65}},"type":"if","locations":[{"start":{"line":24,"column":12},"end":{"line":24,"column":65}},{"start":{},"end":{}}],"line":24},"2":{"loc":{"start":{"line":32,"column":8},"end":{"line":32,"column":61}},"type":"if","locations":[{"start":{"line":32,"column":8},"end":{"line":32,"column":61}},{"start":{},"end":{}}],"line":32},"3":{"loc":{"start":{"line":55,"column":8},"end":{"line":61,"column":9}},"type":"if","locations":[{"start":{"line":55,"column":8},"end":{"line":61,"column":9}},{"start":{},"end":{}}],"line":55},"4":{"loc":{"start":{"line":55,"column":12},"end":{"line":55,"column":48}},"type":"binary-expr","locations":[{"start":{"line":55,"column":12},"end":{"line":55,"column":31}},{"start":{"line":55,"column":35},"end":{"line":55,"column":48}}],"line":55},"5":{"loc":{"start":{"line":84,"column":11},"end":{"line":84,"column":46}},"type":"cond-expr","locations":[{"start":{"line":84,"column":35},"end":{"line":84,"column":39}},{"start":{"line":84,"column":42},"end":{"line":84,"column":46}}],"line":84},"6":{"loc":{"start":{"line":103,"column":21},"end":{"line":103,"column":54}},"type":"binary-expr","locations":[{"start":{"line":103,"column":21},"end":{"line":103,"column":37}},{"start":{"line":103,"column":41},"end":{"line":103,"column":54}}],"line":103},"7":{"loc":{"start":{"line":111,"column":21},"end":{"line":111,"column":56}},"type":"binary-expr","locations":[{"start":{"line":111,"column":21},"end":{"line":111,"column":39}},{"start":{"line":111,"column":43},"end":{"line":111,"column":56}}],"line":111},"8":{"loc":{"start":{"line":120,"column":4},"end":{"line":122,"column":5}},"type":"if","locations":[{"start":{"line":120,"column":4},"end":{"line":122,"column":5}},{"start":{},"end":{}}],"line":120},"9":{"loc":{"start":{"line":126,"column":21},"end":{"line":126,"column":74}},"type":"binary-expr","locations":[{"start":{"line":126,"column":21},"end":{"line":126,"column":54}},{"start":{"line":126,"column":58},"end":{"line":126,"column":74}}],"line":126},"10":{"loc":{"start":{"line":129,"column":11},"end":{"line":129,"column":37}},"type":"binary-expr","locations":[{"start":{"line":129,"column":11},"end":{"line":129,"column":28}},{"start":{"line":129,"column":32},"end":{"line":129,"column":37}}],"line":129},"11":{"loc":{"start":{"line":138,"column":21},"end":{"line":138,"column":74}},"type":"binary-expr","locations":[{"start":{"line":138,"column":21},"end":{"line":138,"column":54}},{"start":{"line":138,"column":58},"end":{"line":138,"column":74}}],"line":138},"12":{"loc":{"start":{"line":141,"column":11},"end":{"line":141,"column":37}},"type":"binary-expr","locations":[{"start":{"line":141,"column":11},"end":{"line":141,"column":28}},{"start":{"line":141,"column":32},"end":{"line":141,"column":37}}],"line":141},"13":{"loc":{"start":{"line":149,"column":4},"end":{"line":151,"column":5}},"type":"if","locations":[{"start":{"line":149,"column":4},"end":{"line":151,"column":5}},{"start":{},"end":{}}],"line":149},"14":{"loc":{"start":{"line":152,"column":15},"end":{"line":152,"column":41}},"type":"binary-expr","locations":[{"start":{"line":152,"column":15},"end":{"line":152,"column":28}},{"start":{"line":152,"column":32},"end":{"line":152,"column":41}}],"line":152},"15":{"loc":{"start":{"line":159,"column":11},"end":{"line":159,"column":71}},"type":"cond-expr","locations":[{"start":{"line":159,"column":35},"end":{"line":159,"column":53}},{"start":{"line":159,"column":56},"end":{"line":159,"column":71}}],"line":159},"16":{"loc":{"start":{"line":166,"column":11},"end":{"line":166,"column":50}},"type":"binary-expr","locations":[{"start":{"line":166,"column":11},"end":{"line":166,"column":36}},{"start":{"line":166,"column":40},"end":{"line":166,"column":50}}],"line":166},"17":{"loc":{"start":{"line":180,"column":11},"end":{"line":180,"column":48}},"type":"binary-expr","locations":[{"start":{"line":180,"column":11},"end":{"line":180,"column":25}},{"start":{"line":180,"column":29},"end":{"line":180,"column":48}}],"line":180}},"s":{"0":0,"1":0,"2":0,"3":0,"4":0,"5":0,"6":0,"7":0,"8":0,"9":0,"10":0,"11":0,"12":0,"13":0,"14":0,"15":0,"16":0,"17":0,"18":0,"19":0,"20":0,"21":0,"22":0,"23":0,"24":0,"25":0,"26":0,"27":0,"28":0,"29":0,"30":0,"31":0,"32":0,"33":0,"34":0,"35":0,"36":0,"37":0,"38":0,"39":0,"40":0,"41":0,"42":0,"43":0,"44":0,"45":0,"46":0,"47":0,"48":0,"49":0,"50":0,"51":0,"52":0,"53":0,"54":0,"55":0,"56":0,"57":0,"58":0,"59":0,"60":0,"61":0,"62":0,"63":0,"64":0,"65":0,"66":0},"f":{"0":0,"1":0,"2":0,"3":0,"4":0,"5":0,"6":0,"7":0,"8":0,"9":0,"10":0,"11":0,"12":0,"13":0,"14":0,"15":0,"16":0,"17":0,"18":0},"b":{"0":[0,0],"1":[0,0],"2":[0,0],"3":[0,0],"4":[0,0],"5":[0,0],"6":[0,0],"7":[0,0],"8":[0,0],"9":[0,0],"10":[0,0],"11":[0,0],"12":[0,0],"13":[0,0],"14":[0,0],"15":[0,0],"16":[0,0],"17":[0,0]}}
,"C:\\CODE\\RawCut\\src\\utils\\tvDetail.utils.ts": {"path":"C:\\CODE\\RawCut\\src\\utils\\tvDetail.utils.ts","statementMap":{"0":{"start":{"line":19,"column":31},"end":{"line":30,"column":1}},"1":{"start":{"line":20,"column":28},"end":{"line":25,"column":5}},"2":{"start":{"line":22,"column":12},"end":{"line":24,"column":26}},"3":{"start":{"line":27,"column":4},"end":{"line":29,"column":6}},"4":{"start":{"line":28,"column":19},"end":{"line":28,"column":71}},"5":{"start":{"line":32,"column":33},"end":{"line":35,"column":1}},"6":{"start":{"line":33,"column":20},"end":{"line":33,"column":43}},"7":{"start":{"line":34,"column":4},"end":{"line":34,"column":32}},"8":{"start":{"line":37,"column":30},"end":{"line":51,"column":1}},"9":{"start":{"line":40,"column":61},"end":{"line":44,"column":6}},"10":{"start":{"line":46,"column":4},"end":{"line":50,"column":6}},"11":{"start":{"line":53,"column":34},"end":{"line":59,"column":1}},"12":{"start":{"line":57,"column":17},"end":{"line":57,"column":61}},"13":{"start":{"line":58,"column":4},"end":{"line":58,"column":25}},"14":{"start":{"line":61,"column":27},"end":{"line":64,"column":1}},"15":{"start":{"line":62,"column":4},"end":{"line":62,"column":33}},"16":{"start":{"line":62,"column":23},"end":{"line":62,"column":33}},"17":{"start":{"line":63,"column":4},"end":{"line":63,"column":38}},"18":{"start":{"line":66,"column":28},"end":{"line":68,"column":1}},"19":{"start":{"line":67,"column":4},"end":{"line":67,"column":34}},"20":{"start":{"line":70,"column":37},"end":{"line":79,"column":1}},"21":{"start":{"line":73,"column":4},"end":{"line":73,"column":28}},"22":{"start":{"line":73,"column":18},"end":{"line":73,"column":28}},"23":{"start":{"line":75,"column":4},"end":{"line":78,"column":8}},"24":{"start":{"line":75,"column":36},"end":{"line":78,"column":5}},"25":{"start":{"line":81,"column":27},"end":{"line":86,"column":1}},"26":{"start":{"line":84,"column":4},"end":{"line":84,"column":56}},"27":{"start":{"line":84,"column":46},"end":{"line":84,"column":56}},"28":{"start":{"line":85,"column":4},"end":{"line":85,"column":63}},"29":{"start":{"line":85,"column":38},"end":{"line":85,"column":50}},"30":{"start":{"line":88,"column":28},"end":{"line":95,"column":1}},"31":{"start":{"line":91,"column":4},"end":{"line":91,"column":25}},"32":{"start":{"line":91,"column":15},"end":{"line":91,"column":25}},"33":{"start":{"line":92,"column":4},"end":{"line":94,"column":41}},"34":{"start":{"line":93,"column":28},"end":{"line":93,"column":94}},"35":{"start":{"line":97,"column":31},"end":{"line":99,"column":1}},"36":{"start":{"line":98,"column":4},"end":{"line":98,"column":63}},"37":{"start":{"line":98,"column":39},"end":{"line":98,"column":50}},"38":{"start":{"line":101,"column":28},"end":{"line":106,"column":1}},"39":{"start":{"line":105,"column":4},"end":{"line":105,"column":41}},"40":{"start":{"line":108,"column":30},"end":{"line":110,"column":1}},"41":{"start":{"line":109,"column":4},"end":{"line":109,"column":49}},"42":{"start":{"line":112,"column":27},"end":{"line":117,"column":1}},"43":{"start":{"line":116,"column":4},"end":{"line":116,"column":40}},"44":{"start":{"line":119,"column":29},"end":{"line":123,"column":1}},"45":{"start":{"line":120,"column":4},"end":{"line":120,"column":25}},"46":{"start":{"line":120,"column":13},"end":{"line":120,"column":25}},"47":{"start":{"line":121,"column":19},"end":{"line":121,"column":42}},"48":{"start":{"line":122,"column":4},"end":{"line":122,"column":48}},"49":{"start":{"line":125,"column":27},"end":{"line":129,"column":1}},"50":{"start":{"line":128,"column":4},"end":{"line":128,"column":47}},"51":{"start":{"line":131,"column":28},"end":{"line":133,"column":1}},"52":{"start":{"line":132,"column":4},"end":{"line":132,"column":41}},"53":{"start":{"line":135,"column":25},"end":{"line":135,"column":75}},"54":{"start":{"line":135,"column":61},"end":{"line":135,"column":75}}},"fnMap":{"0":{"name":"(anonymous_0)","decl":{"start":{"line":19,"column":31},"end":{"line":19,"column":32}},"loc":{"start":{"line":19,"column":71},"end":{"line":30,"column":1}},"line":19},"1":{"name":"(anonymous_1)","decl":{"start":{"line":21,"column":8},"end":{"line":21,"column":9}},"loc":{"start":{"line":22,"column":12},"end":{"line":24,"column":26}},"line":22},"2":{"name":"(anonymous_2)","decl":{"start":{"line":28,"column":8},"end":{"line":28,"column":9}},"loc":{"start":{"line":28,"column":19},"end":{"line":28,"column":71}},"line":28},"3":{"name":"(anonymous_3)","decl":{"start":{"line":32,"column":33},"end":{"line":32,"column":34}},"loc":{"start":{"line":32,"column":69},"end":{"line":35,"column":1}},"line":32},"4":{"name":"(anonymous_4)","decl":{"start":{"line":37,"column":30},"end":{"line":37,"column":31}},"loc":{"start":{"line":39,"column":32},"end":{"line":51,"column":1}},"line":39},"5":{"name":"(anonymous_5)","decl":{"start":{"line":53,"column":34},"end":{"line":53,"column":35}},"loc":{"start":{"line":56,"column":25},"end":{"line":59,"column":1}},"line":56},"6":{"name":"(anonymous_6)","decl":{"start":{"line":61,"column":27},"end":{"line":61,"column":28}},"loc":{"start":{"line":61,"column":73},"end":{"line":64,"column":1}},"line":61},"7":{"name":"(anonymous_7)","decl":{"start":{"line":66,"column":28},"end":{"line":66,"column":29}},"loc":{"start":{"line":66,"column":61},"end":{"line":68,"column":1}},"line":66},"8":{"name":"(anonymous_8)","decl":{"start":{"line":70,"column":37},"end":{"line":70,"column":38}},"loc":{"start":{"line":72,"column":27},"end":{"line":79,"column":1}},"line":72},"9":{"name":"(anonymous_9)","decl":{"start":{"line":75,"column":23},"end":{"line":75,"column":24}},"loc":{"start":{"line":75,"column":36},"end":{"line":78,"column":5}},"line":75},"10":{"name":"(anonymous_10)","decl":{"start":{"line":81,"column":27},"end":{"line":81,"column":28}},"loc":{"start":{"line":83,"column":13},"end":{"line":86,"column":1}},"line":83},"11":{"name":"(anonymous_11)","decl":{"start":{"line":85,"column":25},"end":{"line":85,"column":26}},"loc":{"start":{"line":85,"column":38},"end":{"line":85,"column":50}},"line":85},"12":{"name":"(anonymous_12)","decl":{"start":{"line":88,"column":28},"end":{"line":88,"column":29}},"loc":{"start":{"line":90,"column":19},"end":{"line":95,"column":1}},"line":90},"13":{"name":"(anonymous_13)","decl":{"start":{"line":93,"column":16},"end":{"line":93,"column":17}},"loc":{"start":{"line":93,"column":28},"end":{"line":93,"column":94}},"line":93},"14":{"name":"(anonymous_14)","decl":{"start":{"line":97,"column":31},"end":{"line":97,"column":32}},"loc":{"start":{"line":97,"column":70},"end":{"line":99,"column":1}},"line":97},"15":{"name":"(anonymous_15)","decl":{"start":{"line":98,"column":27},"end":{"line":98,"column":28}},"loc":{"start":{"line":98,"column":39},"end":{"line":98,"column":50}},"line":98},"16":{"name":"(anonymous_16)","decl":{"start":{"line":101,"column":28},"end":{"line":101,"column":29}},"loc":{"start":{"line":104,"column":20},"end":{"line":106,"column":1}},"line":104},"17":{"name":"(anonymous_17)","decl":{"start":{"line":108,"column":30},"end":{"line":108,"column":31}},"loc":{"start":{"line":108,"column":78},"end":{"line":110,"column":1}},"line":108},"18":{"name":"(anonymous_18)","decl":{"start":{"line":112,"column":27},"end":{"line":112,"column":28}},"loc":{"start":{"line":115,"column":20},"end":{"line":117,"column":1}},"line":115},"19":{"name":"(anonymous_19)","decl":{"start":{"line":119,"column":29},"end":{"line":119,"column":30}},"loc":{"start":{"line":119,"column":72},"end":{"line":123,"column":1}},"line":119},"20":{"name":"(anonymous_20)","decl":{"start":{"line":125,"column":27},"end":{"line":125,"column":28}},"loc":{"start":{"line":127,"column":14},"end":{"line":129,"column":1}},"line":127},"21":{"name":"(anonymous_21)","decl":{"start":{"line":131,"column":28},"end":{"line":131,"column":29}},"loc":{"start":{"line":131,"column":73},"end":{"line":133,"column":1}},"line":131},"22":{"name":"(anonymous_22)","decl":{"start":{"line":135,"column":25},"end":{"line":135,"column":26}},"loc":{"start":{"line":135,"column":61},"end":{"line":135,"column":75}},"line":135}},"branchMap":{"0":{"loc":{"start":{"line":22,"column":12},"end":{"line":24,"column":26}},"type":"binary-expr","locations":[{"start":{"line":22,"column":12},"end":{"line":22,"column":36}},{"start":{"line":23,"column":12},"end":{"line":23,"column":36}},{"start":{"line":24,"column":12},"end":{"line":24,"column":26}}],"line":22},"1":{"loc":{"start":{"line":27,"column":11},"end":{"line":29,"column":5}},"type":"binary-expr","locations":[{"start":{"line":27,"column":11},"end":{"line":27,"column":26}},{"start":{"line":27,"column":30},"end":{"line":29,"column":5}}],"line":27},"2":{"loc":{"start":{"line":28,"column":19},"end":{"line":28,"column":71}},"type":"binary-expr","locations":[{"start":{"line":28,"column":19},"end":{"line":28,"column":43}},{"start":{"line":28,"column":47},"end":{"line":28,"column":71}}],"line":28},"3":{"loc":{"start":{"line":34,"column":11},"end":{"line":34,"column":31}},"type":"binary-expr","locations":[{"start":{"line":34,"column":11},"end":{"line":34,"column":23}},{"start":{"line":34,"column":27},"end":{"line":34,"column":31}}],"line":34},"4":{"loc":{"start":{"line":62,"column":4},"end":{"line":62,"column":33}},"type":"if","locations":[{"start":{"line":62,"column":4},"end":{"line":62,"column":33}},{"start":{},"end":{}}],"line":62},"5":{"loc":{"start":{"line":73,"column":4},"end":{"line":73,"column":28}},"type":"if","locations":[{"start":{"line":73,"column":4},"end":{"line":73,"column":28}},{"start":{},"end":{}}],"line":73},"6":{"loc":{"start":{"line":84,"column":4},"end":{"line":84,"column":56}},"type":"if","locations":[{"start":{"line":84,"column":4},"end":{"line":84,"column":56}},{"start":{},"end":{}}],"line":84},"7":{"loc":{"start":{"line":84,"column":8},"end":{"line":84,"column":44}},"type":"binary-expr","locations":[{"start":{"line":84,"column":8},"end":{"line":84,"column":18}},{"start":{"line":84,"column":22},"end":{"line":84,"column":44}}],"line":84},"8":{"loc":{"start":{"line":91,"column":4},"end":{"line":91,"column":25}},"type":"if","locations":[{"start":{"line":91,"column":4},"end":{"line":91,"column":25}},{"start":{},"end":{}}],"line":91},"9":{"loc":{"start":{"line":103,"column":4},"end":{"line":103,"column":43}},"type":"default-arg","locations":[{"start":{"line":103,"column":37},"end":{"line":103,"column":43}}],"line":103},"10":{"loc":{"start":{"line":114,"column":4},"end":{"line":114,"column":34}},"type":"default-arg","locations":[{"start":{"line":114,"column":28},"end":{"line":114,"column":34}}],"line":114},"11":{"loc":{"start":{"line":120,"column":4},"end":{"line":120,"column":25}},"type":"if","locations":[{"start":{"line":120,"column":4},"end":{"line":120,"column":25}},{"start":{},"end":{}}],"line":120},"12":{"loc":{"start":{"line":122,"column":11},"end":{"line":122,"column":47}},"type":"cond-expr","locations":[{"start":{"line":122,"column":34},"end":{"line":122,"column":38}},{"start":{"line":122,"column":41},"end":{"line":122,"column":47}}],"line":122},"13":{"loc":{"start":{"line":128,"column":11},"end":{"line":128,"column":46}},"type":"binary-expr","locations":[{"start":{"line":128,"column":11},"end":{"line":128,"column":22}},{"start":{"line":128,"column":26},"end":{"line":128,"column":46}}],"line":128}},"s":{"0":0,"1":0,"2":0,"3":0,"4":0,"5":0,"6":0,"7":0,"8":0,"9":0,"10":0,"11":0,"12":0,"13":0,"14":0,"15":0,"16":0,"17":0,"18":0,"19":0,"20":0,"21":0,"22":0,"23":0,"24":0,"25":0,"26":0,"27":0,"28":0,"29":0,"30":0,"31":0,"32":0,"33":0,"34":0,"35":0,"36":0,"37":0,"38":0,"39":0,"40":0,"41":0,"42":0,"43":0,"44":0,"45":0,"46":0,"47":0,"48":0,"49":0,"50":0,"51":0,"52":0,"53":0,"54":0},"f":{"0":0,"1":0,"2":0,"3":0,"4":0,"5":0,"6":0,"7":0,"8":0,"9":0,"10":0,"11":0,"12":0,"13":0,"14":0,"15":0,"16":0,"17":0,"18":0,"19":0,"20":0,"21":0,"22":0},"b":{"0":[0,0,0],"1":[0,0],"2":[0,0],"3":[0,0],"4":[0,0],"5":[0,0],"6":[0,0],"7":[0,0],"8":[0,0],"9":[0],"10":[0],"11":[0,0],"12":[0,0],"13":[0,0]}}
}
