TN:
SF:app\_layout.tsx
FN:47,isInvalidTokenError
FN:48,(anonymous_1)
FN:59,withTimeout
FN:66,(anonymous_3)
FN:67,(anonymous_4)
FN:70,(anonymous_5)
FN:75,isTimeoutError
FN:79,isNetworkError
FN:92,fetchProfileSafely
FN:106,RootLayout
FN:123,(anonymous_10)
FN:136,(anonymous_11)
FN:145,(anonymous_12)
FN:171,(anonymous_13)
FN:188,(anonymous_14)
FN:248,(anonymous_15)
FN:269,(anonymous_16)
FN:275,(anonymous_17)
FN:279,(anonymous_18)
FN:290,(anonymous_19)
FN:303,(anonymous_20)
FN:329,(anonymous_21)
FN:339,(anonymous_22)
FN:349,(anonymous_23)
FNF:24
FNH:0
FNDA:0,isInvalidTokenError
FNDA:0,(anonymous_1)
FNDA:0,withTimeout
FNDA:0,(anonymous_3)
FNDA:0,(anonymous_4)
FNDA:0,(anonymous_5)
FNDA:0,isTimeoutError
FNDA:0,isNetworkError
FNDA:0,fetchProfileSafely
FNDA:0,RootLayout
FNDA:0,(anonymous_10)
FNDA:0,(anonymous_11)
FNDA:0,(anonymous_12)
FNDA:0,(anonymous_13)
FNDA:0,(anonymous_14)
FNDA:0,(anonymous_15)
FNDA:0,(anonymous_16)
FNDA:0,(anonymous_17)
FNDA:0,(anonymous_18)
FNDA:0,(anonymous_19)
FNDA:0,(anonymous_20)
FNDA:0,(anonymous_21)
FNDA:0,(anonymous_22)
FNDA:0,(anonymous_23)
DA:32,0
DA:34,0
DA:36,0
DA:41,0
DA:48,0
DA:51,0
DA:66,0
DA:67,0
DA:70,0
DA:71,0
DA:76,0
DA:80,0
DA:81,0
DA:82,0
DA:93,0
DA:94,0
DA:99,0
DA:101,0
DA:102,0
DA:107,0
DA:108,0
DA:112,0
DA:113,0
DA:114,0
DA:119,0
DA:123,0
DA:125,0
DA:136,0
DA:137,0
DA:138,0
DA:144,0
DA:146,0
DA:148,0
DA:153,0
DA:155,0
DA:156,0
DA:157,0
DA:159,0
DA:171,0
DA:174,0
DA:178,0
DA:181,0
DA:183,0
DA:184,0
DA:188,0
DA:189,0
DA:191,0
DA:195,0
DA:201,0
DA:203,0
DA:204,0
DA:205,0
DA:208,0
DA:211,0
DA:213,0
DA:214,0
DA:215,0
DA:216,0
DA:220,0
DA:222,0
DA:225,0
DA:228,0
DA:230,0
DA:231,0
DA:236,0
DA:237,0
DA:240,0
DA:245,0
DA:248,0
DA:249,0
DA:250,0
DA:252,0
DA:254,0
DA:255,0
DA:260,0
DA:261,0
DA:263,0
DA:264,0
DA:269,0
DA:270,0
DA:273,0
DA:276,0
DA:279,0
DA:280,0
DA:281,0
DA:282,0
DA:290,0
DA:291,0
DA:292,0
DA:293,0
DA:303,0
DA:304,0
DA:305,0
DA:308,0
DA:313,0
DA:314,0
DA:316,0
DA:318,0
DA:319,0
DA:320,0
DA:321,0
DA:322,0
DA:323,0
DA:329,0
DA:330,0
DA:331,0
DA:332,0
DA:334,0
DA:340,0
DA:342,0
DA:343,0
DA:345,0
DA:347,0
DA:350,0
DA:351,0
DA:352,0
DA:353,0
DA:355,0
DA:359,0
DA:366,0
DA:367,0
DA:383,0
DA:384,0
DA:386,0
DA:479,0
LF:125
LH:0
BRDA:76,0,0,0
BRDA:76,0,1,0
BRDA:80,1,0,0
BRDA:80,1,1,0
BRDA:83,2,0,0
BRDA:83,2,1,0
BRDA:83,2,2,0
BRDA:83,2,3,0
BRDA:83,2,4,0
BRDA:83,2,5,0
BRDA:102,3,0,0
BRDA:102,3,1,0
BRDA:146,4,0,0
BRDA:146,4,1,0
BRDA:155,5,0,0
BRDA:155,5,1,0
BRDA:155,6,0,0
BRDA:155,6,1,0
BRDA:174,7,0,0
BRDA:174,7,1,0
BRDA:184,8,0,0
BRDA:184,8,1,0
BRDA:201,9,0,0
BRDA:201,9,1,0
BRDA:203,10,0,0
BRDA:203,10,1,0
BRDA:213,11,0,0
BRDA:213,11,1,0
BRDA:215,12,0,0
BRDA:215,12,1,0
BRDA:215,13,0,0
BRDA:215,13,1,0
BRDA:220,14,0,0
BRDA:220,14,1,0
BRDA:222,15,0,0
BRDA:222,15,1,0
BRDA:222,16,0,0
BRDA:222,16,1,0
BRDA:232,17,0,0
BRDA:232,17,1,0
BRDA:236,18,0,0
BRDA:236,18,1,0
BRDA:249,19,0,0
BRDA:249,19,1,0
BRDA:254,20,0,0
BRDA:254,20,1,0
BRDA:254,21,0,0
BRDA:254,21,1,0
BRDA:260,22,0,0
BRDA:260,22,1,0
BRDA:263,23,0,0
BRDA:263,23,1,0
BRDA:263,24,0,0
BRDA:263,24,1,0
BRDA:291,25,0,0
BRDA:291,25,1,0
BRDA:291,26,0,0
BRDA:291,26,1,0
BRDA:304,27,0,0
BRDA:304,27,1,0
BRDA:316,28,0,0
BRDA:316,28,1,0
BRDA:318,29,0,0
BRDA:318,29,1,0
BRDA:318,30,0,0
BRDA:318,30,1,0
BRDA:321,31,0,0
BRDA:321,31,1,0
BRDA:321,32,0,0
BRDA:321,32,1,0
BRDA:321,32,2,0
BRDA:340,33,0,0
BRDA:340,33,1,0
BRDA:342,34,0,0
BRDA:342,34,1,0
BRDA:350,35,0,0
BRDA:350,35,1,0
BRDA:351,36,0,0
BRDA:351,36,1,0
BRDA:351,37,0,0
BRDA:351,37,1,0
BRDA:356,38,0,0
BRDA:356,38,1,0
BRDA:366,39,0,0
BRDA:366,39,1,0
BRDA:366,40,0,0
BRDA:366,40,1,0
BRDA:383,41,0,0
BRDA:383,41,1,0
BRDA:391,42,0,0
BRDA:391,42,1,0
BRDA:414,43,0,0
BRDA:414,43,1,0
BRDA:423,44,0,0
BRDA:423,44,1,0
BRDA:442,45,0,0
BRDA:442,45,1,0
BRF:97
BRH:0
end_of_record
TN:
SF:app\help.tsx
FN:34,(anonymous_0)
FN:72,HelpCenterScreen
FN:78,(anonymous_2)
FN:80,(anonymous_3)
FN:84,(anonymous_4)
FN:90,(anonymous_5)
FN:105,(anonymous_6)
FN:108,(anonymous_7)
FN:114,(anonymous_8)
FN:126,(anonymous_9)
FN:160,(anonymous_10)
FN:166,(anonymous_11)
FNF:12
FNH:0
FNDA:0,(anonymous_0)
FNDA:0,HelpCenterScreen
FNDA:0,(anonymous_2)
FNDA:0,(anonymous_3)
FNDA:0,(anonymous_4)
FNDA:0,(anonymous_5)
FNDA:0,(anonymous_6)
FNDA:0,(anonymous_7)
FNDA:0,(anonymous_8)
FNDA:0,(anonymous_9)
FNDA:0,(anonymous_10)
FNDA:0,(anonymous_11)
DA:22,0
DA:23,0
DA:24,0
DA:34,0
DA:73,0
DA:74,0
DA:75,0
DA:76,0
DA:78,0
DA:80,0
DA:81,0
DA:82,0
DA:83,0
DA:85,0
DA:90,0
DA:91,0
DA:105,0
DA:108,0
DA:109,0
DA:110,0
DA:111,0
DA:112,0
DA:114,0
DA:115,0
DA:116,0
DA:118,0
DA:123,0
DA:126,0
DA:161,0
DA:162,0
DA:166,0
DA:203,0
LF:32
LH:0
BRDA:22,0,0,0
BRDA:22,0,1,0
BRDA:23,1,0,0
BRDA:23,1,1,0
BRDA:81,2,0,0
BRDA:81,2,1,0
BRDA:85,3,0,0
BRDA:85,3,1,0
BRDA:105,4,0,0
BRDA:105,4,1,0
BRDA:115,5,0,0
BRDA:115,5,1,0
BRDA:153,6,0,0
BRDA:153,6,1,0
BRDA:169,7,0,0
BRDA:169,7,1,0
BRDA:173,8,0,0
BRDA:173,8,1,0
BRDA:175,9,0,0
BRDA:175,9,1,0
BRDA:179,10,0,0
BRDA:179,10,1,0
BRDA:252,11,0,0
BRDA:252,11,1,0
BRF:24
BRH:0
end_of_record
TN:
SF:app\login.tsx
FN:13,LoginScreen
FN:30,(anonymous_1)
FNF:2
FNH:2
FNDA:9,LoginScreen
FNDA:2,(anonymous_1)
DA:14,9
DA:15,9
DA:21,9
DA:29,9
DA:31,2
DA:32,2
DA:34,2
DA:35,2
DA:43,0
DA:49,9
LF:10
LH:9
BRF:0
BRH:0
end_of_record
TN:
SF:app\privacy.tsx
FN:9,PrivacyPolicyScreen
FN:16,(anonymous_1)
FNF:2
FNH:0
FNDA:0,PrivacyPolicyScreen
FNDA:0,(anonymous_1)
DA:10,0
DA:11,0
DA:13,0
DA:16,0
DA:64,0
LF:5
LH:0
BRDA:94,0,0,0
BRDA:94,0,1,0
BRF:2
BRH:0
end_of_record
TN:
SF:app\register.tsx
FN:12,RegisterScreen
FN:31,(anonymous_1)
FNF:2
FNH:0
FNDA:0,RegisterScreen
FNDA:0,(anonymous_1)
DA:13,0
DA:14,0
DA:20,0
DA:30,0
DA:32,0
DA:33,0
DA:35,0
DA:36,0
DA:41,0
DA:47,0
LF:10
LH:0
BRF:0
BRH:0
end_of_record
TN:
SF:app\terms.tsx
FN:9,TermsOfServiceScreen
FN:16,(anonymous_1)
FNF:2
FNH:0
FNDA:0,TermsOfServiceScreen
FNDA:0,(anonymous_1)
DA:10,0
DA:11,0
DA:13,0
DA:16,0
DA:60,0
LF:5
LH:0
BRDA:90,0,0,0
BRDA:90,0,1,0
BRF:2
BRH:0
end_of_record
TN:
SF:app\(tabs)\_layout.tsx
FN:23,(anonymous_0)
FN:26,(anonymous_1)
FN:34,TabLayout
FN:36,(anonymous_3)
FN:37,(anonymous_4)
FN:40,(anonymous_5)
FN:41,(anonymous_6)
FN:43,(anonymous_7)
FN:47,(anonymous_8)
FN:61,(anonymous_9)
FNF:10
FNH:0
FNDA:0,(anonymous_0)
FNDA:0,(anonymous_1)
FNDA:0,TabLayout
FNDA:0,(anonymous_3)
FNDA:0,(anonymous_4)
FNDA:0,(anonymous_5)
FNDA:0,(anonymous_6)
FNDA:0,(anonymous_7)
FNDA:0,(anonymous_8)
FNDA:0,(anonymous_9)
DA:23,0
DA:24,0
DA:26,0
DA:28,0
DA:35,0
DA:36,0
DA:37,0
DA:38,0
DA:40,0
DA:41,0
DA:42,0
DA:43,0
DA:47,0
DA:48,0
DA:51,0
DA:53,0
DA:55,0
DA:56,0
DA:57,0
DA:59,0
DA:61,0
DA:62,0
DA:66,0
LF:23
LH:0
BRDA:31,0,0,0
BRDA:31,0,1,0
BRDA:48,1,0,0
BRDA:48,1,1,0
BRDA:115,2,0,0
BRDA:115,2,1,0
BRF:6
BRH:0
end_of_record
TN:
SF:app\(tabs)\favorites.tsx
FN:11,FavoritesScreen
FN:13,(anonymous_1)
FN:14,(anonymous_2)
FN:15,(anonymous_3)
FN:16,(anonymous_4)
FN:17,(anonymous_5)
FN:22,(anonymous_6)
FN:29,(anonymous_7)
FN:45,(anonymous_8)
FN:61,(anonymous_9)
FNF:10
FNH:0
FNDA:0,FavoritesScreen
FNDA:0,(anonymous_1)
FNDA:0,(anonymous_2)
FNDA:0,(anonymous_3)
FNDA:0,(anonymous_4)
FNDA:0,(anonymous_5)
FNDA:0,(anonymous_6)
FNDA:0,(anonymous_7)
FNDA:0,(anonymous_8)
FNDA:0,(anonymous_9)
DA:12,0
DA:13,0
DA:14,0
DA:15,0
DA:16,0
DA:17,0
DA:19,0
DA:21,0
DA:23,0
DA:24,0
DA:28,0
DA:30,0
DA:31,0
DA:32,0
DA:33,0
DA:35,0
DA:38,0
DA:44,0
DA:46,0
DA:47,0
DA:48,0
DA:49,0
DA:51,0
DA:54,0
DA:60,0
DA:62,0
DA:63,0
DA:65,0
DA:71,0
DA:92,0
LF:30
LH:0
BRDA:23,0,0,0
BRDA:23,0,1,0
BRDA:32,1,0,0
BRDA:32,1,1,0
BRDA:48,2,0,0
BRDA:48,2,1,0
BRF:6
BRH:0
end_of_record
TN:
SF:app\(tabs)\index.tsx
FN:105,(anonymous_0)
FN:128,(anonymous_1)
FN:134,(anonymous_2)
FN:169,(anonymous_3)
FN:171,(anonymous_4)
FN:209,(anonymous_5)
FN:220,(anonymous_6)
FN:221,(anonymous_7)
FN:222,(anonymous_8)
FN:224,(anonymous_9)
FN:225,(anonymous_10)
FN:236,(anonymous_11)
FN:237,(anonymous_12)
FN:238,(anonymous_13)
FN:239,(anonymous_14)
FN:245,HomeScreen
FN:298,(anonymous_16)
FN:303,(anonymous_17)
FN:308,(anonymous_18)
FN:310,(anonymous_19)
FN:318,(anonymous_20)
FN:327,(anonymous_21)
FN:328,(anonymous_22)
FN:329,(anonymous_23)
FN:340,(anonymous_24)
FN:346,(anonymous_25)
FN:348,(anonymous_26)
FN:354,(anonymous_27)
FN:368,(anonymous_28)
FN:377,(anonymous_29)
FN:389,(anonymous_30)
FN:396,(anonymous_31)
FN:408,(anonymous_32)
FN:425,(anonymous_33)
FN:442,(anonymous_34)
FN:453,(anonymous_35)
FN:473,(anonymous_36)
FN:499,(anonymous_37)
FN:507,(anonymous_38)
FN:513,(anonymous_39)
FN:531,(anonymous_40)
FN:549,(anonymous_41)
FN:560,(anonymous_42)
FN:575,(anonymous_43)
FN:588,(anonymous_44)
FN:599,(anonymous_45)
FN:608,(anonymous_46)
FN:616,(anonymous_47)
FN:622,(anonymous_48)
FN:626,(anonymous_49)
FN:630,(anonymous_50)
FN:634,(anonymous_51)
FN:642,(anonymous_52)
FN:664,(anonymous_53)
FN:674,(anonymous_54)
FN:678,(anonymous_55)
FN:686,(anonymous_56)
FN:690,(anonymous_57)
FN:698,(anonymous_58)
FN:716,(anonymous_59)
FN:722,(anonymous_60)
FN:742,(anonymous_61)
FN:765,(anonymous_62)
FN:800,(anonymous_63)
FN:818,(anonymous_64)
FN:839,(anonymous_65)
FN:860,(anonymous_66)
FN:885,(anonymous_67)
FN:898,(anonymous_68)
FN:946,(anonymous_69)
FN:972,(anonymous_70)
FNF:71
FNH:0
FNDA:0,(anonymous_0)
FNDA:0,(anonymous_1)
FNDA:0,(anonymous_2)
FNDA:0,(anonymous_3)
FNDA:0,(anonymous_4)
FNDA:0,(anonymous_5)
FNDA:0,(anonymous_6)
FNDA:0,(anonymous_7)
FNDA:0,(anonymous_8)
FNDA:0,(anonymous_9)
FNDA:0,(anonymous_10)
FNDA:0,(anonymous_11)
FNDA:0,(anonymous_12)
FNDA:0,(anonymous_13)
FNDA:0,(anonymous_14)
FNDA:0,HomeScreen
FNDA:0,(anonymous_16)
FNDA:0,(anonymous_17)
FNDA:0,(anonymous_18)
FNDA:0,(anonymous_19)
FNDA:0,(anonymous_20)
FNDA:0,(anonymous_21)
FNDA:0,(anonymous_22)
FNDA:0,(anonymous_23)
FNDA:0,(anonymous_24)
FNDA:0,(anonymous_25)
FNDA:0,(anonymous_26)
FNDA:0,(anonymous_27)
FNDA:0,(anonymous_28)
FNDA:0,(anonymous_29)
FNDA:0,(anonymous_30)
FNDA:0,(anonymous_31)
FNDA:0,(anonymous_32)
FNDA:0,(anonymous_33)
FNDA:0,(anonymous_34)
FNDA:0,(anonymous_35)
FNDA:0,(anonymous_36)
FNDA:0,(anonymous_37)
FNDA:0,(anonymous_38)
FNDA:0,(anonymous_39)
FNDA:0,(anonymous_40)
FNDA:0,(anonymous_41)
FNDA:0,(anonymous_42)
FNDA:0,(anonymous_43)
FNDA:0,(anonymous_44)
FNDA:0,(anonymous_45)
FNDA:0,(anonymous_46)
FNDA:0,(anonymous_47)
FNDA:0,(anonymous_48)
FNDA:0,(anonymous_49)
FNDA:0,(anonymous_50)
FNDA:0,(anonymous_51)
FNDA:0,(anonymous_52)
FNDA:0,(anonymous_53)
FNDA:0,(anonymous_54)
FNDA:0,(anonymous_55)
FNDA:0,(anonymous_56)
FNDA:0,(anonymous_57)
FNDA:0,(anonymous_58)
FNDA:0,(anonymous_59)
FNDA:0,(anonymous_60)
FNDA:0,(anonymous_61)
FNDA:0,(anonymous_62)
FNDA:0,(anonymous_63)
FNDA:0,(anonymous_64)
FNDA:0,(anonymous_65)
FNDA:0,(anonymous_66)
FNDA:0,(anonymous_67)
FNDA:0,(anonymous_68)
FNDA:0,(anonymous_69)
FNDA:0,(anonymous_70)
DA:78,0
DA:79,0
DA:105,0
DA:108,0
DA:109,0
DA:111,0
DA:115,0
DA:116,0
DA:117,0
DA:126,0
DA:128,0
DA:129,0
DA:130,0
DA:133,0
DA:135,0
DA:137,0
DA:138,0
DA:141,0
DA:142,0
DA:144,0
DA:145,0
DA:147,0
DA:148,0
DA:151,0
DA:152,0
DA:154,0
DA:155,0
DA:163,0
DA:164,0
DA:168,0
DA:169,0
DA:171,0
DA:174,0
DA:175,0
DA:176,0
DA:178,0
DA:180,0
DA:181,0
DA:187,0
DA:209,0
DA:220,0
DA:221,0
DA:222,0
DA:224,0
DA:225,0
DA:227,0
DA:236,0
DA:237,0
DA:238,0
DA:239,0
DA:246,0
DA:247,0
DA:250,0
DA:251,0
DA:254,0
DA:255,0
DA:256,0
DA:259,0
DA:260,0
DA:261,0
DA:262,0
DA:263,0
DA:264,0
DA:267,0
DA:268,0
DA:275,0
DA:286,0
DA:296,0
DA:298,0
DA:302,0
DA:304,0
DA:305,0
DA:309,0
DA:310,0
DA:311,0
DA:314,0
DA:318,0
DA:319,0
DA:320,0
DA:322,0
DA:327,0
DA:328,0
DA:329,0
DA:332,0
DA:333,0
DA:340,0
DA:341,0
DA:342,0
DA:346,0
DA:347,0
DA:348,0
DA:349,0
DA:353,0
DA:355,0
DA:357,0
DA:358,0
DA:359,0
DA:361,0
DA:362,0
DA:363,0
DA:368,0
DA:369,0
DA:370,0
DA:372,0
DA:377,0
DA:378,0
DA:379,0
DA:380,0
DA:381,0
DA:382,0
DA:389,0
DA:390,0
DA:391,0
DA:395,0
DA:396,0
DA:402,0
DA:404,0
DA:408,0
DA:409,0
DA:411,0
DA:412,0
DA:413,0
DA:415,0
DA:416,0
DA:418,0
DA:419,0
DA:420,0
DA:423,0
DA:426,0
DA:433,0
DA:434,0
DA:436,0
DA:438,0
DA:442,0
DA:443,0
DA:444,0
DA:445,0
DA:446,0
DA:448,0
DA:449,0
DA:453,0
DA:454,0
DA:461,0
DA:462,0
DA:463,0
DA:465,0
DA:473,0
DA:474,0
DA:475,0
DA:476,0
DA:479,0
DA:480,0
DA:482,0
DA:483,0
DA:484,0
DA:485,0
DA:487,0
DA:488,0
DA:490,0
DA:492,0
DA:494,0
DA:495,0
DA:499,0
DA:500,0
DA:501,0
DA:502,0
DA:503,0
DA:504,0
DA:507,0
DA:508,0
DA:509,0
DA:512,0
DA:514,0
DA:516,0
DA:517,0
DA:518,0
DA:519,0
DA:521,0
DA:524,0
DA:530,0
DA:532,0
DA:534,0
DA:535,0
DA:536,0
DA:537,0
DA:539,0
DA:542,0
DA:548,0
DA:550,0
DA:551,0
DA:553,0
DA:559,0
DA:561,0
DA:562,0
DA:564,0
DA:574,0
DA:576,0
DA:588,0
DA:589,0
DA:591,0
DA:598,0
DA:600,0
DA:605,0
DA:608,0
DA:616,0
DA:617,0
DA:618,0
DA:622,0
DA:623,0
DA:626,0
DA:627,0
DA:630,0
DA:631,0
DA:634,0
DA:635,0
DA:642,0
DA:643,0
DA:645,0
DA:646,0
DA:653,0
DA:655,0
DA:665,0
DA:674,0
DA:675,0
DA:678,0
DA:686,0
DA:687,0
DA:690,0
DA:698,0
DA:699,0
DA:701,0
DA:702,0
DA:710,0
DA:717,0
DA:723,0
DA:742,0
DA:743,0
DA:744,0
DA:752,0
DA:753,0
DA:761,0
DA:765,0
DA:795,0
DA:796,0
DA:801,0
DA:802,0
DA:803,0
DA:804,0
DA:805,0
DA:806,0
DA:810,0
DA:818,0
DA:839,0
DA:860,0
DA:885,0
DA:899,0
DA:900,0
DA:946,0
DA:972,0
DA:1026,0
LF:260
LH:0
BRDA:134,0,0,0
BRDA:135,1,0,0
BRDA:135,1,1,0
BRDA:137,2,0,0
BRDA:137,2,1,0
BRDA:138,3,0,0
BRDA:138,3,1,0
BRDA:141,4,0,0
BRDA:141,4,1,0
BRDA:142,5,0,0
BRDA:142,5,1,0
BRDA:144,6,0,0
BRDA:144,6,1,0
BRDA:145,7,0,0
BRDA:145,7,1,0
BRDA:147,8,0,0
BRDA:147,8,1,0
BRDA:164,9,0,0
BRDA:164,9,1,0
BRDA:168,10,0,0
BRDA:168,10,1,0
BRDA:304,11,0,0
BRDA:304,11,1,0
BRDA:309,12,0,0
BRDA:309,12,1,0
BRDA:309,13,0,0
BRDA:309,13,1,0
BRDA:319,14,0,0
BRDA:319,14,1,0
BRDA:332,15,0,0
BRDA:332,15,1,0
BRDA:333,16,0,0
BRDA:333,16,1,0
BRDA:347,17,0,0
BRDA:347,17,1,0
BRDA:355,18,0,0
BRDA:355,18,1,0
BRDA:362,19,0,0
BRDA:362,19,1,0
BRDA:369,20,0,0
BRDA:369,20,1,0
BRDA:369,21,0,0
BRDA:369,21,1,0
BRDA:369,21,2,0
BRDA:391,22,0,0
BRDA:391,22,1,0
BRDA:418,23,0,0
BRDA:418,23,1,0
BRDA:442,24,0,0
BRDA:448,25,0,0
BRDA:448,25,1,0
BRDA:474,26,0,0
BRDA:474,26,1,0
BRDA:483,27,0,0
BRDA:483,27,1,0
BRDA:514,28,0,0
BRDA:514,28,1,0
BRDA:518,29,0,0
BRDA:518,29,1,0
BRDA:532,30,0,0
BRDA:532,30,1,0
BRDA:536,31,0,0
BRDA:536,31,1,0
BRDA:589,32,0,0
BRDA:589,32,1,0
BRDA:589,33,0,0
BRDA:589,33,1,0
BRDA:617,34,0,0
BRDA:617,34,1,0
BRDA:643,35,0,0
BRDA:643,35,1,0
BRDA:645,36,0,0
BRDA:645,36,1,0
BRDA:653,37,0,0
BRDA:653,37,1,0
BRDA:677,38,0,0
BRDA:677,38,1,0
BRDA:680,39,0,0
BRDA:680,39,1,0
BRDA:689,40,0,0
BRDA:689,40,1,0
BRDA:690,41,0,0
BRDA:690,41,1,0
BRDA:692,42,0,0
BRDA:692,42,1,0
BRDA:699,43,0,0
BRDA:699,43,1,0
BRDA:701,44,0,0
BRDA:701,44,1,0
BRDA:701,45,0,0
BRDA:701,45,1,0
BRDA:701,45,2,0
BRDA:743,46,0,0
BRDA:743,46,1,0
BRDA:743,47,0,0
BRDA:743,47,1,0
BRDA:752,48,0,0
BRDA:752,48,1,0
BRDA:803,49,0,0
BRDA:803,49,1,0
BRDA:803,50,0,0
BRDA:803,50,1,0
BRDA:804,51,0,0
BRDA:804,51,1,0
BRDA:805,52,0,0
BRDA:805,52,1,0
BRDA:805,53,0,0
BRDA:805,53,1,0
BRDA:806,54,0,0
BRDA:806,54,1,0
BRDA:817,55,0,0
BRDA:817,55,1,0
BRDA:824,56,0,0
BRDA:824,56,1,0
BRDA:829,57,0,0
BRDA:829,57,1,0
BRDA:838,58,0,0
BRDA:838,58,1,0
BRDA:845,59,0,0
BRDA:845,59,1,0
BRDA:850,60,0,0
BRDA:850,60,1,0
BRDA:859,61,0,0
BRDA:859,61,1,0
BRDA:866,62,0,0
BRDA:866,62,1,0
BRDA:871,63,0,0
BRDA:871,63,1,0
BRDA:882,64,0,0
BRDA:882,64,1,0
BRDA:910,65,0,0
BRDA:910,65,1,0
BRDA:923,66,0,0
BRDA:923,66,1,0
BRDA:934,67,0,0
BRDA:934,67,1,0
BRDA:940,68,0,0
BRDA:940,68,1,0
BRDA:945,69,0,0
BRDA:945,69,1,0
BRDA:953,70,0,0
BRDA:953,70,1,0
BRF:142
BRH:0
end_of_record
TN:
SF:app\(tabs)\profile.tsx
FN:41,formatMemberSince
FN:50,getInitials
FN:69,AvatarSection
FN:97,(anonymous_3)
FN:130,SectionHeader
FN:142,InfoRow
FN:180,SettingsRow
FN:190,(anonymous_7)
FN:228,UsernameEditor
FN:237,(anonymous_9)
FN:288,ProfileScreen
FN:321,(anonymous_11)
FN:328,(anonymous_12)
FN:336,(anonymous_13)
FN:337,(anonymous_14)
FN:349,(anonymous_15)
FN:350,(anonymous_16)
FN:367,(anonymous_17)
FN:368,(anonymous_18)
FN:387,(anonymous_19)
FN:398,(anonymous_20)
FN:410,(anonymous_21)
FN:419,(anonymous_22)
FN:420,(anonymous_23)
FN:452,(anonymous_24)
FN:457,(anonymous_25)
FN:493,(anonymous_26)
FN:518,(anonymous_27)
FN:529,(anonymous_28)
FN:557,(anonymous_29)
FN:563,(anonymous_30)
FN:569,(anonymous_31)
FN:570,(anonymous_32)
FN:581,(anonymous_33)
FN:587,(anonymous_34)
FN:593,(anonymous_35)
FN:641,(anonymous_36)
FN:646,(anonymous_37)
FN:651,(anonymous_38)
FN:658,(anonymous_39)
FN:677,(anonymous_40)
FNF:41
FNH:0
FNDA:0,formatMemberSince
FNDA:0,getInitials
FNDA:0,AvatarSection
FNDA:0,(anonymous_3)
FNDA:0,SectionHeader
FNDA:0,InfoRow
FNDA:0,SettingsRow
FNDA:0,(anonymous_7)
FNDA:0,UsernameEditor
FNDA:0,(anonymous_9)
FNDA:0,ProfileScreen
FNDA:0,(anonymous_11)
FNDA:0,(anonymous_12)
FNDA:0,(anonymous_13)
FNDA:0,(anonymous_14)
FNDA:0,(anonymous_15)
FNDA:0,(anonymous_16)
FNDA:0,(anonymous_17)
FNDA:0,(anonymous_18)
FNDA:0,(anonymous_19)
FNDA:0,(anonymous_20)
FNDA:0,(anonymous_21)
FNDA:0,(anonymous_22)
FNDA:0,(anonymous_23)
FNDA:0,(anonymous_24)
FNDA:0,(anonymous_25)
FNDA:0,(anonymous_26)
FNDA:0,(anonymous_27)
FNDA:0,(anonymous_28)
FNDA:0,(anonymous_29)
FNDA:0,(anonymous_30)
FNDA:0,(anonymous_31)
FNDA:0,(anonymous_32)
FNDA:0,(anonymous_33)
FNDA:0,(anonymous_34)
FNDA:0,(anonymous_35)
FNDA:0,(anonymous_36)
FNDA:0,(anonymous_37)
FNDA:0,(anonymous_38)
FNDA:0,(anonymous_39)
FNDA:0,(anonymous_40)
DA:27,0
DA:29,0
DA:35,0
DA:42,0
DA:43,0
DA:51,0
DA:52,0
DA:54,0
DA:55,0
DA:57,0
DA:77,0
DA:78,0
DA:80,0
DA:97,0
DA:131,0
DA:149,0
DA:187,0
DA:191,0
DA:192,0
DA:235,0
DA:237,0
DA:238,0
DA:239,0
DA:241,0
DA:245,0
DA:289,0
DA:300,0
DA:302,0
DA:303,0
DA:312,0
DA:314,0
DA:315,0
DA:316,0
DA:318,0
DA:321,0
DA:322,0
DA:323,0
DA:328,0
DA:333,0
DA:337,0
DA:338,0
DA:339,0
DA:340,0
DA:341,0
DA:350,0
DA:351,0
DA:352,0
DA:353,0
DA:354,0
DA:363,0
DA:364,0
DA:368,0
DA:369,0
DA:370,0
DA:371,0
DA:372,0
DA:380,0
DA:382,0
DA:386,0
DA:388,0
DA:389,0
DA:390,0
DA:391,0
DA:398,0
DA:399,0
DA:410,0
DA:411,0
DA:420,0
DA:422,0
DA:423,0
DA:427,0
DA:429,0
DA:431,0
DA:432,0
DA:434,0
DA:439,0
DA:452,0
DA:453,0
DA:457,0
DA:458,0
DA:459,0
DA:460,0
DA:464,0
DA:493,0
DA:519,0
DA:520,0
DA:529,0
DA:557,0
DA:563,0
DA:569,0
DA:570,0
DA:581,0
DA:587,0
DA:593,0
DA:641,0
DA:646,0
DA:652,0
DA:659,0
DA:660,0
DA:677,0
DA:688,0
LF:101
LH:0
BRDA:51,0,0,0
BRDA:51,0,1,0
BRDA:51,1,0,0
BRDA:51,1,1,0
BRDA:54,2,0,0
BRDA:54,2,1,0
BRDA:90,3,0,0
BRDA:90,3,1,0
BRDA:106,4,0,0
BRDA:106,4,1,0
BRDA:117,5,0,0
BRDA:117,5,1,0
BRDA:147,6,0,0
BRDA:158,7,0,0
BRDA:158,7,1,0
BRDA:158,7,2,0
BRDA:185,8,0,0
BRDA:202,9,0,0
BRDA:202,9,1,0
BRDA:207,10,0,0
BRDA:207,10,1,0
BRDA:213,11,0,0
BRDA:213,11,1,0
BRDA:238,12,0,0
BRDA:238,12,1,0
BRDA:238,13,0,0
BRDA:238,13,1,0
BRDA:267,14,0,0
BRDA:267,14,1,0
BRDA:283,15,0,0
BRDA:283,15,1,0
BRDA:322,16,0,0
BRDA:322,16,1,0
BRDA:338,17,0,0
BRDA:338,17,1,0
BRDA:340,18,0,0
BRDA:340,18,1,0
BRDA:351,19,0,0
BRDA:351,19,1,0
BRDA:353,20,0,0
BRDA:353,20,1,0
BRDA:363,21,0,0
BRDA:363,21,1,0
BRDA:369,22,0,0
BRDA:369,22,1,0
BRDA:371,23,0,0
BRDA:371,23,1,0
BRDA:389,24,0,0
BRDA:389,24,1,0
BRDA:422,25,0,0
BRDA:422,25,1,0
BRDA:422,26,0,0
BRDA:422,26,1,0
BRDA:429,27,0,0
BRDA:429,27,1,0
BRDA:458,28,0,0
BRDA:458,28,1,0
BRDA:476,29,0,0
BRDA:476,29,1,0
BRDA:484,30,0,0
BRDA:484,30,1,0
BRDA:490,31,0,0
BRDA:490,31,1,0
BRDA:490,31,2,0
BRDA:512,32,0,0
BRDA:512,32,1,0
BRDA:514,33,0,0
BRDA:514,33,1,0
BRDA:527,34,0,0
BRDA:527,34,1,0
BRDA:536,35,0,0
BRDA:536,35,1,0
BRDA:543,36,0,0
BRDA:543,36,1,0
BRDA:570,37,0,0
BRDA:570,37,1,0
BRDA:656,38,0,0
BRDA:656,38,1,0
BRDA:665,39,0,0
BRDA:665,39,1,0
BRDA:669,40,0,0
BRDA:669,40,1,0
BRDA:974,41,0,0
BRDA:974,41,1,0
BRF:84
BRH:0
end_of_record
TN:
SF:app\(tabs)\recommendations.tsx
FN:37,RecommendationsScreen
FN:60,(anonymous_1)
FN:61,(anonymous_2)
FN:71,(anonymous_3)
FN:78,(anonymous_4)
FN:79,(anonymous_5)
FN:100,(anonymous_6)
FN:108,(anonymous_7)
FN:117,(anonymous_8)
FN:121,(anonymous_9)
FN:128,(anonymous_10)
FN:134,(anonymous_11)
FN:138,(anonymous_12)
FN:158,(anonymous_13)
FN:163,(anonymous_14)
FN:182,(anonymous_15)
FN:184,(anonymous_16)
FN:201,(anonymous_17)
FN:207,(anonymous_18)
FN:231,(anonymous_19)
FN:241,(anonymous_20)
FN:255,(anonymous_21)
FN:269,(anonymous_22)
FN:294,(anonymous_23)
FNF:24
FNH:2
FNDA:7,RecommendationsScreen
FNDA:0,(anonymous_1)
FNDA:0,(anonymous_2)
FNDA:6,(anonymous_3)
FNDA:0,(anonymous_4)
FNDA:0,(anonymous_5)
FNDA:0,(anonymous_6)
FNDA:0,(anonymous_7)
FNDA:0,(anonymous_8)
FNDA:0,(anonymous_9)
FNDA:0,(anonymous_10)
FNDA:0,(anonymous_11)
FNDA:0,(anonymous_12)
FNDA:0,(anonymous_13)
FNDA:0,(anonymous_14)
FNDA:0,(anonymous_15)
FNDA:0,(anonymous_16)
FNDA:0,(anonymous_17)
FNDA:0,(anonymous_18)
FNDA:0,(anonymous_19)
FNDA:0,(anonymous_20)
FNDA:0,(anonymous_21)
FNDA:0,(anonymous_22)
FNDA:0,(anonymous_23)
DA:38,7
DA:39,7
DA:50,7
DA:52,7
DA:54,6
DA:60,6
DA:61,0
DA:70,6
DA:72,6
DA:73,6
DA:78,0
DA:79,0
DA:81,0
DA:86,0
DA:88,0
DA:90,0
DA:91,0
DA:97,0
DA:100,0
DA:101,0
DA:102,0
DA:104,0
DA:105,0
DA:108,0
DA:112,0
DA:117,0
DA:118,0
DA:121,0
DA:125,0
DA:128,0
DA:131,0
DA:134,0
DA:135,0
DA:138,0
DA:139,0
DA:146,0
DA:150,0
DA:152,0
DA:158,0
DA:159,0
DA:160,0
DA:163,0
DA:168,0
DA:182,0
DA:184,0
DA:185,0
DA:201,0
DA:202,0
DA:207,0
DA:208,0
DA:210,0
DA:231,0
DA:236,0
DA:238,0
DA:241,0
DA:255,0
DA:256,0
DA:257,0
DA:260,0
DA:261,0
DA:264,0
DA:270,0
DA:271,0
DA:272,0
DA:285,0
DA:286,0
DA:290,0
DA:295,0
DA:296,0
DA:297,0
DA:298,0
DA:299,0
DA:303,0
DA:326,1
LF:74
LH:10
BRDA:72,0,0,0
BRDA:72,0,1,6
BRDA:86,1,0,0
BRDA:86,1,1,0
BRDA:90,2,0,0
BRDA:90,2,1,0
BRDA:101,3,0,0
BRDA:101,3,1,0
BRDA:105,4,0,0
BRDA:105,4,1,0
BRDA:146,5,0,0
BRDA:146,5,1,0
BRDA:160,6,0,0
BRDA:160,6,1,0
BRDA:218,7,0,0
BRDA:218,7,1,0
BRDA:223,8,0,0
BRDA:223,8,1,0
BRDA:240,9,0,0
BRDA:240,9,1,0
BRDA:246,10,0,0
BRDA:246,10,1,0
BRDA:256,11,0,0
BRDA:256,11,1,0
BRDA:260,12,0,0
BRDA:260,12,1,0
BRDA:285,13,0,0
BRDA:285,13,1,0
BRDA:296,14,0,0
BRDA:296,14,1,0
BRDA:296,15,0,0
BRDA:296,15,1,0
BRDA:297,16,0,0
BRDA:297,16,1,0
BRDA:298,17,0,0
BRDA:298,17,1,0
BRDA:298,18,0,0
BRDA:298,18,1,0
BRDA:299,19,0,0
BRDA:299,19,1,0
BRDA:307,20,0,0
BRDA:307,20,1,0
BRF:42
BRH:1
end_of_record
TN:
SF:app\(tabs)\watchlist.tsx
FN:10,WatchlistScreen
FN:29,(anonymous_1)
FN:36,(anonymous_2)
FN:44,(anonymous_3)
FN:52,(anonymous_4)
FNF:5
FNH:0
FNDA:0,WatchlistScreen
FNDA:0,(anonymous_1)
FNDA:0,(anonymous_2)
FNDA:0,(anonymous_3)
FNDA:0,(anonymous_4)
DA:11,0
DA:12,0
DA:24,0
DA:26,0
DA:28,0
DA:30,0
DA:31,0
DA:36,0
DA:37,0
DA:38,0
DA:40,0
DA:44,0
DA:45,0
DA:46,0
DA:48,0
DA:52,0
DA:53,0
DA:56,0
DA:77,0
LF:19
LH:0
BRDA:30,0,0,0
BRDA:30,0,1,0
BRDA:37,1,0,0
BRDA:37,1,1,0
BRDA:45,2,0,0
BRDA:45,2,1,0
BRF:6
BRH:0
end_of_record
TN:
SF:app\(tabs)\movie\[id].tsx
FN:61,MovieDetailScreen
FN:86,(anonymous_1)
FN:87,(anonymous_2)
FN:92,(anonymous_3)
FN:93,(anonymous_4)
FN:96,(anonymous_5)
FN:113,(anonymous_6)
FN:121,(anonymous_7)
FN:127,(anonymous_8)
FN:131,(anonymous_9)
FN:135,(anonymous_10)
FN:139,(anonymous_11)
FN:148,(anonymous_12)
FN:156,(anonymous_13)
FN:164,(anonymous_14)
FN:172,(anonymous_15)
FN:207,(anonymous_16)
FN:254,(anonymous_17)
FN:255,(anonymous_18)
FN:256,(anonymous_19)
FN:312,(anonymous_20)
FNF:21
FNH:0
FNDA:0,MovieDetailScreen
FNDA:0,(anonymous_1)
FNDA:0,(anonymous_2)
FNDA:0,(anonymous_3)
FNDA:0,(anonymous_4)
FNDA:0,(anonymous_5)
FNDA:0,(anonymous_6)
FNDA:0,(anonymous_7)
FNDA:0,(anonymous_8)
FNDA:0,(anonymous_9)
FNDA:0,(anonymous_10)
FNDA:0,(anonymous_11)
FNDA:0,(anonymous_12)
FNDA:0,(anonymous_13)
FNDA:0,(anonymous_14)
FNDA:0,(anonymous_15)
FNDA:0,(anonymous_16)
FNDA:0,(anonymous_17)
FNDA:0,(anonymous_18)
FNDA:0,(anonymous_19)
FNDA:0,(anonymous_20)
DA:52,0
DA:62,0
DA:63,0
DA:64,0
DA:73,0
DA:75,0
DA:83,0
DA:85,0
DA:86,0
DA:87,0
DA:89,0
DA:90,0
DA:92,0
DA:93,0
DA:96,0
DA:97,0
DA:99,0
DA:100,0
DA:101,0
DA:108,0
DA:109,0
DA:113,0
DA:114,0
DA:115,0
DA:116,0
DA:117,0
DA:121,0
DA:122,0
DA:123,0
DA:127,0
DA:128,0
DA:131,0
DA:132,0
DA:135,0
DA:136,0
DA:139,0
DA:140,0
DA:141,0
DA:142,0
DA:144,0
DA:148,0
DA:149,0
DA:150,0
DA:151,0
DA:153,0
DA:156,0
DA:157,0
DA:164,0
DA:165,0
DA:172,0
DA:173,0
DA:175,0
DA:192,0
DA:193,0
DA:196,0
DA:197,0
DA:200,0
DA:202,0
DA:207,0
DA:254,0
DA:255,0
DA:256,0
DA:312,0
DA:319,0
LF:64
LH:0
BRDA:89,0,0,0
BRDA:89,0,1,0
BRDA:90,1,0,0
BRDA:90,1,1,0
BRDA:115,2,0,0
BRDA:115,2,1,0
BRDA:122,3,0,0
BRDA:122,3,1,0
BRDA:140,4,0,0
BRDA:140,4,1,0
BRDA:149,5,0,0
BRDA:149,5,1,0
BRDA:173,6,0,0
BRDA:173,6,1,0
BRDA:192,7,0,0
BRDA:192,7,1,0
BRDA:196,8,0,0
BRDA:196,8,1,0
BRDA:213,9,0,0
BRDA:213,9,1,0
BRDA:221,10,0,0
BRDA:221,10,1,0
BRDA:239,11,0,0
BRDA:239,11,1,0
BRDA:246,12,0,0
BRDA:246,12,1,0
BRDA:265,13,0,0
BRDA:265,13,1,0
BRDA:269,14,0,0
BRDA:269,14,1,0
BRDA:282,15,0,0
BRDA:282,15,1,0
BRDA:308,16,0,0
BRDA:308,16,1,0
BRF:34
BRH:0
end_of_record
TN:
SF:app\(tabs)\person\[id].tsx
FN:22,PersonDetailScreen
FN:29,(anonymous_1)
FN:38,(anonymous_2)
FN:40,(anonymous_3)
FN:50,(anonymous_4)
FN:53,(anonymous_5)
FN:63,(anonymous_6)
FN:97,(anonymous_7)
FNF:8
FNH:0
FNDA:0,PersonDetailScreen
FNDA:0,(anonymous_1)
FNDA:0,(anonymous_2)
FNDA:0,(anonymous_3)
FNDA:0,(anonymous_4)
FNDA:0,(anonymous_5)
FNDA:0,(anonymous_6)
FNDA:0,(anonymous_7)
DA:23,0
DA:24,0
DA:25,0
DA:26,0
DA:27,0
DA:29,0
DA:30,0
DA:31,0
DA:32,0
DA:36,0
DA:38,0
DA:39,0
DA:40,0
DA:41,0
DA:42,0
DA:45,0
DA:48,0
DA:50,0
DA:53,0
DA:57,0
DA:59,0
DA:63,0
DA:64,0
DA:65,0
DA:66,0
DA:70,0
DA:71,0
DA:80,0
DA:81,0
DA:90,0
DA:92,0
DA:97,0
DA:150,0
LF:33
LH:0
BRDA:41,0,0,0
BRDA:41,0,1,0
BRDA:65,1,0,0
BRDA:65,1,1,0
BRDA:70,2,0,0
BRDA:70,2,1,0
BRDA:80,3,0,0
BRDA:80,3,1,0
BRDA:103,4,0,0
BRDA:103,4,1,0
BRDA:111,5,0,0
BRDA:111,5,1,0
BRDA:114,6,0,0
BRDA:114,6,1,0
BRDA:123,7,0,0
BRDA:123,7,1,0
BRDA:127,8,0,0
BRDA:127,8,1,0
BRDA:135,9,0,0
BRDA:135,9,1,0
BRF:20
BRH:0
end_of_record
TN:
SF:app\(tabs)\tv\[id].tsx
FN:63,TVDetailScreen
FN:101,(anonymous_1)
FN:102,(anonymous_2)
FN:107,(anonymous_3)
FN:108,(anonymous_4)
FN:111,(anonymous_5)
FN:128,(anonymous_6)
FN:139,(anonymous_7)
FN:145,(anonymous_8)
FN:149,(anonymous_9)
FN:153,(anonymous_10)
FN:157,(anonymous_11)
FN:178,(anonymous_12)
FN:182,(anonymous_13)
FN:187,(anonymous_14)
FN:194,(anonymous_15)
FN:198,(anonymous_16)
FN:207,(anonymous_17)
FN:215,(anonymous_18)
FN:220,(anonymous_19)
FN:225,(anonymous_20)
FN:233,(anonymous_21)
FN:241,(anonymous_22)
FN:255,(anonymous_23)
FN:275,(anonymous_24)
FN:284,(anonymous_25)
FN:292,(anonymous_26)
FN:317,(anonymous_27)
FN:366,(anonymous_28)
FN:367,(anonymous_29)
FN:368,(anonymous_30)
FN:385,(anonymous_31)
FN:456,(anonymous_32)
FNF:33
FNH:0
FNDA:0,TVDetailScreen
FNDA:0,(anonymous_1)
FNDA:0,(anonymous_2)
FNDA:0,(anonymous_3)
FNDA:0,(anonymous_4)
FNDA:0,(anonymous_5)
FNDA:0,(anonymous_6)
FNDA:0,(anonymous_7)
FNDA:0,(anonymous_8)
FNDA:0,(anonymous_9)
FNDA:0,(anonymous_10)
FNDA:0,(anonymous_11)
FNDA:0,(anonymous_12)
FNDA:0,(anonymous_13)
FNDA:0,(anonymous_14)
FNDA:0,(anonymous_15)
FNDA:0,(anonymous_16)
FNDA:0,(anonymous_17)
FNDA:0,(anonymous_18)
FNDA:0,(anonymous_19)
FNDA:0,(anonymous_20)
FNDA:0,(anonymous_21)
FNDA:0,(anonymous_22)
FNDA:0,(anonymous_23)
FNDA:0,(anonymous_24)
FNDA:0,(anonymous_25)
FNDA:0,(anonymous_26)
FNDA:0,(anonymous_27)
FNDA:0,(anonymous_28)
FNDA:0,(anonymous_29)
FNDA:0,(anonymous_30)
FNDA:0,(anonymous_31)
FNDA:0,(anonymous_32)
DA:64,0
DA:65,0
DA:66,0
DA:81,0
DA:83,0
DA:90,0
DA:98,0
DA:100,0
DA:101,0
DA:102,0
DA:104,0
DA:105,0
DA:107,0
DA:108,0
DA:111,0
DA:112,0
DA:114,0
DA:115,0
DA:116,0
DA:123,0
DA:124,0
DA:128,0
DA:129,0
DA:130,0
DA:131,0
DA:132,0
DA:133,0
DA:134,0
DA:139,0
DA:140,0
DA:141,0
DA:145,0
DA:146,0
DA:149,0
DA:150,0
DA:153,0
DA:154,0
DA:157,0
DA:158,0
DA:160,0
DA:166,0
DA:167,0
DA:168,0
DA:173,0
DA:174,0
DA:178,0
DA:179,0
DA:182,0
DA:183,0
DA:184,0
DA:187,0
DA:188,0
DA:194,0
DA:195,0
DA:198,0
DA:199,0
DA:200,0
DA:201,0
DA:203,0
DA:207,0
DA:208,0
DA:209,0
DA:210,0
DA:212,0
DA:215,0
DA:216,0
DA:217,0
DA:220,0
DA:221,0
DA:222,0
DA:225,0
DA:226,0
DA:233,0
DA:234,0
DA:241,0
DA:242,0
DA:243,0
DA:245,0
DA:255,0
DA:256,0
DA:258,0
DA:275,0
DA:276,0
DA:284,0
DA:285,0
DA:287,0
DA:292,0
DA:302,0
DA:303,0
DA:306,0
DA:307,0
DA:310,0
DA:312,0
DA:317,0
DA:366,0
DA:367,0
DA:368,0
DA:385,0
DA:456,0
DA:463,0
DA:485,0
LF:101
LH:0
BRDA:104,0,0,0
BRDA:104,0,1,0
BRDA:105,1,0,0
BRDA:105,1,1,0
BRDA:130,2,0,0
BRDA:130,2,1,0
BRDA:133,3,0,0
BRDA:133,3,1,0
BRDA:140,4,0,0
BRDA:140,4,1,0
BRDA:158,5,0,0
BRDA:158,5,1,0
BRDA:183,6,0,0
BRDA:183,6,1,0
BRDA:183,7,0,0
BRDA:183,7,1,0
BRDA:199,8,0,0
BRDA:199,8,1,0
BRDA:208,9,0,0
BRDA:208,9,1,0
BRDA:216,10,0,0
BRDA:216,10,1,0
BRDA:221,11,0,0
BRDA:221,11,1,0
BRDA:243,12,0,0
BRDA:243,12,1,0
BRDA:256,13,0,0
BRDA:256,13,1,0
BRDA:278,14,0,0
BRDA:278,14,1,0
BRDA:279,15,0,0
BRDA:279,15,1,0
BRDA:285,16,0,0
BRDA:285,16,1,0
BRDA:285,17,0,0
BRDA:285,17,1,0
BRDA:302,18,0,0
BRDA:302,18,1,0
BRDA:306,19,0,0
BRDA:306,19,1,0
BRDA:325,20,0,0
BRDA:325,20,1,0
BRDA:333,21,0,0
BRDA:333,21,1,0
BRDA:351,22,0,0
BRDA:351,22,1,0
BRDA:358,23,0,0
BRDA:358,23,1,0
BRDA:377,24,0,0
BRDA:377,24,1,0
BRDA:381,25,0,0
BRDA:381,25,1,0
BRDA:383,26,0,0
BRDA:383,26,1,0
BRDA:383,26,2,0
BRDA:394,27,0,0
BRDA:394,27,1,0
BRDA:405,28,0,0
BRDA:405,28,1,0
BRDA:452,29,0,0
BRDA:452,29,1,0
BRF:61
BRH:0
end_of_record
TN:
SF:src\components\ActionButton.tsx
FN:17,(anonymous_0)
FN:30,(anonymous_1)
FNF:2
FNH:0
FNDA:0,(anonymous_0)
FNDA:0,(anonymous_1)
DA:17,0
DA:26,0
DA:27,0
DA:28,0
DA:30,0
DA:31,0
DA:32,0
DA:41,0
DA:50,0
DA:71,0
LF:10
LH:0
BRDA:24,0,0,0
BRDA:26,1,0,0
BRDA:26,1,1,0
BRDA:27,2,0,0
BRDA:27,2,1,0
BRDA:28,3,0,0
BRDA:28,3,1,0
BRDA:31,4,0,0
BRDA:31,4,1,0
BRDA:54,5,0,0
BRDA:54,5,1,0
BRDA:61,6,0,0
BRDA:61,6,1,0
BRF:13
BRH:0
end_of_record
TN:
SF:src\components\AuthFormField.tsx
FN:40,getBorderColor
FN:51,AuthFormField
FN:70,(anonymous_2)
FN:71,(anonymous_3)
FN:75,(anonymous_4)
FN:78,(anonymous_5)
FN:87,(anonymous_6)
FN:88,(anonymous_7)
FN:125,(anonymous_8)
FNF:9
FNH:7
FNDA:27,getBorderColor
FNDA:27,AuthFormField
FNDA:1,(anonymous_2)
FNDA:1,(anonymous_3)
FNDA:36,(anonymous_4)
FNDA:0,(anonymous_5)
FNDA:36,(anonymous_6)
FNDA:0,(anonymous_7)
FNDA:36,(anonymous_8)
DA:41,27
DA:43,0
DA:45,4
DA:47,23
DA:66,27
DA:67,27
DA:68,27
DA:70,27
DA:71,1
DA:74,27
DA:78,36
DA:79,0
DA:80,0
DA:86,27
DA:88,36
DA:89,0
DA:90,0
DA:97,27
DA:98,27
DA:99,4
DA:100,23
DA:101,0
DA:104,27
DA:107,27
DA:108,27
DA:110,27
DA:111,12
DA:112,12
DA:113,15
DA:114,9
DA:115,9
DA:118,27
DA:126,36
DA:190,2
DA:192,2
DA:197,2
LF:36
LH:30
BRDA:41,0,0,0
BRDA:41,0,1,4
BRDA:41,0,2,23
BRDA:57,1,0,15
BRDA:58,2,0,18
BRDA:59,3,0,27
BRDA:60,4,0,27
BRDA:62,5,0,27
BRDA:98,6,0,4
BRDA:98,6,1,23
BRDA:100,7,0,0
BRDA:100,7,1,23
BRDA:110,8,0,12
BRDA:110,8,1,15
BRDA:113,9,0,9
BRDA:113,9,1,6
BRDA:121,10,0,12
BRDA:121,10,1,15
BRDA:129,11,0,36
BRDA:129,11,1,16
BRDA:138,12,0,36
BRDA:138,12,1,16
BRDA:151,13,0,36
BRDA:151,13,1,36
BRDA:157,14,0,27
BRDA:157,14,1,12
BRDA:163,15,0,1
BRDA:163,15,1,11
BRDA:170,16,0,1
BRDA:170,16,1,11
BRDA:172,17,0,0
BRDA:172,17,1,12
BRDA:177,18,0,27
BRDA:177,18,1,4
BRF:34
BRH:31
end_of_record
TN:
SF:src\components\AuthLayout.tsx
FN:53,useKeyboardAnimation
FN:57,(anonymous_1)
FN:58,(anonymous_2)
FN:84,(anonymous_3)
FN:88,(anonymous_4)
FN:92,(anonymous_5)
FN:101,dismissKeyboard
FN:110,AnimatedLogo
FN:140,StaticLogo
FN:155,ErrorMessage
FN:169,SubmitButton
FN:192,AuthLink
FN:205,AuthLayout
FNF:13
FNH:0
FNDA:0,useKeyboardAnimation
FNDA:0,(anonymous_1)
FNDA:0,(anonymous_2)
FNDA:0,(anonymous_3)
FNDA:0,(anonymous_4)
FNDA:0,(anonymous_5)
FNDA:0,dismissKeyboard
FNDA:0,AnimatedLogo
FNDA:0,StaticLogo
FNDA:0,ErrorMessage
FNDA:0,SubmitButton
FNDA:0,AuthLink
FNDA:0,AuthLayout
DA:22,0
DA:31,0
DA:54,0
DA:55,0
DA:57,0
DA:58,0
DA:59,0
DA:62,0
DA:66,0
DA:81,0
DA:82,0
DA:84,0
DA:85,0
DA:88,0
DA:89,0
DA:92,0
DA:93,0
DA:94,0
DA:98,0
DA:102,0
DA:111,0
DA:141,0
DA:156,0
DA:170,0
DA:193,0
DA:218,0
DA:220,0
DA:268,0
LF:28
LH:0
BRDA:32,0,0,0
BRDA:32,0,1,0
BRDA:33,1,0,0
BRDA:33,1,1,0
BRDA:59,2,0,0
BRDA:59,2,1,0
BRDA:62,3,0,0
BRDA:62,3,1,0
BRDA:81,4,0,0
BRDA:81,4,1,0
BRDA:82,5,0,0
BRDA:82,5,1,0
BRDA:172,6,0,0
BRDA:172,6,1,0
BRDA:177,7,0,0
BRDA:177,7,1,0
BRDA:216,8,0,0
BRDA:237,9,0,0
BRDA:237,9,1,0
BRDA:242,10,0,0
BRDA:242,10,1,0
BRDA:246,11,0,0
BRDA:246,11,1,0
BRF:23
BRH:0
end_of_record
TN:
SF:src\components\BaseRecommendModal.tsx
FN:70,(anonymous_0)
FN:95,(anonymous_1)
FN:102,(anonymous_2)
FN:103,(anonymous_3)
FN:106,(anonymous_4)
FN:114,(anonymous_5)
FN:124,(anonymous_6)
FN:148,(anonymous_7)
FN:149,(anonymous_8)
FN:151,(anonymous_9)
FN:157,(anonymous_10)
FN:159,(anonymous_11)
FN:163,(anonymous_12)
FN:167,(anonymous_13)
FN:173,(anonymous_14)
FN:182,(anonymous_15)
FN:183,(anonymous_16)
FN:195,(anonymous_17)
FN:209,(anonymous_18)
FN:235,(anonymous_19)
FN:251,(anonymous_20)
FN:253,(anonymous_21)
FN:262,(anonymous_22)
FN:361,(anonymous_23)
FN:390,(anonymous_24)
FN:396,(anonymous_25)
FN:413,(anonymous_26)
FNF:27
FNH:0
FNDA:0,(anonymous_0)
FNDA:0,(anonymous_1)
FNDA:0,(anonymous_2)
FNDA:0,(anonymous_3)
FNDA:0,(anonymous_4)
FNDA:0,(anonymous_5)
FNDA:0,(anonymous_6)
FNDA:0,(anonymous_7)
FNDA:0,(anonymous_8)
FNDA:0,(anonymous_9)
FNDA:0,(anonymous_10)
FNDA:0,(anonymous_11)
FNDA:0,(anonymous_12)
FNDA:0,(anonymous_13)
FNDA:0,(anonymous_14)
FNDA:0,(anonymous_15)
FNDA:0,(anonymous_16)
FNDA:0,(anonymous_17)
FNDA:0,(anonymous_18)
FNDA:0,(anonymous_19)
FNDA:0,(anonymous_20)
FNDA:0,(anonymous_21)
FNDA:0,(anonymous_22)
FNDA:0,(anonymous_23)
FNDA:0,(anonymous_24)
FNDA:0,(anonymous_25)
FNDA:0,(anonymous_26)
DA:58,0
DA:68,0
DA:70,0
DA:81,0
DA:82,0
DA:92,0
DA:95,0
DA:96,0
DA:97,0
DA:98,0
DA:102,0
DA:103,0
DA:106,0
DA:107,0
DA:109,0
DA:111,0
DA:112,0
DA:114,0
DA:115,0
DA:117,0
DA:118,0
DA:119,0
DA:123,0
DA:125,0
DA:127,0
DA:129,0
DA:130,0
DA:131,0
DA:134,0
DA:136,0
DA:137,0
DA:138,0
DA:140,0
DA:141,0
DA:148,0
DA:149,0
DA:150,0
DA:151,0
DA:153,0
DA:157,0
DA:158,0
DA:159,0
DA:163,0
DA:164,0
DA:167,0
DA:168,0
DA:170,0
DA:173,0
DA:174,0
DA:182,0
DA:183,0
DA:185,0
DA:186,0
DA:187,0
DA:191,0
DA:194,0
DA:196,0
DA:203,0
DA:207,0
DA:209,0
DA:210,0
DA:212,0
DA:213,0
DA:214,0
DA:217,0
DA:223,0
DA:224,0
DA:225,0
DA:229,0
DA:231,0
DA:235,0
DA:236,0
DA:238,0
DA:239,0
DA:248,0
DA:249,0
DA:252,0
DA:253,0
DA:255,0
DA:262,0
DA:290,0
DA:300,0
DA:304,0
DA:306,0
DA:312,0
DA:361,0
DA:391,0
DA:396,0
DA:413,0
DA:444,0
LF:90
LH:0
BRDA:79,0,0,0
BRDA:96,1,0,0
BRDA:96,1,1,0
BRDA:107,2,0,0
BRDA:107,2,1,0
BRDA:125,3,0,0
BRDA:125,3,1,0
BRDA:129,4,0,0
BRDA:129,4,1,0
BRDA:150,5,0,0
BRDA:150,5,1,0
BRDA:168,6,0,0
BRDA:168,6,1,0
BRDA:168,7,0,0
BRDA:168,7,1,0
BRDA:182,8,0,0
BRDA:182,8,1,0
BRDA:185,9,0,0
BRDA:185,9,1,0
BRDA:201,10,0,0
BRDA:201,10,1,0
BRDA:212,11,0,0
BRDA:212,11,1,0
BRDA:214,12,0,0
BRDA:214,12,1,0
BRDA:215,13,0,0
BRDA:215,13,1,0
BRDA:219,14,0,0
BRDA:219,14,1,0
BRDA:224,15,0,0
BRDA:224,15,1,0
BRDA:236,16,0,0
BRDA:236,16,1,0
BRDA:238,17,0,0
BRDA:238,17,1,0
BRDA:248,18,0,0
BRDA:248,18,1,0
BRDA:260,19,0,0
BRDA:260,19,1,0
BRDA:266,20,0,0
BRDA:266,20,1,0
BRDA:275,21,0,0
BRDA:275,21,1,0
BRDA:300,22,0,0
BRDA:300,22,1,0
BRDA:304,23,0,0
BRDA:304,23,1,0
BRDA:306,24,0,0
BRDA:306,24,1,0
BRDA:308,25,0,0
BRDA:308,25,1,0
BRDA:321,26,0,0
BRDA:321,26,1,0
BRDA:339,27,0,0
BRDA:339,27,1,0
BRDA:352,28,0,0
BRDA:352,28,1,0
BRDA:367,29,0,0
BRDA:367,29,1,0
BRDA:378,30,0,0
BRDA:378,30,1,0
BRDA:388,31,0,0
BRDA:388,31,1,0
BRDA:426,32,0,0
BRDA:426,32,1,0
BRDA:430,33,0,0
BRDA:430,33,1,0
BRDA:453,34,0,0
BRDA:453,34,1,0
BRF:69
BRH:0
end_of_record
TN:
SF:src\components\CastMemberList.tsx
FN:19,(anonymous_0)
FN:22,(anonymous_1)
FN:28,(anonymous_2)
FN:57,(anonymous_3)
FNF:4
FNH:0
FNDA:0,(anonymous_0)
FNDA:0,(anonymous_1)
FNDA:0,(anonymous_2)
FNDA:0,(anonymous_3)
DA:19,0
DA:20,0
DA:22,0
DA:23,0
DA:25,0
DA:28,0
DA:52,0
DA:57,0
LF:8
LH:0
BRDA:19,0,0,0
BRDA:20,1,0,0
BRDA:20,1,1,0
BRDA:20,2,0,0
BRDA:20,2,1,0
BRDA:31,3,0,0
BRDA:31,3,1,0
BRF:7
BRH:0
end_of_record
TN:
SF:src\components\ContentActionBar.tsx
FN:22,ContentActionBar
FNF:1
FNH:0
FNDA:0,ContentActionBar
DA:31,0
DA:33,0
DA:66,0
LF:3
LH:0
BRDA:31,0,0,0
BRDA:31,0,1,0
BRF:2
BRH:0
end_of_record
TN:
SF:src\components\ContentBackdrop.tsx
FN:16,ContentBackdrop
FNF:1
FNH:0
FNDA:0,ContentBackdrop
DA:7,0
DA:8,0
DA:21,0
DA:23,0
DA:57,0
LF:5
LH:0
BRDA:25,0,0,0
BRDA:25,0,1,0
BRDA:40,1,0,0
BRDA:40,1,1,0
BRDA:40,1,2,0
BRF:5
BRH:0
end_of_record
TN:
SF:src\components\ContentGridLayout.tsx
FN:36,ContentGridLayout
FN:58,(anonymous_1)
FN:88,(anonymous_2)
FN:117,(anonymous_3)
FN:122,(anonymous_4)
FN:127,(anonymous_5)
FN:138,(anonymous_6)
FNF:7
FNH:0
FNDA:0,ContentGridLayout
FNDA:0,(anonymous_1)
FNDA:0,(anonymous_2)
FNDA:0,(anonymous_3)
FNDA:0,(anonymous_4)
FNDA:0,(anonymous_5)
FNDA:0,(anonymous_6)
DA:51,0
DA:52,0
DA:58,0
DA:66,0
DA:67,0
DA:74,0
DA:75,0
DA:88,0
DA:90,0
DA:108,0
DA:117,0
DA:122,0
DA:127,0
DA:134,0
DA:138,0
DA:147,0
LF:16
LH:0
BRDA:51,0,0,0
BRDA:51,0,1,0
BRDA:66,1,0,0
BRDA:66,1,1,0
BRDA:66,2,0,0
BRDA:66,2,1,0
BRDA:74,3,0,0
BRDA:74,3,1,0
BRDA:77,4,0,0
BRDA:77,4,1,0
BRDA:116,5,0,0
BRDA:116,5,1,0
BRDA:121,6,0,0
BRDA:121,6,1,0
BRDA:126,7,0,0
BRDA:126,7,1,0
BRF:16
BRH:0
end_of_record
TN:
SF:src\components\ContentHorizontalList.tsx
FN:22,(anonymous_0)
FN:29,(anonymous_1)
FN:33,(anonymous_2)
FN:40,(anonymous_3)
FN:70,(anonymous_4)
FNF:5
FNH:0
FNDA:0,(anonymous_0)
FNDA:0,(anonymous_1)
FNDA:0,(anonymous_2)
FNDA:0,(anonymous_3)
FNDA:0,(anonymous_4)
DA:22,0
DA:27,0
DA:29,0
DA:30,0
DA:33,0
DA:34,0
DA:35,0
DA:37,0
DA:40,0
DA:65,0
DA:70,0
LF:11
LH:0
BRDA:27,0,0,0
BRDA:27,0,1,0
BRDA:27,1,0,0
BRDA:27,1,1,0
BRDA:30,2,0,0
BRDA:30,2,1,0
BRDA:35,3,0,0
BRDA:35,3,1,0
BRDA:35,3,2,0
BRDA:42,4,0,0
BRDA:42,4,1,0
BRDA:51,5,0,0
BRDA:51,5,1,0
BRF:13
BRH:0
end_of_record
TN:
SF:src\components\ContentListLayout.tsx
FN:27,ContentListLayout
FN:43,(anonymous_1)
FN:69,(anonymous_2)
FN:77,(anonymous_3)
FN:82,(anonymous_4)
FN:110,(anonymous_5)
FN:127,(anonymous_6)
FNF:7
FNH:0
FNDA:0,ContentListLayout
FNDA:0,(anonymous_1)
FNDA:0,(anonymous_2)
FNDA:0,(anonymous_3)
FNDA:0,(anonymous_4)
FNDA:0,(anonymous_5)
FNDA:0,(anonymous_6)
DA:36,0
DA:37,0
DA:43,0
DA:51,0
DA:52,0
DA:59,0
DA:60,0
DA:69,0
DA:70,0
DA:71,0
DA:73,0
DA:77,0
DA:78,0
DA:80,0
DA:82,0
DA:111,0
DA:112,0
DA:123,0
DA:127,0
DA:134,0
LF:20
LH:0
BRDA:36,0,0,0
BRDA:36,0,1,0
BRDA:51,1,0,0
BRDA:51,1,1,0
BRDA:51,2,0,0
BRDA:51,2,1,0
BRDA:59,3,0,0
BRDA:59,3,1,0
BRDA:70,4,0,0
BRDA:70,4,1,0
BRDA:86,5,0,0
BRDA:86,5,1,0
BRDA:103,6,0,0
BRDA:103,6,1,0
BRF:14
BRH:0
end_of_record
TN:
SF:src\components\ContentPoster.tsx
FN:11,ContentPoster
FNF:1
FNH:0
FNDA:0,ContentPoster
DA:15,0
DA:16,0
DA:25,0
DA:32,0
LF:4
LH:0
BRDA:13,0,0,0
BRDA:15,1,0,0
BRDA:15,1,1,0
BRF:3
BRH:0
end_of_record
TN:
SF:src\components\ContentRecommendModal.tsx
FN:6,(anonymous_0)
FNF:1
FNH:0
FNDA:0,(anonymous_0)
DA:6,0
DA:16,0
DA:28,0
LF:3
LH:0
BRF:0
BRH:0
end_of_record
TN:
SF:src\components\ContinueWatchingCard.tsx
FN:23,(anonymous_0)
FN:35,(anonymous_1)
FNF:2
FNH:0
FNDA:0,(anonymous_0)
FNDA:0,(anonymous_1)
DA:23,0
DA:28,0
DA:29,0
DA:30,0
DA:32,0
DA:35,0
DA:89,0
LF:7
LH:0
BRDA:39,0,0,0
BRDA:39,0,1,0
BRDA:62,1,0,0
BRDA:62,1,1,0
BRF:4
BRH:0
end_of_record
TN:
SF:src\components\CrewMemberList.tsx
FN:19,(anonymous_0)
FN:22,(anonymous_1)
FN:28,(anonymous_2)
FN:57,(anonymous_3)
FNF:4
FNH:0
FNDA:0,(anonymous_0)
FNDA:0,(anonymous_1)
FNDA:0,(anonymous_2)
FNDA:0,(anonymous_3)
DA:19,0
DA:20,0
DA:22,0
DA:23,0
DA:25,0
DA:28,0
DA:52,0
DA:57,0
LF:8
LH:0
BRDA:20,0,0,0
BRDA:20,0,1,0
BRDA:20,1,0,0
BRDA:20,1,1,0
BRDA:31,2,0,0
BRDA:31,2,1,0
BRF:6
BRH:0
end_of_record
TN:
SF:src\components\EpisodeListItem.tsx
FN:18,(anonymous_0)
FN:28,(anonymous_1)
FNF:2
FNH:0
FNDA:0,(anonymous_0)
FNDA:0,(anonymous_1)
DA:18,0
DA:26,0
DA:28,0
DA:29,0
DA:30,0
DA:39,0
DA:46,0
DA:77,0
LF:8
LH:0
BRDA:29,0,0,0
BRDA:29,0,1,0
BRDA:55,1,0,0
BRDA:55,1,1,0
BRDA:68,2,0,0
BRDA:68,2,1,0
BRDA:70,3,0,0
BRDA:70,3,1,0
BRF:8
BRH:0
end_of_record
TN:
SF:src\components\EpisodeModal.tsx
FN:21,(anonymous_0)
FN:34,(anonymous_1)
FNF:2
FNH:0
FNDA:0,(anonymous_0)
FNDA:0,(anonymous_1)
DA:21,0
DA:26,0
DA:27,0
DA:28,0
DA:31,0
DA:32,0
DA:34,0
DA:35,0
DA:36,0
DA:45,0
DA:52,0
DA:95,0
LF:12
LH:0
BRDA:27,0,0,0
BRDA:27,0,1,0
BRDA:35,1,0,0
BRDA:35,1,1,0
BRDA:87,2,0,0
BRDA:87,2,1,0
BRF:6
BRH:0
end_of_record
TN:
SF:src\components\ErrorBoundary.tsx
FN:18,(anonymous_0)
FN:27,(anonymous_1)
FN:31,(anonymous_2)
FN:36,(anonymous_3)
FN:44,(anonymous_4)
FNF:5
FNH:0
FNDA:0,(anonymous_0)
FNDA:0,(anonymous_1)
FNDA:0,(anonymous_2)
FNDA:0,(anonymous_3)
FNDA:0,(anonymous_4)
DA:19,0
DA:20,0
DA:28,0
DA:32,0
DA:33,0
DA:36,0
DA:37,0
DA:45,0
DA:46,0
DA:47,0
DA:50,0
DA:81,0
DA:85,0
LF:13
LH:0
BRDA:45,0,0,0
BRDA:45,0,1,0
BRDA:46,1,0,0
BRDA:46,1,1,0
BRDA:58,2,0,0
BRDA:58,2,1,0
BRDA:58,2,2,0
BRDA:63,3,0,0
BRDA:63,3,1,0
BRF:9
BRH:0
end_of_record
TN:
SF:src\components\GenreList.tsx
FN:14,GenreList
FN:19,(anonymous_1)
FNF:2
FNH:0
FNDA:0,GenreList
FNDA:0,(anonymous_1)
DA:15,0
DA:17,0
DA:20,0
DA:28,0
LF:4
LH:0
BRDA:15,0,0,0
BRDA:15,0,1,0
BRDA:15,1,0,0
BRDA:15,1,1,0
BRF:4
BRH:0
end_of_record
TN:
SF:src\components\MovieCard.tsx
FN:55,(anonymous_0)
FN:62,(anonymous_1)
FN:69,(anonymous_2)
FN:76,(anonymous_3)
FN:84,(anonymous_4)
FN:104,(anonymous_5)
FN:138,MovieCard
FN:154,(anonymous_7)
FN:155,(anonymous_8)
FN:156,(anonymous_9)
FN:157,(anonymous_10)
FN:159,(anonymous_11)
FN:166,(anonymous_12)
FN:188,(anonymous_13)
FN:199,(anonymous_14)
FN:251,(anonymous_15)
FN:265,(anonymous_16)
FN:266,(anonymous_17)
FN:268,(anonymous_18)
FN:307,(anonymous_19)
FN:321,(anonymous_20)
FN:322,(anonymous_21)
FN:328,(anonymous_22)
FNF:23
FNH:17
FNDA:9,(anonymous_0)
FNDA:3,(anonymous_1)
FNDA:6,(anonymous_2)
FNDA:3,(anonymous_3)
FNDA:3,(anonymous_4)
FNDA:0,(anonymous_5)
FNDA:3,MovieCard
FNDA:3,(anonymous_7)
FNDA:3,(anonymous_8)
FNDA:3,(anonymous_9)
FNDA:3,(anonymous_10)
FNDA:0,(anonymous_11)
FNDA:3,(anonymous_12)
FNDA:3,(anonymous_13)
FNDA:3,(anonymous_14)
FNDA:3,(anonymous_15)
FNDA:3,(anonymous_16)
FNDA:3,(anonymous_17)
FNDA:3,(anonymous_18)
FNDA:0,(anonymous_19)
FNDA:0,(anonymous_20)
FNDA:0,(anonymous_21)
FNDA:0,(anonymous_22)
DA:55,1
DA:56,9
DA:62,1
DA:63,3
DA:69,1
DA:70,6
DA:76,1
DA:77,3
DA:78,3
DA:84,1
DA:85,3
DA:104,1
DA:113,0
DA:114,0
DA:116,0
DA:117,0
DA:120,0
DA:138,1
DA:152,3
DA:153,3
DA:154,3
DA:155,3
DA:156,3
DA:157,3
DA:159,3
DA:160,0
DA:163,0
DA:166,3
DA:167,3
DA:168,3
DA:179,0
DA:188,3
DA:189,3
DA:191,0
DA:199,3
DA:200,3
DA:201,3
DA:204,0
DA:251,3
DA:252,3
DA:253,3
DA:254,3
DA:257,3
DA:259,3
DA:260,3
DA:262,3
DA:265,3
DA:266,3
DA:268,3
DA:269,3
DA:271,0
DA:278,3
DA:307,0
DA:321,0
DA:322,0
DA:329,0
DA:342,1
LF:57
LH:42
BRDA:63,0,0,2
BRDA:63,0,1,1
BRDA:70,1,0,4
BRDA:70,1,1,2
BRDA:77,2,0,0
BRDA:77,2,1,3
BRDA:111,3,0,0
BRDA:113,4,0,0
BRDA:113,4,1,0
BRDA:114,5,0,0
BRDA:114,5,1,0
BRDA:116,6,0,0
BRDA:116,6,1,0
BRDA:125,7,0,0
BRDA:125,7,1,0
BRDA:127,8,0,0
BRDA:127,8,1,0
BRDA:141,9,0,3
BRDA:142,10,0,3
BRDA:143,11,0,3
BRDA:150,12,0,3
BRDA:160,13,0,0
BRDA:160,13,1,0
BRDA:167,14,0,3
BRDA:167,14,1,0
BRDA:182,15,0,0
BRDA:182,15,1,0
BRDA:189,16,0,3
BRDA:189,16,1,0
BRDA:200,17,0,3
BRDA:200,17,1,0
BRDA:200,18,0,3
BRDA:200,18,1,3
BRDA:200,18,2,3
BRDA:206,19,0,0
BRDA:206,19,1,0
BRDA:211,20,0,0
BRDA:211,20,1,0
BRDA:214,21,0,0
BRDA:214,21,1,0
BRDA:216,22,0,0
BRDA:216,22,1,0
BRDA:220,23,0,0
BRDA:220,23,1,0
BRDA:225,24,0,0
BRDA:225,24,1,0
BRDA:228,25,0,0
BRDA:228,25,1,0
BRDA:230,26,0,0
BRDA:230,26,1,0
BRDA:234,27,0,0
BRDA:234,27,1,0
BRDA:241,28,0,0
BRDA:241,28,1,0
BRDA:243,29,0,0
BRDA:243,29,1,0
BRDA:252,30,0,0
BRDA:252,30,1,3
BRDA:257,31,0,0
BRDA:257,31,1,3
BRDA:269,32,0,3
BRDA:269,32,1,0
BRDA:279,33,0,3
BRDA:279,33,1,0
BRDA:303,34,0,3
BRDA:303,34,1,3
BRDA:311,35,0,0
BRDA:311,35,1,3
BRDA:318,36,0,3
BRDA:318,36,1,0
BRDA:330,37,0,0
BRDA:330,37,1,0
BRDA:330,37,2,0
BRDA:330,37,3,0
BRDA:330,37,4,0
BRDA:330,37,5,0
BRDA:330,37,6,0
BRF:77
BRH:23
end_of_record
TN:
SF:src\components\RecommendModal.tsx
FN:15,(anonymous_0)
FNF:1
FNH:0
FNDA:0,(anonymous_0)
DA:15,0
DA:22,0
DA:34,0
LF:3
LH:0
BRF:0
BRH:0
end_of_record
TN:
SF:src\components\RecommendationCard.tsx
FN:41,(anonymous_0)
FN:73,(anonymous_1)
FN:77,(anonymous_2)
FN:86,(anonymous_3)
FN:88,(anonymous_4)
FN:102,(anonymous_5)
FN:110,(anonymous_6)
FN:119,(anonymous_7)
FN:207,(anonymous_8)
FN:221,(anonymous_9)
FNF:10
FNH:2
FNDA:5,(anonymous_0)
FNDA:1,(anonymous_1)
FNDA:0,(anonymous_2)
FNDA:0,(anonymous_3)
FNDA:0,(anonymous_4)
FNDA:0,(anonymous_5)
FNDA:0,(anonymous_6)
FNDA:0,(anonymous_7)
FNDA:0,(anonymous_8)
FNDA:0,(anonymous_9)
DA:41,2
DA:53,5
DA:54,5
DA:55,5
DA:66,5
DA:69,5
DA:71,5
DA:73,5
DA:74,1
DA:76,1
DA:77,0
DA:78,0
DA:79,0
DA:84,5
DA:86,0
DA:88,5
DA:89,0
DA:91,0
DA:92,0
DA:93,0
DA:94,0
DA:95,0
DA:98,0
DA:102,5
DA:103,0
DA:104,0
DA:106,0
DA:110,5
DA:111,0
DA:120,0
DA:121,0
DA:122,0
DA:130,5
DA:131,5
DA:135,5
DA:208,0
DA:209,0
DA:210,0
DA:211,0
DA:213,0
DA:222,0
DA:223,0
DA:224,0
DA:269,2
LF:44
LH:18
BRDA:69,0,0,5
BRDA:69,0,1,5
BRDA:76,1,0,0
BRDA:76,1,1,1
BRDA:76,2,0,1
BRDA:76,2,1,1
BRDA:76,2,2,1
BRDA:77,3,0,0
BRDA:77,3,1,0
BRDA:78,4,0,0
BRDA:78,4,1,0
BRDA:84,5,0,5
BRDA:84,5,1,0
BRDA:84,5,2,0
BRDA:86,6,0,0
BRDA:86,6,1,0
BRDA:89,7,0,0
BRDA:89,7,1,0
BRDA:94,8,0,0
BRDA:94,8,1,0
BRDA:103,9,0,0
BRDA:103,9,1,0
BRDA:121,10,0,0
BRDA:121,10,1,0
BRDA:131,11,0,0
BRDA:131,11,1,5
BRDA:131,12,0,0
BRDA:131,12,1,5
BRDA:143,13,0,5
BRDA:143,13,1,0
BRDA:155,14,0,5
BRDA:155,14,1,0
BRDA:164,15,0,5
BRDA:164,15,1,0
BRDA:165,16,0,5
BRDA:165,16,1,0
BRDA:166,17,0,0
BRDA:166,17,1,0
BRDA:168,18,0,5
BRDA:168,18,1,4
BRDA:175,19,0,5
BRDA:175,19,1,5
BRDA:176,20,0,0
BRDA:176,20,1,5
BRDA:191,21,0,5
BRDA:191,21,1,0
BRDA:198,22,0,5
BRDA:198,22,1,0
BRDA:205,23,0,0
BRDA:205,23,1,0
BRDA:205,24,0,0
BRDA:205,24,1,0
BRDA:210,25,0,0
BRDA:210,25,1,0
BRDA:211,26,0,0
BRDA:211,26,1,0
BRDA:219,27,0,0
BRDA:219,27,1,0
BRDA:219,27,2,0
BRDA:223,28,0,0
BRDA:223,28,1,0
BRDA:253,29,0,0
BRDA:253,29,1,0
BRDA:255,30,0,0
BRDA:255,30,1,0
BRF:65
BRH:20
end_of_record
TN:
SF:src\components\SeasonCard.tsx
FN:18,(anonymous_0)
FN:26,(anonymous_1)
FN:30,(anonymous_2)
FN:52,(anonymous_3)
FNF:4
FNH:0
FNDA:0,(anonymous_0)
FNDA:0,(anonymous_1)
FNDA:0,(anonymous_2)
FNDA:0,(anonymous_3)
DA:18,0
DA:24,0
DA:26,0
DA:27,0
DA:30,0
DA:31,0
DA:32,0
DA:44,0
DA:52,0
DA:53,0
DA:59,0
DA:72,0
LF:12
LH:0
BRDA:31,0,0,0
BRDA:31,0,1,0
BRDA:39,1,0,0
BRDA:39,1,1,0
BRDA:47,2,0,0
BRDA:47,2,1,0
BRF:6
BRH:0
end_of_record
TN:
SF:src\components\SeasonModal.tsx
FN:20,(anonymous_0)
FN:37,(anonymous_1)
FN:41,(anonymous_2)
FN:52,(anonymous_3)
FN:53,(anonymous_4)
FN:58,(anonymous_5)
FN:60,(anonymous_6)
FNF:7
FNH:0
FNDA:0,(anonymous_0)
FNDA:0,(anonymous_1)
FNDA:0,(anonymous_2)
FNDA:0,(anonymous_3)
FNDA:0,(anonymous_4)
FNDA:0,(anonymous_5)
FNDA:0,(anonymous_6)
DA:20,0
DA:31,0
DA:33,0
DA:37,0
DA:38,0
DA:41,0
DA:42,0
DA:46,0
DA:52,0
DA:53,0
DA:58,0
DA:60,0
DA:61,0
DA:62,0
DA:69,0
DA:79,0
DA:106,0
LF:17
LH:0
BRDA:33,0,0,0
BRDA:33,0,1,0
BRDA:42,1,0,0
BRDA:42,1,1,0
BRDA:50,2,0,0
BRDA:50,2,1,0
BRDA:61,3,0,0
BRDA:61,3,1,0
BRF:8
BRH:0
end_of_record
TN:
SF:src\components\SmokeBackground.tsx
FN:18,(anonymous_0)
FN:33,(anonymous_1)
FN:40,(anonymous_2)
FN:75,(anonymous_3)
FN:94,SmokeBackground
FNF:5
FNH:0
FNDA:0,(anonymous_0)
FNDA:0,(anonymous_1)
FNDA:0,(anonymous_2)
FNDA:0,(anonymous_3)
FNDA:0,SmokeBackground
DA:15,0
DA:16,0
DA:18,0
DA:19,0
DA:20,0
DA:21,0
DA:33,0
DA:34,0
DA:35,0
DA:36,0
DA:37,0
DA:38,0
DA:40,0
DA:41,0
DA:53,0
DA:59,0
DA:65,0
DA:71,0
DA:75,0
DA:76,0
DA:87,0
DA:95,0
DA:105,0
LF:23
LH:0
BRF:0
BRH:0
end_of_record
TN:
SF:src\components\TrailerModal.tsx
FN:17,TrailerModal
FN:21,(anonymous_1)
FN:56,(anonymous_2)
FNF:3
FNH:0
FNDA:0,TrailerModal
FNDA:0,(anonymous_1)
FNDA:0,(anonymous_2)
DA:13,0
DA:15,0
DA:18,0
DA:19,0
DA:21,0
DA:22,0
DA:23,0
DA:27,0
DA:29,0
DA:56,0
DA:65,0
LF:11
LH:0
BRDA:22,0,0,0
BRDA:22,0,1,0
BRDA:27,1,0,0
BRDA:27,1,1,0
BRDA:46,2,0,0
BRDA:46,2,1,0
BRF:6
BRH:0
end_of_record
TN:
SF:src\components\VideoSplash.tsx
FN:12,VideoSplash
FN:22,(anonymous_1)
FN:38,(anonymous_2)
FN:43,(anonymous_3)
FN:50,(anonymous_4)
FN:57,(anonymous_5)
FN:62,(anonymous_6)
FN:68,(anonymous_7)
FN:75,(anonymous_8)
FNF:9
FNH:0
FNDA:0,VideoSplash
FNDA:0,(anonymous_1)
FNDA:0,(anonymous_2)
FNDA:0,(anonymous_3)
FNDA:0,(anonymous_4)
FNDA:0,(anonymous_5)
FNDA:0,(anonymous_6)
FNDA:0,(anonymous_7)
FNDA:0,(anonymous_8)
DA:10,0
DA:13,0
DA:14,0
DA:15,0
DA:16,0
DA:17,0
DA:20,0
DA:22,0
DA:23,0
DA:24,0
DA:26,0
DA:29,0
DA:30,0
DA:31,0
DA:34,0
DA:39,0
DA:43,0
DA:44,0
DA:45,0
DA:46,0
DA:47,0
DA:50,0
DA:51,0
DA:53,0
DA:54,0
DA:57,0
DA:58,0
DA:59,0
DA:62,0
DA:63,0
DA:64,0
DA:68,0
DA:69,0
DA:70,0
DA:71,0
DA:75,0
DA:76,0
DA:77,0
DA:78,0
DA:79,0
DA:80,0
DA:85,0
DA:105,0
LF:43
LH:0
BRDA:23,0,0,0
BRDA:23,0,1,0
BRDA:29,1,0,0
BRDA:29,1,1,0
BRDA:53,2,0,0
BRDA:53,2,1,0
BRDA:69,3,0,0
BRDA:69,3,1,0
BRDA:79,4,0,0
BRDA:79,4,1,0
BRDA:93,5,0,0
BRDA:93,5,1,0
BRF:12
BRH:0
end_of_record
TN:
SF:src\components\VotePicker.tsx
FN:16,VotePicker
FN:28,(anonymous_1)
FN:31,(anonymous_2)
FN:35,(anonymous_3)
FNF:4
FNH:0
FNDA:0,VotePicker
FNDA:0,(anonymous_1)
FNDA:0,(anonymous_2)
FNDA:0,(anonymous_3)
DA:14,1
DA:16,1
DA:25,0
DA:28,0
DA:32,0
DA:35,0
DA:50,1
LF:7
LH:3
BRDA:34,0,0,0
BRDA:34,0,1,0
BRDA:37,1,0,0
BRDA:37,1,1,0
BRF:4
BRH:0
end_of_record
TN:
SF:src\components\navigation\AnimatedTabBar.tsx
FN:46,layoutReducer
FN:48,(anonymous_1)
FN:63,TabBarItem
FN:73,(anonymous_3)
FN:80,(anonymous_4)
FN:85,(anonymous_5)
FN:92,(anonymous_6)
FN:150,AnimatedTabBar
FN:162,(anonymous_8)
FN:163,(anonymous_9)
FN:171,(anonymous_10)
FN:173,(anonymous_11)
FN:179,(anonymous_12)
FN:189,(anonymous_13)
FN:190,(anonymous_14)
FN:193,(anonymous_15)
FN:202,(anonymous_16)
FN:210,(anonymous_17)
FN:216,(anonymous_18)
FN:216,(anonymous_19)
FN:228,(anonymous_20)
FN:228,(anonymous_21)
FN:236,(anonymous_22)
FN:237,(anonymous_23)
FN:271,(anonymous_24)
FN:280,(anonymous_25)
FNF:26
FNH:0
FNDA:0,layoutReducer
FNDA:0,(anonymous_1)
FNDA:0,TabBarItem
FNDA:0,(anonymous_3)
FNDA:0,(anonymous_4)
FNDA:0,(anonymous_5)
FNDA:0,(anonymous_6)
FNDA:0,AnimatedTabBar
FNDA:0,(anonymous_8)
FNDA:0,(anonymous_9)
FNDA:0,(anonymous_10)
FNDA:0,(anonymous_11)
FNDA:0,(anonymous_12)
FNDA:0,(anonymous_13)
FNDA:0,(anonymous_14)
FNDA:0,(anonymous_15)
FNDA:0,(anonymous_16)
FNDA:0,(anonymous_17)
FNDA:0,(anonymous_18)
FNDA:0,(anonymous_19)
FNDA:0,(anonymous_20)
FNDA:0,(anonymous_21)
FNDA:0,(anonymous_22)
FNDA:0,(anonymous_23)
FNDA:0,(anonymous_24)
FNDA:0,(anonymous_25)
DA:20,0
DA:21,0
DA:22,0
DA:24,0
DA:47,0
DA:48,0
DA:49,0
DA:51,0
DA:52,0
DA:54,0
DA:55,0
DA:56,0
DA:58,0
DA:60,0
DA:63,0
DA:73,0
DA:80,0
DA:85,0
DA:92,0
DA:93,0
DA:100,0
DA:155,0
DA:156,0
DA:159,0
DA:162,0
DA:163,0
DA:164,0
DA:165,0
DA:171,0
DA:172,0
DA:173,0
DA:179,0
DA:180,0
DA:188,0
DA:190,0
DA:191,0
DA:194,0
DA:195,0
DA:202,0
DA:207,0
DA:210,0
DA:211,0
DA:216,0
DA:217,0
DA:223,0
DA:224,0
DA:228,0
DA:229,0
DA:236,0
DA:237,0
DA:238,0
DA:239,0
DA:240,0
DA:244,0
DA:257,0
DA:272,0
DA:274,0
DA:280,0
DA:292,0
LF:59
LH:0
BRDA:47,0,0,0
BRDA:47,0,1,0
BRDA:49,1,0,0
BRDA:49,1,1,0
BRDA:51,2,0,0
BRDA:51,2,1,0
BRDA:75,3,0,0
BRDA:75,3,1,0
BRDA:81,4,0,0
BRDA:81,4,1,0
BRDA:87,5,0,0
BRDA:87,5,1,0
BRDA:94,6,0,0
BRDA:94,6,1,0
BRDA:127,7,0,0
BRDA:127,7,1,0
BRDA:139,8,0,0
BRDA:139,8,1,0
BRDA:191,9,0,0
BRDA:191,9,1,0
BRDA:194,10,0,0
BRDA:194,10,1,0
BRDA:194,11,0,0
BRDA:194,11,1,0
BRDA:223,12,0,0
BRDA:223,12,1,0
BRDA:223,13,0,0
BRDA:223,13,1,0
BRDA:249,14,0,0
BRDA:249,14,1,0
BRDA:272,15,0,0
BRDA:272,15,1,0
BRF:32
BRH:0
end_of_record
TN:
SF:src\components\navigation\HeaderLeft.tsx
FN:7,(anonymous_0)
FNF:1
FNH:0
FNDA:0,(anonymous_0)
DA:7,0
DA:8,0
LF:2
LH:0
BRF:0
BRH:0
end_of_record
TN:
SF:src\components\navigation\HeaderRight.tsx
FN:10,getInitials
FN:20,(anonymous_1)
FN:26,(anonymous_2)
FN:38,(anonymous_3)
FN:46,(anonymous_4)
FN:56,(anonymous_5)
FN:71,(anonymous_6)
FN:75,(anonymous_7)
FNF:8
FNH:0
FNDA:0,getInitials
FNDA:0,(anonymous_1)
FNDA:0,(anonymous_2)
FNDA:0,(anonymous_3)
FNDA:0,(anonymous_4)
FNDA:0,(anonymous_5)
FNDA:0,(anonymous_6)
FNDA:0,(anonymous_7)
DA:11,0
DA:12,0
DA:14,0
DA:15,0
DA:17,0
DA:20,0
DA:21,0
DA:22,0
DA:23,0
DA:24,0
DA:26,0
DA:27,0
DA:28,0
DA:38,0
DA:39,0
DA:40,0
DA:43,0
DA:46,0
DA:56,0
DA:71,0
DA:75,0
DA:106,0
LF:22
LH:0
BRDA:11,0,0,0
BRDA:11,0,1,0
BRDA:11,1,0,0
BRDA:11,1,1,0
BRDA:14,2,0,0
BRDA:14,2,1,0
BRDA:49,3,0,0
BRDA:49,3,1,0
BRDA:80,4,0,0
BRDA:80,4,1,0
BRDA:84,5,0,0
BRDA:84,5,1,0
BRF:12
BRH:0
end_of_record
TN:
SF:src\components\navigation\TMDBDisclaimerModal.tsx
FN:27,(anonymous_0)
FN:34,(anonymous_1)
FN:39,(anonymous_2)
FN:44,(anonymous_3)
FN:46,(anonymous_4)
FN:54,(anonymous_5)
FN:77,(anonymous_6)
FNF:7
FNH:0
FNDA:0,(anonymous_0)
FNDA:0,(anonymous_1)
FNDA:0,(anonymous_2)
FNDA:0,(anonymous_3)
FNDA:0,(anonymous_4)
FNDA:0,(anonymous_5)
FNDA:0,(anonymous_6)
DA:27,0
DA:31,0
DA:32,0
DA:34,0
DA:38,0
DA:40,0
DA:41,0
DA:45,0
DA:46,0
DA:47,0
DA:50,0
DA:54,0
DA:55,0
DA:56,0
DA:58,0
DA:62,0
DA:77,0
DA:124,0
LF:18
LH:0
BRDA:40,0,0,0
BRDA:40,0,1,0
BRDA:45,1,0,0
BRDA:45,1,1,0
BRDA:45,2,0,0
BRDA:45,2,1,0
BRDA:55,3,0,0
BRDA:55,3,1,0
BRF:8
BRH:0
end_of_record
TN:
SF:src\components\navigation\TabBarIcons.tsx
FN:11,(anonymous_0)
FN:15,(anonymous_1)
FN:19,(anonymous_2)
FN:23,(anonymous_3)
FN:27,(anonymous_4)
FNF:5
FNH:0
FNDA:0,(anonymous_0)
FNDA:0,(anonymous_1)
FNDA:0,(anonymous_2)
FNDA:0,(anonymous_3)
FNDA:0,(anonymous_4)
DA:9,0
DA:11,0
DA:12,0
DA:15,0
DA:16,0
DA:19,0
DA:20,0
DA:23,0
DA:24,0
DA:27,0
DA:28,0
LF:11
LH:0
BRDA:16,0,0,0
BRDA:16,0,1,0
BRDA:20,1,0,0
BRDA:20,1,1,0
BRDA:24,2,0,0
BRDA:24,2,1,0
BRDA:28,3,0,0
BRDA:28,3,1,0
BRF:8
BRH:0
end_of_record
TN:
SF:src\constants\Colors.ts
FNF:0
FNH:0
DA:1,5
DA:45,5
LF:2
LH:2
BRF:0
BRH:0
end_of_record
TN:
SF:src\hooks\useAvatarUpload.ts
FN:33,getExtensionFromMimeType
FN:42,generateAvatarPath
FN:47,validateImage
FN:69,useAvatarUpload
FN:76,(anonymous_4)
FN:77,(anonymous_5)
FN:82,(anonymous_6)
FN:86,(anonymous_7)
FN:95,(anonymous_8)
FN:109,(anonymous_9)
FN:139,(anonymous_10)
FN:143,(anonymous_11)
FN:150,(anonymous_12)
FN:157,(anonymous_13)
FN:177,(anonymous_14)
FN:252,(anonymous_15)
FN:255,(anonymous_16)
FNF:17
FNH:0
FNDA:0,getExtensionFromMimeType
FNDA:0,generateAvatarPath
FNDA:0,validateImage
FNDA:0,useAvatarUpload
FNDA:0,(anonymous_4)
FNDA:0,(anonymous_5)
FNDA:0,(anonymous_6)
FNDA:0,(anonymous_7)
FNDA:0,(anonymous_8)
FNDA:0,(anonymous_9)
FNDA:0,(anonymous_10)
FNDA:0,(anonymous_11)
FNDA:0,(anonymous_12)
FNDA:0,(anonymous_13)
FNDA:0,(anonymous_14)
FNDA:0,(anonymous_15)
FNDA:0,(anonymous_16)
DA:8,0
DA:10,0
DA:12,0
DA:34,0
DA:39,0
DA:43,0
DA:44,0
DA:51,0
DA:52,0
DA:59,0
DA:60,0
DA:66,0
DA:70,0
DA:76,0
DA:77,0
DA:81,0
DA:83,0
DA:84,0
DA:85,0
DA:86,0
DA:90,0
DA:93,0
DA:94,0
DA:95,0
DA:99,0
DA:102,0
DA:108,0
DA:110,0
DA:113,0
DA:114,0
DA:116,0
DA:118,0
DA:126,0
DA:130,0
DA:131,0
DA:134,0
DA:137,0
DA:138,0
DA:139,0
DA:140,0
DA:143,0
DA:146,0
DA:150,0
DA:153,0
DA:154,0
DA:155,0
DA:157,0
DA:160,0
DA:167,0
DA:168,0
DA:169,0
DA:174,0
DA:177,0
DA:180,0
DA:184,0
DA:186,0
DA:187,0
DA:189,0
DA:190,0
DA:195,0
DA:201,0
DA:202,0
DA:203,0
DA:208,0
DA:211,0
DA:213,0
DA:214,0
DA:215,0
DA:220,0
DA:227,0
DA:228,0
DA:229,0
DA:235,0
DA:236,0
DA:238,0
DA:239,0
DA:244,0
DA:251,0
DA:253,0
DA:255,0
DA:257,0
DA:259,0
DA:260,0
DA:261,0
DA:262,0
DA:266,0
DA:271,0
DA:272,0
DA:277,0
DA:281,0
DA:282,0
DA:283,0
DA:289,0
DA:290,0
DA:292,0
DA:293,0
DA:298,0
DA:304,0
LF:98
LH:0
BRDA:39,0,0,0
BRDA:39,0,1,0
BRDA:51,1,0,0
BRDA:51,1,1,0
BRDA:51,2,0,0
BRDA:51,2,1,0
BRDA:59,3,0,0
BRDA:59,3,1,0
BRDA:59,4,0,0
BRDA:59,4,1,0
BRDA:83,5,0,0
BRDA:83,5,1,0
BRDA:85,6,0,0
BRDA:85,6,1,0
BRDA:94,7,0,0
BRDA:94,7,1,0
BRDA:114,8,0,0
BRDA:114,8,1,0
BRDA:126,9,0,0
BRDA:126,9,1,0
BRDA:130,10,0,0
BRDA:130,10,1,0
BRDA:130,11,0,0
BRDA:130,11,1,0
BRDA:138,12,0,0
BRDA:138,12,1,0
BRDA:153,13,0,0
BRDA:153,13,1,0
BRDA:167,14,0,0
BRDA:167,14,1,0
BRDA:189,15,0,0
BRDA:189,15,1,0
BRDA:201,16,0,0
BRDA:201,16,1,0
BRDA:211,17,0,0
BRDA:211,17,1,0
BRDA:213,18,0,0
BRDA:213,18,1,0
BRDA:228,19,0,0
BRDA:228,19,1,0
BRDA:253,20,0,0
BRDA:253,20,1,0
BRDA:260,21,0,0
BRDA:260,21,1,0
BRDA:271,22,0,0
BRDA:271,22,1,0
BRDA:282,23,0,0
BRDA:282,23,1,0
BRF:48
BRH:0
end_of_record
TN:
SF:src\hooks\useContentActions.ts
FN:15,useContentActions
FN:28,(anonymous_1)
FN:43,(anonymous_2)
FN:58,(anonymous_3)
FNF:4
FNH:0
FNDA:0,useContentActions
FNDA:0,(anonymous_1)
FNDA:0,(anonymous_2)
FNDA:0,(anonymous_3)
DA:25,0
DA:27,0
DA:29,0
DA:30,0
DA:31,0
DA:33,0
DA:36,0
DA:42,0
DA:44,0
DA:45,0
DA:46,0
DA:48,0
DA:51,0
DA:57,0
DA:59,0
DA:60,0
DA:62,0
DA:68,0
LF:18
LH:0
BRDA:30,0,0,0
BRDA:30,0,1,0
BRDA:45,1,0,0
BRDA:45,1,1,0
BRF:4
BRH:0
end_of_record
TN:
SF:src\hooks\useEnrichedContent.ts
FN:13,useEnrichedContent
FN:17,(anonymous_1)
FN:27,(anonymous_2)
FN:78,(anonymous_3)
FNF:4
FNH:0
FNDA:0,useEnrichedContent
FNDA:0,(anonymous_1)
FNDA:0,(anonymous_2)
FNDA:0,(anonymous_3)
DA:14,0
DA:15,0
DA:17,0
DA:18,0
DA:19,0
DA:20,0
DA:21,0
DA:24,0
DA:25,0
DA:26,0
DA:28,0
DA:29,0
DA:30,0
DA:32,0
DA:33,0
DA:42,0
DA:44,0
DA:45,0
DA:56,0
DA:57,0
DA:68,0
DA:70,0
DA:72,0
DA:78,0
DA:79,0
DA:82,0
LF:26
LH:0
BRDA:18,0,0,0
BRDA:18,0,1,0
BRDA:18,1,0,0
BRDA:18,1,1,0
BRDA:29,2,0,0
BRDA:29,2,1,0
BRDA:32,3,0,0
BRDA:32,3,1,0
BRDA:44,4,0,0
BRDA:44,4,1,0
BRF:10
BRH:0
end_of_record
TN:
SF:src\hooks\useForYouContent.ts
FN:23,(anonymous_0)
FN:29,(anonymous_1)
FN:30,(anonymous_2)
FN:32,(anonymous_3)
FN:39,(anonymous_4)
FN:40,(anonymous_5)
FN:41,(anonymous_6)
FN:50,(anonymous_7)
FN:86,(anonymous_8)
FN:123,(anonymous_9)
FNF:10
FNH:0
FNDA:0,(anonymous_0)
FNDA:0,(anonymous_1)
FNDA:0,(anonymous_2)
FNDA:0,(anonymous_3)
FNDA:0,(anonymous_4)
FNDA:0,(anonymous_5)
FNDA:0,(anonymous_6)
FNDA:0,(anonymous_7)
FNDA:0,(anonymous_8)
FNDA:0,(anonymous_9)
DA:23,0
DA:24,0
DA:25,0
DA:26,0
DA:29,0
DA:30,0
DA:32,0
DA:33,0
DA:35,0
DA:36,0
DA:38,0
DA:39,0
DA:41,0
DA:42,0
DA:47,0
DA:50,0
DA:51,0
DA:52,0
DA:53,0
DA:57,0
DA:58,0
DA:65,0
DA:66,0
DA:70,0
DA:71,0
DA:80,0
DA:82,0
DA:85,0
DA:86,0
DA:87,0
DA:91,0
DA:92,0
DA:97,0
DA:98,0
DA:105,0
DA:106,0
DA:115,0
DA:117,0
DA:119,0
DA:123,0
DA:124,0
DA:125,0
DA:129,0
LF:43
LH:0
BRDA:33,0,0,0
BRDA:33,0,1,0
BRDA:42,1,0,0
BRDA:42,1,1,0
BRDA:52,2,0,0
BRDA:52,2,1,0
BRDA:57,3,0,0
BRDA:57,3,1,0
BRDA:57,4,0,0
BRDA:57,4,1,0
BRDA:65,5,0,0
BRDA:65,5,1,0
BRDA:70,6,0,0
BRDA:70,6,1,0
BRDA:70,7,0,0
BRDA:70,7,1,0
BRDA:87,8,0,0
BRDA:87,8,1,0
BRDA:91,9,0,0
BRDA:91,9,1,0
BRDA:97,10,0,0
BRDA:97,10,1,0
BRDA:105,11,0,0
BRDA:105,11,1,0
BRDA:124,12,0,0
BRDA:124,12,1,0
BRF:26
BRH:0
end_of_record
TN:
SF:src\hooks\usePushNotifications.ts
FN:7,usePushNotifications
FNF:1
FNH:0
FNDA:0,usePushNotifications
DA:8,0
DA:9,0
DA:11,0
LF:3
LH:0
BRF:0
BRH:0
end_of_record
TN:
SF:src\lib\i18n.ts
FN:15,(anonymous_0)
FN:16,(anonymous_1)
FN:36,(anonymous_2)
FNF:3
FNH:0
FNDA:0,(anonymous_0)
FNDA:0,(anonymous_1)
FNDA:0,(anonymous_2)
DA:10,0
DA:12,0
DA:17,0
DA:18,0
DA:19,0
DA:20,0
DA:22,0
DA:23,0
DA:24,0
DA:25,0
DA:26,0
DA:29,0
DA:32,0
DA:33,0
DA:37,0
DA:38,0
DA:40,0
DA:45,0
DA:51,0
LF:19
LH:0
BRDA:19,0,0,0
BRDA:19,0,1,0
BRDA:23,1,0,0
BRDA:23,1,1,0
BRDA:23,2,0,0
BRDA:23,2,1,0
BRDA:25,3,0,0
BRDA:25,3,1,0
BRDA:25,4,0,0
BRDA:25,4,1,0
BRF:10
BRH:0
end_of_record
TN:
SF:src\lib\supabase.ts
FNF:0
FNH:0
DA:5,2
DA:6,2
DA:8,2
LF:3
LH:3
BRDA:5,0,0,2
BRDA:5,0,1,2
BRDA:6,1,0,2
BRDA:6,1,1,2
BRF:4
BRH:4
end_of_record
TN:
SF:src\lib\tmdb.ts
FN:101,(anonymous_0)
FN:110,(anonymous_1)
FN:128,(anonymous_2)
FN:130,(anonymous_3)
FN:133,(anonymous_4)
FN:138,(anonymous_5)
FN:143,(anonymous_6)
FN:148,(anonymous_7)
FN:153,(anonymous_8)
FN:159,(anonymous_9)
FN:165,(anonymous_10)
FN:169,(anonymous_11)
FN:177,(anonymous_12)
FN:194,(anonymous_13)
FN:198,(anonymous_14)
FN:217,(anonymous_15)
FN:221,(anonymous_16)
FN:232,(anonymous_17)
FN:238,isValidTmdbId
FN:244,getTmdbBaseUrl
FN:261,(anonymous_20)
FN:265,(anonymous_21)
FN:269,(anonymous_22)
FN:283,(anonymous_23)
FNF:24
FNH:3
FNDA:0,(anonymous_0)
FNDA:0,(anonymous_1)
FNDA:0,(anonymous_2)
FNDA:0,(anonymous_3)
FNDA:0,(anonymous_4)
FNDA:0,(anonymous_5)
FNDA:0,(anonymous_6)
FNDA:0,(anonymous_7)
FNDA:0,(anonymous_8)
FNDA:0,(anonymous_9)
FNDA:0,(anonymous_10)
FNDA:0,(anonymous_11)
FNDA:0,(anonymous_12)
FNDA:0,(anonymous_13)
FNDA:0,(anonymous_14)
FNDA:0,(anonymous_15)
FNDA:0,(anonymous_16)
FNDA:15,(anonymous_17)
FNDA:8,isValidTmdbId
FNDA:1,getTmdbBaseUrl
FNDA:0,(anonymous_20)
FNDA:0,(anonymous_21)
FNDA:0,(anonymous_22)
FNDA:0,(anonymous_23)
DA:3,4
DA:4,4
DA:5,4
DA:101,4
DA:102,0
DA:103,0
DA:106,0
DA:107,0
DA:108,0
DA:110,0
DA:111,0
DA:114,0
DA:116,0
DA:117,0
DA:118,0
DA:120,0
DA:123,0
DA:126,4
DA:128,4
DA:129,0
DA:130,0
DA:133,4
DA:134,0
DA:135,0
DA:138,4
DA:139,0
DA:140,0
DA:143,4
DA:144,0
DA:145,0
DA:148,4
DA:149,0
DA:150,0
DA:153,4
DA:154,0
DA:155,0
DA:156,0
DA:159,4
DA:160,0
DA:161,0
DA:162,0
DA:165,4
DA:166,0
DA:169,4
DA:170,0
DA:171,0
DA:172,0
DA:174,0
DA:177,4
DA:178,0
DA:179,0
DA:180,0
DA:182,0
DA:194,4
DA:195,0
DA:198,4
DA:199,0
DA:217,4
DA:218,0
DA:221,4
DA:222,0
DA:223,0
DA:224,0
DA:229,0
DA:232,4
DA:233,15
DA:234,12
DA:235,12
DA:239,8
DA:240,6
DA:241,6
DA:245,1
DA:261,4
DA:262,0
DA:265,4
DA:266,0
DA:269,4
DA:270,0
DA:276,0
DA:277,0
DA:279,0
DA:280,0
DA:283,4
DA:284,0
DA:290,0
DA:291,0
DA:293,0
DA:294,0
LF:88
LH:31
BRDA:3,0,0,4
BRDA:3,0,1,4
BRDA:5,1,0,4
BRDA:5,1,1,4
BRDA:101,2,0,0
BRDA:107,3,0,0
BRDA:107,3,1,0
BRDA:107,4,0,0
BRDA:107,4,1,0
BRDA:116,5,0,0
BRDA:116,5,1,0
BRDA:117,6,0,0
BRDA:117,6,1,0
BRDA:129,7,0,0
BRDA:129,7,1,0
BRDA:133,8,0,0
BRDA:138,9,0,0
BRDA:143,10,0,0
BRDA:148,11,0,0
BRDA:155,12,0,0
BRDA:155,12,1,0
BRDA:155,13,0,0
BRDA:155,13,1,0
BRDA:161,14,0,0
BRDA:161,14,1,0
BRDA:161,15,0,0
BRDA:161,15,1,0
BRDA:171,16,0,0
BRDA:171,16,1,0
BRDA:171,17,0,0
BRDA:171,17,1,0
BRDA:179,18,0,0
BRDA:179,18,1,0
BRDA:179,19,0,0
BRDA:179,19,1,0
BRDA:223,20,0,0
BRDA:223,20,1,0
BRDA:232,21,0,6
BRDA:233,22,0,3
BRDA:233,22,1,12
BRDA:234,23,0,11
BRDA:234,23,1,1
BRDA:239,24,0,2
BRDA:239,24,1,6
BRDA:239,25,0,8
BRDA:239,25,1,7
BRDA:241,26,0,6
BRDA:241,26,1,5
BRDA:271,27,0,0
BRDA:271,27,1,0
BRDA:272,28,0,0
BRDA:272,28,1,0
BRDA:276,29,0,0
BRDA:276,29,1,0
BRDA:277,30,0,0
BRDA:277,30,1,0
BRDA:285,31,0,0
BRDA:285,31,1,0
BRDA:286,32,0,0
BRDA:286,32,1,0
BRDA:290,33,0,0
BRDA:290,33,1,0
BRDA:291,34,0,0
BRDA:291,34,1,0
BRF:64
BRH:15
end_of_record
TN:
SF:src\schemas\auth.ts
FN:15,(anonymous_0)
FNF:1
FNH:0
FNDA:0,(anonymous_0)
DA:3,1
DA:15,0
DA:20,1
DA:27,1
DA:34,1
LF:5
LH:4
BRF:0
BRH:0
end_of_record
TN:
SF:src\stores\authStore.ts
FN:24,(anonymous_0)
FN:31,(anonymous_1)
FN:81,(anonymous_2)
FN:138,(anonymous_3)
FN:158,(anonymous_4)
FN:213,(anonymous_5)
FN:219,(anonymous_6)
FN:223,(anonymous_7)
FN:279,(anonymous_8)
FN:315,(anonymous_9)
FNF:10
FNH:3
FNDA:2,(anonymous_0)
FNDA:3,(anonymous_1)
FNDA:0,(anonymous_2)
FNDA:1,(anonymous_3)
FNDA:0,(anonymous_4)
FNDA:0,(anonymous_5)
FNDA:0,(anonymous_6)
FNDA:0,(anonymous_7)
FNDA:0,(anonymous_8)
FNDA:0,(anonymous_9)
DA:24,2
DA:32,3
DA:34,3
DA:36,3
DA:37,3
DA:39,3
DA:41,1
DA:46,1
DA:47,0
DA:48,0
DA:51,1
DA:54,3
DA:59,3
DA:60,1
DA:61,1
DA:64,2
DA:72,2
DA:73,2
DA:75,0
DA:76,0
DA:77,0
DA:82,0
DA:84,0
DA:86,0
DA:92,0
DA:93,0
DA:94,0
DA:98,0
DA:110,0
DA:111,0
DA:112,0
DA:114,0
DA:116,0
DA:122,0
DA:129,0
DA:130,0
DA:132,0
DA:133,0
DA:134,0
DA:139,1
DA:140,1
DA:141,1
DA:151,1
DA:153,1
DA:154,1
DA:155,1
DA:159,0
DA:160,0
DA:162,0
DA:168,0
DA:169,0
DA:172,0
DA:173,0
DA:177,0
DA:179,0
DA:183,0
DA:188,0
DA:197,0
DA:198,0
DA:199,0
DA:203,0
DA:205,0
DA:206,0
DA:208,0
DA:214,0
DA:220,0
DA:224,0
DA:225,0
DA:227,0
DA:228,0
DA:229,0
DA:232,0
DA:234,0
DA:241,0
DA:242,0
DA:243,0
DA:247,0
DA:253,0
DA:254,0
DA:255,0
DA:258,0
DA:259,0
DA:260,0
DA:261,0
DA:265,0
DA:271,0
DA:273,0
DA:274,0
DA:275,0
DA:280,0
DA:281,0
DA:283,0
DA:284,0
DA:285,0
DA:288,0
DA:290,0
DA:292,0
DA:293,0
DA:294,0
DA:295,0
DA:299,0
DA:307,0
DA:309,0
DA:310,0
DA:311,0
DA:315,0
LF:106
LH:23
BRDA:39,0,0,1
BRDA:39,0,1,2
BRDA:46,1,0,0
BRDA:46,1,1,1
BRDA:46,2,0,1
BRDA:46,2,1,1
BRDA:46,2,2,1
BRDA:59,3,0,1
BRDA:59,3,1,2
BRDA:92,4,0,0
BRDA:92,4,1,0
BRDA:110,5,0,0
BRDA:110,5,1,0
BRDA:111,6,0,0
BRDA:111,6,1,0
BRDA:160,7,0,0
BRDA:160,7,1,0
BRDA:168,8,0,0
BRDA:168,8,1,0
BRDA:172,9,0,0
BRDA:172,9,1,0
BRDA:177,10,0,0
BRDA:177,10,1,0
BRDA:179,11,0,0
BRDA:179,11,1,0
BRDA:179,11,2,0
BRDA:180,12,0,0
BRDA:180,12,1,0
BRDA:183,13,0,0
BRDA:183,13,1,0
BRDA:183,13,2,0
BRDA:183,13,3,0
BRDA:197,14,0,0
BRDA:197,14,1,0
BRDA:203,15,0,0
BRDA:203,15,1,0
BRDA:205,16,0,0
BRDA:205,16,1,0
BRDA:216,17,0,0
BRDA:216,17,1,0
BRDA:227,18,0,0
BRDA:227,18,1,0
BRDA:227,19,0,0
BRDA:227,19,1,0
BRDA:241,20,0,0
BRDA:241,20,1,0
BRDA:253,21,0,0
BRDA:253,21,1,0
BRDA:258,22,0,0
BRDA:258,22,1,0
BRDA:258,23,0,0
BRDA:258,23,1,0
BRDA:283,24,0,0
BRDA:283,24,1,0
BRDA:292,25,0,0
BRDA:292,25,1,0
BRF:56
BRH:8
end_of_record
TN:
SF:src\stores\contentStore.ts
FN:40,(anonymous_0)
FN:47,(anonymous_1)
FN:62,(anonymous_2)
FN:63,(anonymous_3)
FN:72,(anonymous_4)
FN:90,(anonymous_5)
FN:118,(anonymous_6)
FN:128,(anonymous_7)
FN:143,(anonymous_8)
FN:145,(anonymous_9)
FN:155,(anonymous_10)
FN:183,(anonymous_11)
FN:193,(anonymous_12)
FN:208,(anonymous_13)
FN:210,(anonymous_14)
FN:220,(anonymous_15)
FN:238,(anonymous_16)
FN:240,(anonymous_17)
FN:262,(anonymous_18)
FN:273,(anonymous_19)
FN:293,(anonymous_20)
FN:295,(anonymous_21)
FN:317,(anonymous_22)
FN:328,(anonymous_23)
FN:331,(anonymous_24)
FN:335,(anonymous_25)
FN:338,(anonymous_26)
FN:342,(anonymous_27)
FN:347,(anonymous_28)
FN:354,(anonymous_29)
FN:356,(anonymous_30)
FN:363,(anonymous_31)
FN:365,(anonymous_32)
FN:370,(anonymous_33)
FN:371,(anonymous_34)
FN:374,(anonymous_35)
FN:379,(anonymous_36)
FN:385,(anonymous_37)
FN:393,(anonymous_38)
FN:394,(anonymous_39)
FN:400,(anonymous_40)
FN:401,(anonymous_41)
FN:409,(anonymous_42)
FNF:43
FNH:0
FNDA:0,(anonymous_0)
FNDA:0,(anonymous_1)
FNDA:0,(anonymous_2)
FNDA:0,(anonymous_3)
FNDA:0,(anonymous_4)
FNDA:0,(anonymous_5)
FNDA:0,(anonymous_6)
FNDA:0,(anonymous_7)
FNDA:0,(anonymous_8)
FNDA:0,(anonymous_9)
FNDA:0,(anonymous_10)
FNDA:0,(anonymous_11)
FNDA:0,(anonymous_12)
FNDA:0,(anonymous_13)
FNDA:0,(anonymous_14)
FNDA:0,(anonymous_15)
FNDA:0,(anonymous_16)
FNDA:0,(anonymous_17)
FNDA:0,(anonymous_18)
FNDA:0,(anonymous_19)
FNDA:0,(anonymous_20)
FNDA:0,(anonymous_21)
FNDA:0,(anonymous_22)
FNDA:0,(anonymous_23)
FNDA:0,(anonymous_24)
FNDA:0,(anonymous_25)
FNDA:0,(anonymous_26)
FNDA:0,(anonymous_27)
FNDA:0,(anonymous_28)
FNDA:0,(anonymous_29)
FNDA:0,(anonymous_30)
FNDA:0,(anonymous_31)
FNDA:0,(anonymous_32)
FNDA:0,(anonymous_33)
FNDA:0,(anonymous_34)
FNDA:0,(anonymous_35)
FNDA:0,(anonymous_36)
FNDA:0,(anonymous_37)
FNDA:0,(anonymous_38)
FNDA:0,(anonymous_39)
FNDA:0,(anonymous_40)
FNDA:0,(anonymous_41)
FNDA:0,(anonymous_42)
DA:40,0
DA:48,0
DA:49,0
DA:51,0
DA:53,0
DA:54,0
DA:60,0
DA:62,0
DA:63,0
DA:65,0
DA:67,0
DA:68,0
DA:73,0
DA:74,0
DA:76,0
DA:77,0
DA:82,0
DA:84,0
DA:86,0
DA:91,0
DA:92,0
DA:93,0
DA:94,0
DA:97,0
DA:99,0
DA:100,0
DA:103,0
DA:110,0
DA:112,0
DA:113,0
DA:115,0
DA:118,0
DA:121,0
DA:123,0
DA:124,0
DA:129,0
DA:130,0
DA:132,0
DA:133,0
DA:141,0
DA:143,0
DA:145,0
DA:148,0
DA:150,0
DA:151,0
DA:156,0
DA:157,0
DA:158,0
DA:159,0
DA:162,0
DA:164,0
DA:165,0
DA:168,0
DA:175,0
DA:177,0
DA:178,0
DA:180,0
DA:183,0
DA:186,0
DA:188,0
DA:189,0
DA:194,0
DA:195,0
DA:197,0
DA:198,0
DA:206,0
DA:208,0
DA:210,0
DA:213,0
DA:215,0
DA:216,0
DA:221,0
DA:222,0
DA:224,0
DA:226,0
DA:227,0
DA:228,0
DA:236,0
DA:238,0
DA:241,0
DA:249,0
DA:260,0
DA:262,0
DA:266,0
DA:268,0
DA:269,0
DA:274,0
DA:275,0
DA:277,0
DA:278,0
DA:279,0
DA:281,0
DA:282,0
DA:283,0
DA:291,0
DA:293,0
DA:296,0
DA:304,0
DA:315,0
DA:317,0
DA:321,0
DA:323,0
DA:324,0
DA:329,0
DA:330,0
DA:331,0
DA:336,0
DA:337,0
DA:338,0
DA:343,0
DA:344,0
DA:345,0
DA:346,0
DA:348,0
DA:355,0
DA:357,0
DA:364,0
DA:365,0
DA:367,0
DA:371,0
DA:372,0
DA:374,0
DA:375,0
DA:379,0
DA:380,0
DA:381,0
DA:384,0
DA:385,0
DA:387,0
DA:389,0
DA:392,0
DA:393,0
DA:394,0
DA:396,0
DA:401,0
DA:402,0
DA:403,0
DA:410,0
LF:138
LH:0
BRDA:49,0,0,0
BRDA:49,0,1,0
BRDA:60,1,0,0
BRDA:60,1,1,0
BRDA:62,2,0,0
BRDA:62,2,1,0
BRDA:63,3,0,0
BRDA:63,3,1,0
BRDA:74,4,0,0
BRDA:74,4,1,0
BRDA:82,5,0,0
BRDA:82,5,1,0
BRDA:84,6,0,0
BRDA:84,6,1,0
BRDA:92,7,0,0
BRDA:92,7,1,0
BRDA:99,8,0,0
BRDA:99,8,1,0
BRDA:110,9,0,0
BRDA:110,9,1,0
BRDA:112,10,0,0
BRDA:112,10,1,0
BRDA:130,11,0,0
BRDA:130,11,1,0
BRDA:141,12,0,0
BRDA:141,12,1,0
BRDA:145,13,0,0
BRDA:145,13,1,0
BRDA:157,14,0,0
BRDA:157,14,1,0
BRDA:164,15,0,0
BRDA:164,15,1,0
BRDA:175,16,0,0
BRDA:175,16,1,0
BRDA:177,17,0,0
BRDA:177,17,1,0
BRDA:195,18,0,0
BRDA:195,18,1,0
BRDA:206,19,0,0
BRDA:206,19,1,0
BRDA:210,20,0,0
BRDA:210,20,1,0
BRDA:222,21,0,0
BRDA:222,21,1,0
BRDA:227,22,0,0
BRDA:227,22,1,0
BRDA:236,23,0,0
BRDA:236,23,1,0
BRDA:242,24,0,0
BRDA:242,24,1,0
BRDA:242,24,2,0
BRDA:260,25,0,0
BRDA:260,25,1,0
BRDA:275,26,0,0
BRDA:275,26,1,0
BRDA:277,27,0,0
BRDA:277,27,1,0
BRDA:278,28,0,0
BRDA:278,28,1,0
BRDA:282,29,0,0
BRDA:282,29,1,0
BRDA:291,30,0,0
BRDA:291,30,1,0
BRDA:297,31,0,0
BRDA:297,31,1,0
BRDA:297,31,2,0
BRDA:315,32,0,0
BRDA:315,32,1,0
BRDA:331,33,0,0
BRDA:331,33,1,0
BRDA:338,34,0,0
BRDA:338,34,1,0
BRDA:344,35,0,0
BRDA:344,35,1,0
BRDA:345,36,0,0
BRDA:345,36,1,0
BRDA:348,37,0,0
BRDA:348,37,1,0
BRDA:348,37,2,0
BRDA:357,38,0,0
BRDA:357,38,1,0
BRDA:357,38,2,0
BRDA:365,39,0,0
BRDA:365,39,1,0
BRDA:367,40,0,0
BRDA:367,40,1,0
BRDA:372,41,0,0
BRDA:372,41,1,0
BRDA:374,42,0,0
BRDA:374,42,1,0
BRDA:375,43,0,0
BRDA:375,43,1,0
BRDA:380,44,0,0
BRDA:380,44,1,0
BRDA:387,45,0,0
BRDA:387,45,1,0
BRDA:387,46,0,0
BRDA:387,46,1,0
BRDA:396,47,0,0
BRDA:396,47,1,0
BRDA:402,48,0,0
BRDA:402,48,1,0
BRF:102
BRH:0
end_of_record
TN:
SF:src\stores\recommendationStore.ts
FN:35,(anonymous_0)
FN:36,(anonymous_1)
FN:43,(anonymous_2)
FN:48,(anonymous_3)
FN:55,(anonymous_4)
FN:60,(anonymous_5)
FN:62,(anonymous_6)
FN:67,(anonymous_7)
FN:72,(anonymous_8)
FN:79,(anonymous_9)
FN:84,(anonymous_10)
FN:88,(anonymous_11)
FN:96,(anonymous_12)
FN:101,(anonymous_13)
FN:103,(anonymous_14)
FN:104,(anonymous_15)
FN:109,(anonymous_16)
FN:117,(anonymous_17)
FN:178,(anonymous_18)
FN:195,(anonymous_19)
FN:207,(anonymous_20)
FN:229,(anonymous_21)
FN:241,(anonymous_22)
FN:267,(anonymous_23)
FN:268,(anonymous_24)
FN:269,(anonymous_25)
FN:284,(anonymous_26)
FN:306,(anonymous_27)
FN:323,(anonymous_28)
FN:336,(anonymous_29)
FN:337,(anonymous_30)
FN:349,(anonymous_31)
FN:354,(anonymous_32)
FN:365,(anonymous_33)
FN:366,(anonymous_34)
FN:379,(anonymous_35)
FN:393,(anonymous_36)
FN:408,(anonymous_37)
FN:410,(anonymous_38)
FN:421,(anonymous_39)
FN:424,(anonymous_40)
FN:448,(anonymous_41)
FN:459,(anonymous_42)
FN:463,(anonymous_43)
FN:464,(anonymous_44)
FN:465,(anonymous_45)
FN:476,(anonymous_46)
FN:482,(anonymous_47)
FNF:48
FNH:11
FNDA:4,(anonymous_0)
FNDA:4,(anonymous_1)
FNDA:0,(anonymous_2)
FNDA:0,(anonymous_3)
FNDA:0,(anonymous_4)
FNDA:0,(anonymous_5)
FNDA:0,(anonymous_6)
FNDA:0,(anonymous_7)
FNDA:0,(anonymous_8)
FNDA:0,(anonymous_9)
FNDA:0,(anonymous_10)
FNDA:0,(anonymous_11)
FNDA:3,(anonymous_12)
FNDA:2,(anonymous_13)
FNDA:4,(anonymous_14)
FNDA:3,(anonymous_15)
FNDA:1,(anonymous_16)
FNDA:4,(anonymous_17)
FNDA:0,(anonymous_18)
FNDA:0,(anonymous_19)
FNDA:0,(anonymous_20)
FNDA:0,(anonymous_21)
FNDA:2,(anonymous_22)
FNDA:1,(anonymous_23)
FNDA:0,(anonymous_24)
FNDA:1,(anonymous_25)
FNDA:0,(anonymous_26)
FNDA:0,(anonymous_27)
FNDA:0,(anonymous_28)
FNDA:0,(anonymous_29)
FNDA:0,(anonymous_30)
FNDA:0,(anonymous_31)
FNDA:0,(anonymous_32)
FNDA:0,(anonymous_33)
FNDA:0,(anonymous_34)
FNDA:0,(anonymous_35)
FNDA:0,(anonymous_36)
FNDA:0,(anonymous_37)
FNDA:0,(anonymous_38)
FNDA:0,(anonymous_39)
FNDA:0,(anonymous_40)
FNDA:0,(anonymous_41)
FNDA:0,(anonymous_42)
FNDA:0,(anonymous_43)
FNDA:0,(anonymous_44)
FNDA:0,(anonymous_45)
FNDA:0,(anonymous_46)
FNDA:0,(anonymous_47)
DA:35,1
DA:36,4
DA:43,1
DA:48,0
DA:49,0
DA:55,1
DA:60,0
DA:61,0
DA:62,0
DA:67,1
DA:72,0
DA:73,0
DA:79,1
DA:84,0
DA:85,0
DA:89,0
DA:96,1
DA:101,3
DA:102,3
DA:103,3
DA:104,4
DA:106,3
DA:109,1
DA:118,4
DA:119,4
DA:120,4
DA:123,4
DA:124,4
DA:125,4
DA:126,1
DA:127,1
DA:130,3
DA:132,3
DA:134,3
DA:147,2
DA:159,2
DA:160,2
DA:162,2
DA:163,2
DA:165,2
DA:173,1
DA:174,1
DA:179,0
DA:180,0
DA:182,0
DA:183,0
DA:193,0
DA:195,0
DA:200,0
DA:202,0
DA:203,0
DA:208,0
DA:209,0
DA:211,0
DA:212,0
DA:218,0
DA:219,0
DA:220,0
DA:223,0
DA:225,0
DA:226,0
DA:229,0
DA:234,0
DA:236,0
DA:237,0
DA:242,2
DA:243,2
DA:245,2
DA:247,2
DA:250,2
DA:253,2
DA:254,1
DA:255,1
DA:258,1
DA:259,0
DA:260,0
DA:263,1
DA:267,1
DA:268,1
DA:269,1
DA:270,1
DA:277,1
DA:279,1
DA:280,1
DA:285,0
DA:286,0
DA:288,0
DA:289,0
DA:298,0
DA:301,0
DA:306,0
DA:307,0
DA:308,0
DA:309,0
DA:316,0
DA:318,0
DA:319,0
DA:324,0
DA:325,0
DA:327,0
DA:328,0
DA:334,0
DA:336,0
DA:337,0
DA:338,0
DA:345,0
DA:350,0
DA:351,0
DA:354,0
DA:355,0
DA:357,0
DA:358,0
DA:363,0
DA:365,0
DA:366,0
DA:367,0
DA:369,0
DA:375,0
DA:380,0
DA:381,0
DA:383,0
DA:384,0
DA:391,0
DA:393,0
DA:394,0
DA:395,0
DA:397,0
DA:404,0
DA:409,0
DA:410,0
DA:412,0
DA:422,0
DA:423,0
DA:424,0
DA:425,0
DA:426,0
DA:427,0
DA:438,0
DA:449,0
DA:460,0
DA:461,0
DA:463,0
DA:464,0
DA:465,0
DA:466,0
DA:476,0
DA:477,0
DA:478,0
DA:483,0
LF:149
LH:49
BRDA:38,0,0,4
BRDA:38,0,1,0
BRDA:39,1,0,0
BRDA:39,1,1,4
BRDA:49,2,0,0
BRDA:49,2,1,0
BRDA:61,3,0,0
BRDA:61,3,1,0
BRDA:73,4,0,0
BRDA:73,4,1,0
BRDA:85,5,0,0
BRDA:85,5,1,0
BRDA:89,6,0,0
BRDA:89,6,1,0
BRDA:104,7,0,3
BRDA:104,7,1,2
BRDA:117,8,0,1
BRDA:118,9,0,1
BRDA:120,10,0,0
BRDA:120,10,1,4
BRDA:125,11,0,1
BRDA:125,11,1,3
BRDA:125,12,0,4
BRDA:125,12,1,1
BRDA:125,12,2,1
BRDA:159,13,0,0
BRDA:159,13,1,2
BRDA:160,14,0,0
BRDA:160,14,1,2
BRDA:162,15,0,2
BRDA:162,15,1,0
BRDA:163,16,0,2
BRDA:163,16,1,0
BRDA:180,17,0,0
BRDA:180,17,1,0
BRDA:193,18,0,0
BRDA:193,18,1,0
BRDA:218,19,0,0
BRDA:218,19,1,0
BRDA:225,20,0,0
BRDA:225,20,1,0
BRDA:243,21,0,0
BRDA:243,21,1,2
BRDA:253,22,0,1
BRDA:253,22,1,1
BRDA:258,23,0,0
BRDA:258,23,1,1
BRDA:286,24,0,0
BRDA:286,24,1,0
BRDA:298,25,0,0
BRDA:298,25,1,0
BRDA:325,26,0,0
BRDA:325,26,1,0
BRDA:334,27,0,0
BRDA:334,27,1,0
BRDA:351,28,0,0
BRDA:351,28,1,0
BRDA:355,29,0,0
BRDA:355,29,1,0
BRDA:355,30,0,0
BRDA:355,30,1,0
BRDA:363,31,0,0
BRDA:363,31,1,0
BRDA:367,32,0,0
BRDA:367,32,1,0
BRDA:381,33,0,0
BRDA:381,33,1,0
BRDA:391,34,0,0
BRDA:391,34,1,0
BRDA:410,35,0,0
BRDA:410,35,1,0
BRDA:423,36,0,0
BRDA:423,36,1,0
BRDA:461,37,0,0
BRDA:461,37,1,0
BRF:75
BRH:20
end_of_record
TN:
SF:src\stores\voteStore.ts
FN:23,(anonymous_0)
FN:25,(anonymous_1)
FN:29,(anonymous_2)
FN:31,(anonymous_3)
FN:33,(anonymous_4)
FN:39,(anonymous_5)
FN:59,(anonymous_6)
FN:88,(anonymous_7)
FN:108,(anonymous_8)
FNF:9
FNH:0
FNDA:0,(anonymous_0)
FNDA:0,(anonymous_1)
FNDA:0,(anonymous_2)
FNDA:0,(anonymous_3)
FNDA:0,(anonymous_4)
FNDA:0,(anonymous_5)
FNDA:0,(anonymous_6)
FNDA:0,(anonymous_7)
FNDA:0,(anonymous_8)
DA:23,0
DA:25,0
DA:29,0
DA:31,0
DA:34,0
DA:35,0
DA:38,0
DA:39,0
DA:41,0
DA:51,0
DA:52,0
DA:56,0
DA:60,0
DA:63,0
DA:65,0
DA:68,0
DA:74,0
DA:75,0
DA:77,0
DA:78,0
DA:79,0
DA:80,0
DA:81,0
DA:84,0
DA:85,0
DA:88,0
DA:94,0
DA:96,0
DA:103,0
DA:104,0
DA:105,0
DA:106,0
DA:108,0
LF:33
LH:0
BRDA:35,0,0,0
BRDA:35,0,1,0
BRDA:51,1,0,0
BRDA:51,1,1,0
BRDA:60,2,0,0
BRDA:60,2,1,0
BRDA:74,3,0,0
BRDA:74,3,1,0
BRDA:74,4,0,0
BRDA:74,4,1,0
BRDA:79,5,0,0
BRDA:79,5,1,0
BRDA:94,6,0,0
BRDA:94,6,1,0
BRDA:103,7,0,0
BRDA:103,7,1,0
BRDA:103,8,0,0
BRDA:103,8,1,0
BRF:18
BRH:0
end_of_record
TN:
SF:src\styles\detailScreenStyles.ts
FNF:0
FNH:0
DA:4,0
LF:1
LH:0
BRF:0
BRH:0
end_of_record
TN:
SF:src\types\homeScreen.types.ts
FNF:0
FNH:0
DA:60,0
DA:66,0
LF:2
LH:0
BRF:0
BRH:0
end_of_record
TN:
SF:src\types\movieDetail.types.ts
FNF:0
FNH:0
DA:56,0
DA:79,0
DA:80,0
DA:82,0
DA:84,0
DA:86,0
DA:88,0
LF:7
LH:0
BRF:0
BRH:0
end_of_record
TN:
SF:src\types\recommendations.types.ts
FN:21,(anonymous_0)
FNF:1
FNH:0
FNDA:0,(anonymous_0)
DA:21,1
DA:22,0
DA:46,1
DA:54,1
DA:56,1
DA:61,1
LF:6
LH:5
BRF:0
BRH:0
end_of_record
TN:
SF:src\types\tvDetail.types.ts
FNF:0
FNH:0
DA:83,0
DA:98,0
DA:100,0
DA:102,0
LF:4
LH:0
BRF:0
BRH:0
end_of_record
TN:
SF:src\utils\contentLoader.utils.ts
FN:19,(anonymous_0)
FN:48,(anonymous_1)
FN:61,(anonymous_2)
FN:76,(anonymous_3)
FN:91,fetchContent
FN:116,(anonymous_5)
FN:125,(anonymous_6)
FN:131,(anonymous_7)
FN:137,(anonymous_8)
FN:164,(anonymous_9)
FN:168,(anonymous_10)
FN:170,(anonymous_11)
FN:172,(anonymous_12)
FN:174,(anonymous_13)
FN:181,(anonymous_14)
FN:184,(anonymous_15)
FN:186,(anonymous_16)
FN:188,(anonymous_17)
FN:190,(anonymous_18)
FNF:19
FNH:0
FNDA:0,(anonymous_0)
FNDA:0,(anonymous_1)
FNDA:0,(anonymous_2)
FNDA:0,(anonymous_3)
FNDA:0,fetchContent
FNDA:0,(anonymous_5)
FNDA:0,(anonymous_6)
FNDA:0,(anonymous_7)
FNDA:0,(anonymous_8)
FNDA:0,(anonymous_9)
FNDA:0,(anonymous_10)
FNDA:0,(anonymous_11)
FNDA:0,(anonymous_12)
FNDA:0,(anonymous_13)
FNDA:0,(anonymous_14)
FNDA:0,(anonymous_15)
FNDA:0,(anonymous_16)
FNDA:0,(anonymous_17)
FNDA:0,(anonymous_18)
DA:19,0
DA:20,0
DA:23,0
DA:24,0
DA:25,0
DA:28,0
DA:33,0
DA:34,0
DA:37,0
DA:38,0
DA:39,0
DA:41,0
DA:45,0
DA:48,0
DA:54,0
DA:61,0
DA:66,0
DA:70,0
DA:76,0
DA:81,0
DA:85,0
DA:97,0
DA:98,0
DA:101,0
DA:102,0
DA:109,0
DA:116,0
DA:120,0
DA:125,0
DA:129,0
DA:131,0
DA:135,0
DA:137,0
DA:142,0
DA:143,0
DA:146,0
DA:147,0
DA:148,0
DA:149,0
DA:152,0
DA:157,0
DA:159,0
DA:160,0
DA:164,0
DA:168,0
DA:170,0
DA:172,0
DA:174,0
DA:180,0
DA:181,0
DA:184,0
DA:186,0
DA:188,0
DA:190,0
LF:54
LH:0
BRDA:24,0,0,0
BRDA:24,0,1,0
BRDA:24,1,0,0
BRDA:24,1,1,0
BRDA:33,2,0,0
BRDA:33,2,1,0
BRDA:37,3,0,0
BRDA:37,3,1,0
BRDA:38,4,0,0
BRDA:38,4,1,0
BRDA:52,5,0,0
BRDA:55,6,0,0
BRDA:55,6,1,0
BRDA:55,6,2,0
BRDA:66,7,0,0
BRDA:66,7,1,0
BRDA:81,8,0,0
BRDA:81,8,1,0
BRDA:97,9,0,0
BRDA:97,9,1,0
BRDA:101,10,0,0
BRDA:101,10,1,0
BRDA:122,11,0,0
BRDA:122,11,1,0
BRDA:129,12,0,0
BRDA:129,12,1,0
BRDA:135,13,0,0
BRDA:135,13,1,0
BRDA:135,13,2,0
BRDA:142,14,0,0
BRDA:142,14,1,0
BRDA:148,15,0,0
BRDA:148,15,1,0
BRDA:154,16,0,0
BRDA:154,16,1,0
BRDA:181,17,0,0
BRDA:181,17,1,0
BRF:37
BRH:0
end_of_record
TN:
SF:src\utils\movieDetail.utils.ts
FN:22,(anonymous_0)
FN:24,(anonymous_1)
FN:35,(anonymous_2)
FN:39,(anonymous_3)
FN:44,(anonymous_4)
FN:60,(anonymous_5)
FN:65,(anonymous_6)
FN:68,(anonymous_7)
FN:73,(anonymous_8)
FN:76,(anonymous_9)
FN:80,(anonymous_10)
FN:84,(anonymous_11)
FN:85,(anonymous_12)
FN:88,(anonymous_13)
FN:93,(anonymous_14)
FN:100,(anonymous_15)
FN:114,(anonymous_16)
FN:118,(anonymous_17)
FN:139,(anonymous_18)
FN:159,(anonymous_19)
FN:189,(anonymous_20)
FN:193,(anonymous_21)
FNF:22
FNH:0
FNDA:0,(anonymous_0)
FNDA:0,(anonymous_1)
FNDA:0,(anonymous_2)
FNDA:0,(anonymous_3)
FNDA:0,(anonymous_4)
FNDA:0,(anonymous_5)
FNDA:0,(anonymous_6)
FNDA:0,(anonymous_7)
FNDA:0,(anonymous_8)
FNDA:0,(anonymous_9)
FNDA:0,(anonymous_10)
FNDA:0,(anonymous_11)
FNDA:0,(anonymous_12)
FNDA:0,(anonymous_13)
FNDA:0,(anonymous_14)
FNDA:0,(anonymous_15)
FNDA:0,(anonymous_16)
FNDA:0,(anonymous_17)
FNDA:0,(anonymous_18)
FNDA:0,(anonymous_19)
FNDA:0,(anonymous_20)
FNDA:0,(anonymous_21)
DA:22,0
DA:23,0
DA:25,0
DA:30,0
DA:31,0
DA:34,0
DA:35,0
DA:39,0
DA:40,0
DA:41,0
DA:44,0
DA:47,0
DA:53,0
DA:60,0
DA:64,0
DA:65,0
DA:68,0
DA:72,0
DA:73,0
DA:76,0
DA:77,0
DA:80,0
DA:81,0
DA:84,0
DA:85,0
DA:88,0
DA:89,0
DA:90,0
DA:93,0
DA:94,0
DA:95,0
DA:96,0
DA:97,0
DA:100,0
DA:104,0
DA:105,0
DA:107,0
DA:108,0
DA:111,0
DA:114,0
DA:115,0
DA:118,0
DA:122,0
DA:124,0
DA:131,0
DA:132,0
DA:133,0
DA:136,0
DA:139,0
DA:142,0
DA:144,0
DA:151,0
DA:152,0
DA:153,0
DA:156,0
DA:159,0
DA:162,0
DA:164,0
DA:165,0
DA:173,0
DA:174,0
DA:175,0
DA:176,0
DA:178,0
DA:181,0
DA:183,0
DA:184,0
DA:185,0
DA:189,0
DA:190,0
DA:193,0
DA:194,0
DA:195,0
DA:196,0
LF:74
LH:0
BRDA:25,0,0,0
BRDA:25,0,1,0
BRDA:25,0,2,0
BRDA:30,1,0,0
BRDA:30,1,1,0
BRDA:35,2,0,0
BRDA:35,2,1,0
BRDA:41,3,0,0
BRDA:41,3,1,0
BRDA:64,4,0,0
BRDA:64,4,1,0
BRDA:72,5,0,0
BRDA:72,5,1,0
BRDA:89,6,0,0
BRDA:89,6,1,0
BRDA:94,7,0,0
BRDA:94,7,1,0
BRDA:107,8,0,0
BRDA:107,8,1,0
BRDA:107,9,0,0
BRDA:107,9,1,0
BRDA:111,10,0,0
BRDA:111,10,1,0
BRDA:122,11,0,0
BRDA:122,11,1,0
BRDA:131,12,0,0
BRDA:131,12,1,0
BRDA:136,13,0,0
BRDA:136,13,1,0
BRDA:142,14,0,0
BRDA:142,14,1,0
BRDA:151,15,0,0
BRDA:151,15,1,0
BRDA:156,16,0,0
BRDA:156,16,1,0
BRDA:170,17,0,0
BRDA:170,17,1,0
BRDA:173,18,0,0
BRDA:173,18,1,0
BRDA:175,19,0,0
BRDA:175,19,1,0
BRDA:183,20,0,0
BRDA:183,20,1,0
BRDA:190,21,0,0
BRDA:190,21,1,0
BRDA:194,22,0,0
BRDA:194,22,1,0
BRDA:196,23,0,0
BRDA:196,23,1,0
BRF:49
BRH:0
end_of_record
TN:
SF:src\utils\recommendations.utils.ts
FN:17,(anonymous_0)
FN:43,(anonymous_1)
FN:65,(anonymous_2)
FN:79,(anonymous_3)
FN:83,(anonymous_4)
FN:87,(anonymous_5)
FN:93,(anonymous_6)
FN:99,(anonymous_7)
FN:107,(anonymous_8)
FN:115,(anonymous_9)
FN:126,(anonymous_10)
FN:132,(anonymous_11)
FN:138,(anonymous_12)
FN:144,(anonymous_13)
FN:155,(anonymous_14)
FN:162,(anonymous_15)
FN:169,(anonymous_16)
FN:175,(anonymous_17)
FN:179,(anonymous_18)
FNF:19
FNH:0
FNDA:0,(anonymous_0)
FNDA:0,(anonymous_1)
FNDA:0,(anonymous_2)
FNDA:0,(anonymous_3)
FNDA:0,(anonymous_4)
FNDA:0,(anonymous_5)
FNDA:0,(anonymous_6)
FNDA:0,(anonymous_7)
FNDA:0,(anonymous_8)
FNDA:0,(anonymous_9)
FNDA:0,(anonymous_10)
FNDA:0,(anonymous_11)
FNDA:0,(anonymous_12)
FNDA:0,(anonymous_13)
FNDA:0,(anonymous_14)
FNDA:0,(anonymous_15)
FNDA:0,(anonymous_16)
FNDA:0,(anonymous_17)
FNDA:0,(anonymous_18)
DA:17,0
DA:21,0
DA:22,0
DA:23,0
DA:24,0
DA:25,0
DA:31,0
DA:32,0
DA:33,0
DA:38,0
DA:39,0
DA:43,0
DA:47,0
DA:50,0
DA:52,0
DA:53,0
DA:55,0
DA:56,0
DA:65,0
DA:66,0
DA:67,0
DA:70,0
DA:72,0
DA:73,0
DA:76,0
DA:79,0
DA:80,0
DA:83,0
DA:84,0
DA:87,0
DA:90,0
DA:93,0
DA:96,0
DA:99,0
DA:102,0
DA:103,0
DA:104,0
DA:107,0
DA:110,0
DA:111,0
DA:112,0
DA:115,0
DA:120,0
DA:121,0
DA:125,0
DA:126,0
DA:129,0
DA:132,0
DA:137,0
DA:138,0
DA:141,0
DA:144,0
DA:149,0
DA:150,0
DA:152,0
DA:155,0
DA:159,0
DA:162,0
DA:166,0
DA:169,0
DA:172,0
DA:175,0
DA:176,0
DA:179,0
DA:180,0
LF:65
LH:0
BRDA:22,0,0,0
BRDA:22,0,1,0
BRDA:24,1,0,0
BRDA:24,1,1,0
BRDA:32,2,0,0
BRDA:32,2,1,0
BRDA:55,3,0,0
BRDA:55,3,1,0
BRDA:55,4,0,0
BRDA:55,4,1,0
BRDA:84,5,0,0
BRDA:84,5,1,0
BRDA:103,6,0,0
BRDA:103,6,1,0
BRDA:111,7,0,0
BRDA:111,7,1,0
BRDA:120,8,0,0
BRDA:120,8,1,0
BRDA:126,9,0,0
BRDA:126,9,1,0
BRDA:129,10,0,0
BRDA:129,10,1,0
BRDA:138,11,0,0
BRDA:138,11,1,0
BRDA:141,12,0,0
BRDA:141,12,1,0
BRDA:149,13,0,0
BRDA:149,13,1,0
BRDA:152,14,0,0
BRDA:152,14,1,0
BRDA:159,15,0,0
BRDA:159,15,1,0
BRDA:166,16,0,0
BRDA:166,16,1,0
BRDA:180,17,0,0
BRDA:180,17,1,0
BRF:36
BRH:0
end_of_record
TN:
SF:src\utils\tvDetail.utils.ts
FN:19,(anonymous_0)
FN:21,(anonymous_1)
FN:28,(anonymous_2)
FN:32,(anonymous_3)
FN:37,(anonymous_4)
FN:53,(anonymous_5)
FN:61,(anonymous_6)
FN:66,(anonymous_7)
FN:70,(anonymous_8)
FN:75,(anonymous_9)
FN:81,(anonymous_10)
FN:85,(anonymous_11)
FN:88,(anonymous_12)
FN:93,(anonymous_13)
FN:97,(anonymous_14)
FN:98,(anonymous_15)
FN:101,(anonymous_16)
FN:108,(anonymous_17)
FN:112,(anonymous_18)
FN:119,(anonymous_19)
FN:125,(anonymous_20)
FN:131,(anonymous_21)
FN:135,(anonymous_22)
FNF:23
FNH:0
FNDA:0,(anonymous_0)
FNDA:0,(anonymous_1)
FNDA:0,(anonymous_2)
FNDA:0,(anonymous_3)
FNDA:0,(anonymous_4)
FNDA:0,(anonymous_5)
FNDA:0,(anonymous_6)
FNDA:0,(anonymous_7)
FNDA:0,(anonymous_8)
FNDA:0,(anonymous_9)
FNDA:0,(anonymous_10)
FNDA:0,(anonymous_11)
FNDA:0,(anonymous_12)
FNDA:0,(anonymous_13)
FNDA:0,(anonymous_14)
FNDA:0,(anonymous_15)
FNDA:0,(anonymous_16)
FNDA:0,(anonymous_17)
FNDA:0,(anonymous_18)
FNDA:0,(anonymous_19)
FNDA:0,(anonymous_20)
FNDA:0,(anonymous_21)
FNDA:0,(anonymous_22)
DA:19,0
DA:20,0
DA:22,0
DA:27,0
DA:28,0
DA:32,0
DA:33,0
DA:34,0
DA:37,0
DA:40,0
DA:46,0
DA:53,0
DA:57,0
DA:58,0
DA:61,0
DA:62,0
DA:63,0
DA:66,0
DA:67,0
DA:70,0
DA:73,0
DA:75,0
DA:81,0
DA:84,0
DA:85,0
DA:88,0
DA:91,0
DA:92,0
DA:93,0
DA:97,0
DA:98,0
DA:101,0
DA:105,0
DA:108,0
DA:109,0
DA:112,0
DA:116,0
DA:119,0
DA:120,0
DA:121,0
DA:122,0
DA:125,0
DA:128,0
DA:131,0
DA:132,0
DA:135,0
LF:46
LH:0
BRDA:22,0,0,0
BRDA:22,0,1,0
BRDA:22,0,2,0
BRDA:27,1,0,0
BRDA:27,1,1,0
BRDA:28,2,0,0
BRDA:28,2,1,0
BRDA:34,3,0,0
BRDA:34,3,1,0
BRDA:62,4,0,0
BRDA:62,4,1,0
BRDA:73,5,0,0
BRDA:73,5,1,0
BRDA:84,6,0,0
BRDA:84,6,1,0
BRDA:84,7,0,0
BRDA:84,7,1,0
BRDA:91,8,0,0
BRDA:91,8,1,0
BRDA:103,9,0,0
BRDA:114,10,0,0
BRDA:120,11,0,0
BRDA:120,11,1,0
BRDA:122,12,0,0
BRDA:122,12,1,0
BRDA:128,13,0,0
BRDA:128,13,1,0
BRF:27
BRH:0
end_of_record
